<?xml version="1.0" encoding="UTF-8" ?>
<STEP-ProductInformation xmlns="http://www.stibosystems.com/step" xmlns:xsi="http://www.w3.org/2001/XMLSchema-instance" xsi:schemaLocation="http://www.stibosystems.com/step PIM.xsd" ExportTime="2021-04-15 15:34:39" ExportContext="EN-US All USA" ContextID="EN-US All USA" WorkspaceID="Main" UseContextLocale="false">
  <AttributeList>
    <Attribute ID="asset.size" MultiValued="false" ProductMode="Property" FullTextIndexed="false"
               ExternallyMaintained="false" Derived="false" Referenced="true" Mandatory="false">
      <Name>asset.size</Name>
    </Attribute>
    <Attribute ID="asset.size.test" MultiValued="false" ProductMode="Property" FullTextIndexed="false"
               ExternallyMaintained="false" Derived="false" Referenced="true" Mandatory="false">
      <Name>asset.size.test</Name>
    </Attribute>
  </AttributeList>
  <ListsOfValues>
  <ListOfValue ID="LOV136" ParentID="List Of Values group root" AllowUserValueAddition="false" UseValueID="false" Referenced="true">
    <Name>Style</Name>
    <Validation BaseType="text" MinValue="" MaxValue="" MaxLength="100" InputMask=""/>
    <DimensionLink DimensionID="Language"/>
    <Value>Swiveling, Open Eye Spring Snap</Value>
    <Value>Narrow</Value>
    <Value>Crossing</Value>
    <Value>School Shop</Value>
    <Value>Screw Pin</Value>
    <Value>3</Value>
    <Value>Register</Value>
    <Value>Hitch Ring with 3-1/2&quot; Screw Eye</Value>
    <Value>Metric-English</Value>
    <Value>Lever Type, Domestic</Value>
    <Value>Rigid, Round Eye Quick Snap</Value>
    <Value>Eye &amp; Eye</Value>
    <Value>Rigid Eye, Double Sheave</Value>
    <Value>Wire Rope Thimble</Value>
    <Value>Double Extra Slim</Value>
    <Value>Slim</Value>
    <Value>Swiveling, Round Eye Quick Snap</Value>
    <Value>Swivel Eye, Double Sheave</Value>
    <Value>1</Value>
    <Value>Swiveling, Open Eye Bolt Snap</Value>
    <Value>Rigid, Fixed Eye Hook</Value>
    <Value>Half (Octagon Pole)</Value>
    <Value>Equaling</Value>
    <Value>Lever Type, Imported</Value>
    <Value>B</Value>
    <Value>Extra Narrow</Value>
    <Value>Rigid, Round Eye Spring Snap</Value>
    <Value>Latched, Snap Hook</Value>
    <Value>Swiveling, Round Eye Trigger Snap</Value>
    <Value>Steel Ring</Value>
    <Value>Blacksmiths</Value>
    <Value>Hook &amp; Eye</Value>
    <Value>Doyle Log</Value>
    <Value>Silversmiths Rifflers</Value>
    <Value>S-P</Value>
    <Value>Powerr Unit</Value>
    <Value>2</Value>
    <Value>Brick Mason</Value>
    <Value>Straight Long Nose Plier</Value>
    <Value>Broad</Value>
    <Value>Half Round</Value>
    <Value>Wire Rope Clips (2) w/Thimble (1)</Value>
    <Value>Ratchet Type, Domestic</Value>
    <Value>Ratchet Type, Imported</Value>
    <Value>Bent Long Nose Plier</Value>
    <Value>7</Value>
    <Value>Rope Clamp &amp; Thimble</Value>
    <Value>Ferrules (2) and Stops (2)</Value>
    <Value>One-Piece</Value>
    <Value>Ferrules</Value>
    <Value>Swiveling, Strap Eye Bolt Snap</Value>
    <Value>Soldering Station</Value>
    <Value>Wall/Ceil Mount, Single Sheave</Value>
    <Value>Swiveling, Round Eye Spring Snap</Value>
    <Value>Double Ended Cap Snap</Value>
    <Value>Joist Mount, Single Sheave</Value>
    <Value>Rigid, Round Eye Panic Snap</Value>
    <Value>Round Pin</Value>
    <Value>Knife</Value>
    <Value>Solid Bronze Ring</Value>
    <Value>Rigid, Open Eye Bolt Snap</Value>
    <Value>HD</Value>
    <Value>Double Ended Bolt Snap</Value>
    <Value>Rope Loop</Value>
    <Value>Rigid, Round Eye Cap Snap</Value>
    <Value>10</Value>
    <Value>Swiveling, Strap Eye Trigger Snap</Value>
    <Value>Regular</Value>
    <Value>Circumference</Value>
    <Value>Rigid, Strap Eye Bolt Snap</Value>
    <Value>Bent and Straight Long Reach Pliers</Value>
    <Value>Rigid, Round Eye Bolt Snap</Value>
    <Value>Strap Loop</Value>
    <Value>Extra Slim</Value>
    <Value>Swivel Eye, Single Sheave</Value>
    <Value>Round</Value>
    <Value>Short Leg Structural &quot;GX&quot;</Value>
    <Value>Shingling</Value>
    <Value>Swiveling, Round Eye Bolt Snap</Value>
    <Value>Warding</Value>
    <Value>Flat</Value>
    <Value>Barrette</Value>
    <Value>Swiveling, Round Eye Animal Snap</Value>
    <Value>Rigid, Strap Eye Spring Snap</Value>
    <Value>Three Square</Value>
    <Value>Rigid Eye, Single Sheave</Value>
    <Value>Slitting</Value>
    <Value>Fixed Eye, Double Sheave</Value>
    <Value>Pippin</Value>
    <Value>Rope Clamp, 2 per Bag</Value>
    <Value>Ferrules (2) and Thimble (1)</Value>
    <Value>Breaching Snap</Value>
    <Value>Fixed Eye, Single Sheave</Value>
    <Value>8</Value>
    <Value>Square</Value>
    <Value>Control Unit</Value>
    <Value>California Lath</Value>
    <Value>A</Value>
    <Value>Wire Rope Clip</Value>
    <Value>Ferrules (2) and Thimbles (2)</Value>
    <Value>Regular &quot;GX&quot;</Value>
    <Value>Swiveling, Round Eye Cap Snap</Value>
    <Value>5</Value>
    <Value>Swiveling, Strap Eye Spring Snap</Value>
    <Value>Yardstick</Value>
  </ListOfValue>
  </ListsOfValues>
  <Products>
    <Product ID="SG_10444" UserTypeID="SKU Group" ParentID="TOTHA1V12">
      <Name>4-Wheel-Drive Spindle Nut Wrench - GearWrench</Name>
      <ClassificationReference ClassificationID="IND_12511" Type="stibo.IndexWord"/>
      <ClassificationReference ClassificationID="W2_15840" Type="Web Reference"/>
      <ClassificationReference ClassificationID="W4_722462" Type="Web Reference"/>
      <ClassificationReference ClassificationID="CS_10984" Type="Catalog Reference"/>
      <ClassificationReference ClassificationID="CS_659731" Type="Catalog Reference"/>

      <AssetCrossReference AssetID="GW_3246D_FRNT_MAIN" Type="Primary Image"/>

      <Values>
        <Value AttributeID="ATT17711">Since our beginning, GEARWRENCH automotive specialty tools have been driven by innovation. From our first specialty tool, the Model-T valve spring lifter, to our latest ratcheting puller, we’ve built our reputation with tools that make tough jobs easy.  Most of our products have been upgraded with new improved features like dual material handles designed for a more comfortable grip or dual dipped handles on pliers providing more cushion for your hands. GEARWRENCH automotive specialty tools are proudly made with the finest components under the most stringent manufacturing guidelines. Made for everyday use – guaranteed for life. Better tools mean easier, more efficient work so we constantly evaluate automotive engineering trends allowing us to consistently improve and enhance our tools to better fit professional hands. That’s why they are the first choice for thousands of automotive technicians worldwide.</Value>
        <Value AttributeID="ATT102">Designed for use with a 1/2&quot; square drive tool</Value>
        <Value AttributeID="Brand" ID="T38">GEARWRENCH</Value>
        <Value AttributeID="ATT104">Caution: Not intended for use on power tools</Value>
        <Value AttributeID="ATT103">Works on Ford vehicles with ratcheting type lock nuts on front axle</Value>
        <Value AttributeID="ATT100">Removes spindle nuts on 4-wheel drive vehicles</Value>
        <Value AttributeID="ATT919">4-Wheel-Drive Spindle Nut Wrench</Value>
        <Value AttributeID="ATT101">Uniquely designed lugs for maximum strength</Value>
      </Values>
      <Product ID="2467" UserTypeID="SKU">
        <Name>2467</Name>
        <AssetCrossReference AssetID="GW_2467_IMG_MAIN" Type="Primary Image"/>
        <Values>
          <Value AttributeID="ATT779366">https://www.gearwrench.com/auto-specialty/brake-wheel/gearwrench-2467-1-2-drive-4-lug-4wd-spindle-nut-socket-1-2-to-3-4-ton-dana-44.html</Value>
          <Value AttributeID="ATT799771">GEARWRENCH</Value>
          <Value AttributeID="SAP_SALES_ORG_STATUS" ID="Z2">Active</Value>
          <Value AttributeID="MUSAICON">Yes</Value>
          <Value AttributeID="ATT923">Carded</Value>
          <Value AttributeID="WeightSAP" UnitID="unece.unit.LBR">1.470</Value>
          <Value AttributeID="ATT684644">1/2 to 3/4 Ton Dana 44</Value>
          <MultiValue AttributeID="ATT922">
            <Value UnitID="unece.unit.LBR">1.35</Value>
          </MultiValue>
          <Value AttributeID="ATT17339">No</Value>
          <Value AttributeID="ATT105">4-lug socket for removing and installing 4-slot front axle locknuts on 1986-newer F-series 1/2-ton trucks, full-size Bronco with Dana 44 axle, 1984-92 Ford Ranger, and Bronco II with manual hubs and Dodge trucks</Value>
          <Value AttributeID="Set">No</Value>
          <Value AttributeID="ATT779365">Auto Specialty</Value>
          <Value AttributeID="ATT800719">Socket | Auto Specialty</Value>
          <Value AttributeID="ATT921">1/2&quot; Drive 4-Lug 4WD Spindle Nut Socket 1/2 to 3/4 Ton Dana 44</Value>
          <Value AttributeID="ATT484">1/2 in</Value>
          <Value AttributeID="ATT583415">2011-05-02</Value>
          <Value AttributeID="DeliveryUnit">1</Value>
          <Value AttributeID="ListPrice">33.76</Value>
          <Value AttributeID="Brand" ID="T38">GEARWRENCH</Value>
          <Value AttributeID="ATT180">1/2&quot; Drive 4-Lug 4WD Spindle Nut Socket 1/2 to 3/4 Ton Dana 44</Value>
          <Value AttributeID="SAP Material Status" ID="Z1">Active - No Blocks</Value>
          <Value AttributeID="ForeignTradeCode">8204200000</Value>
          <Value AttributeID="CustomerPrice">33.76</Value>
          <Value AttributeID="ATT159">Black</Value>
          <Value AttributeID="SAP_Description">WR SPNDL NUT 4 WHL DR</Value>
          <Value AttributeID="ATT592">No</Value>
          <Value AttributeID="Table Sort Order">1</Value>
          <Value AttributeID="ATT539">082171024672</Value>
          <Value AttributeID="SalesOrg">1201</Value>
          <Value AttributeID="COO" ID="TW">Taiwan</Value>
          <Value AttributeID="DistChannel">20</Value>
          <Value AttributeID="ATT344">4-Lug 4WD Spindle Nut Socket</Value>
          <MultiValue AttributeID="UnitsOfMeasure">
            <Value>EA;each;1|PC;Piece;1</Value>
          </MultiValue>
          <Value AttributeID="DivCode">20</Value>
          <Value AttributeID="ATT499">Square</Value>
          <Value AttributeID="ATT345">Chrome Vanadium</Value>
          <Value AttributeID="BaseUnitOfMeasure">EA</Value>
          <Value AttributeID="CurrencyCode">USD</Value>
          <Value AttributeID="Catalog Number" Derived="true">2467</Value>
        </Values>
      </Product>
      <Product ID="2770D" UserTypeID="SKU">
        <Name>2770D</Name>
        <AssetCrossReference AssetID="GW_2770D_IMG_MAIN" Type="Primary Image"/>

        <Values>
          <Value AttributeID="ATT779366">https://www.gearwrench.com/auto-specialty/brake-wheel/gearwrench-2770d-1-2-drive-6-lug-4wd-spindle-nut-socket-3-4-to-1-ton-dana-44.html</Value>
          <Value AttributeID="ATT738">12</Value>
          <Value AttributeID="ATT799771">GEARWRENCH</Value>
          <Value AttributeID="SAP_SALES_ORG_STATUS" ID="Z2">Active</Value>
          <Value AttributeID="MUSAICON">Yes</Value>
          <Value AttributeID="ATT923">Carded</Value>
          <Value AttributeID="WeightSAP" UnitID="unece.unit.LBR">1.880</Value>
          <Value AttributeID="ATT684644">1 Ton Dana 44</Value>
          <Value AttributeID="ATT375">6</Value>
          <MultiValue AttributeID="ATT922">
            <Value UnitID="unece.unit.LBR">1.50</Value>
          </MultiValue>
          <Value AttributeID="ATT17339">No</Value>
          <Value AttributeID="ATT105">6-lug socket for removing and installing 4-slot front axle locknuts on 1978-84 Ford F-series 4wd heavy-duty 3/4- and 1-ton trucks; 1973-81 GM 4wd 3/4- and 1-ton trucks</Value>
          <Value AttributeID="Set">No</Value>
          <Value AttributeID="ATT779365">Auto Specialty</Value>
          <Value AttributeID="ATT800719">Socket | Auto Specialty</Value>
          <Value AttributeID="ATT921">1/2&quot; Drive 6-Lug 4WD Spindle Nut Socket 3/4 to 1 Ton Dana 44</Value>
          <Value AttributeID="ATT484">1/2 in</Value>
          <Value AttributeID="CasePackQty">12</Value>
          <Value AttributeID="ATT583415">2011-05-02</Value>
          <Value AttributeID="DeliveryUnit">1</Value>
          <Value AttributeID="ListPrice">45.83</Value>
          <Value AttributeID="Brand" ID="T38">GEARWRENCH</Value>
          <Value AttributeID="ATT180">1/2&quot; Drive 6-Lug 4WD Spindle Nut Socket 3/4 to 1 Ton Dana 44</Value>
          <Value AttributeID="SAP Material Status" ID="Z1">Active - No Blocks</Value>
          <Value AttributeID="ForeignTradeCode">8204200000</Value>
          <Value AttributeID="CustomerPrice">45.83</Value>
          <Value AttributeID="ATT159">Black</Value>
          <Value AttributeID="SAP_Description">WR SPNDL NUT 4 WHL DR</Value>
          <Value AttributeID="ATT592">No</Value>
          <Value AttributeID="Table Sort Order">2</Value>
          <Value AttributeID="ATT539">082171027703</Value>
          <Value AttributeID="SalesOrg">1201</Value>
          <Value AttributeID="COO" ID="TW">Taiwan</Value>
          <Value AttributeID="DistChannel">20</Value>
          <Value AttributeID="ATT344">6-Lug 4WD Spindle Nut Socket</Value>
          <MultiValue AttributeID="UnitsOfMeasure">
            <Value>CP;Case Pack;12|EA;each;1|PC;Piece;1|SF;Shelf Pack;6</Value>
          </MultiValue>
          <Value AttributeID="DivCode">20</Value>
          <Value AttributeID="ATT499">Square</Value>
          <Value AttributeID="ATT345">Chrome Vanadium</Value>
          <Value AttributeID="BaseUnitOfMeasure">EA</Value>
          <Value AttributeID="CurrencyCode">USD</Value>
          <Value AttributeID="Catalog Number" Derived="true">2770D</Value>
        </Values>
      </Product>
      <Product ID="3246D" UserTypeID="SKU">
        <Name>3246D</Name>
        <AssetCrossReference AssetID="GW_3246D_FRNT_MAIN" Type="Primary Image"/>

        <Values>
          <Value AttributeID="ATT779366">https://www.gearwrench.com/auto-specialty/brake-wheel/gearwrench-3246d-1-2-drive-4-lug-4wd-spindle-nut-socket-dana-axle-or-dana-50ifs.html</Value>
          <Value AttributeID="ATT738">12</Value>
          <Value AttributeID="ATT799771">GEARWRENCH</Value>
          <Value AttributeID="SAP_SALES_ORG_STATUS" ID="Z2">Active</Value>
          <Value AttributeID="MUSAICON">Yes</Value>
          <Value AttributeID="ATT923">Carded</Value>
          <Value AttributeID="WeightSAP" UnitID="unece.unit.LBR">1.870</Value>
          <Value AttributeID="ATT684644">Dana Axle or Dana 50IFS</Value>
          <Value AttributeID="ATT375">6</Value>
          <MultiValue AttributeID="ATT922">
            <Value UnitID="unece.unit.LBR">1.80</Value>
          </MultiValue>
          <Value AttributeID="ATT17339">No</Value>
          <Value AttributeID="ATT105">Works on Ford vehicles with ratcheting type lock nuts on front axle; Ford F250 heavy-duty axles, 1985 to current models; F350 heavy-duty axle 4 x 4, 1985 to current models; and 1987 Chevy 30 Series along with DANA 501FS and model 60 mono-beam axles</Value>
          <Value AttributeID="Set">No</Value>
          <Value AttributeID="ATT779365">Auto Specialty</Value>
          <Value AttributeID="ATT800719">Wrench | Auto Specialty</Value>
          <Value AttributeID="ATT921">1/2&quot; Drive 4-Lug 4WD Spindle Nut Socket Dana Axle or Dana 50IFS</Value>
          <Value AttributeID="ATT484">1/2 in</Value>
          <Value AttributeID="CasePackQty">12</Value>
          <Value AttributeID="ATT583415">2011-11-30</Value>
          <Value AttributeID="DeliveryUnit">1</Value>
          <Value AttributeID="ListPrice">70.42</Value>
          <Value AttributeID="Brand" ID="T38">GEARWRENCH</Value>
          <Value AttributeID="ATT180">1/2&quot; Drive 4-Lug 4WD Spindle Nut Socket Dana Axle or Dana 50IFS</Value>
          <Value AttributeID="SAP Material Status" ID="Z1">Active - No Blocks</Value>
          <Value AttributeID="ForeignTradeCode">8205595560</Value>
          <Value AttributeID="CustomerPrice">70.42</Value>
          <Value AttributeID="ATT159">Black</Value>
          <Value AttributeID="SAP_Description">WR SPNDL NUT 4 WHL DR FORD</Value>
          <Value AttributeID="ATT592">No</Value>
          <Value AttributeID="Table Sort Order">3</Value>
          <Value AttributeID="ATT539">082171032462</Value>
          <Value AttributeID="SalesOrg">1201</Value>
          <Value AttributeID="COO" ID="TW">Taiwan</Value>
          <Value AttributeID="DistChannel">20</Value>
          <Value AttributeID="ATT344">4-Wheel-Drive Spindle Nut Socket</Value>
          <MultiValue AttributeID="UnitsOfMeasure">
            <Value>CP;Case Pack;12|EA;each;1|PC;Piece;1|SF;Shelf Pack;6</Value>
          </MultiValue>
          <Value AttributeID="DivCode">20</Value>
          <Value AttributeID="ATT499">Square</Value>
          <Value AttributeID="ATT345">Chrome Vanadium</Value>
          <Value AttributeID="BaseUnitOfMeasure">EA</Value>
          <Value AttributeID="CurrencyCode">USD</Value>
          <Value AttributeID="Catalog Number" Derived="true">3246D</Value>
        </Values>
      </Product>
    </Product>
  </Products>
  <Classifications>
    <Classification ID="Classification 1 root" UserTypeID="Classification 1 user-type root" Selected="false">
      <Name>Classification 1 root</Name>
      <Classification ID="stibo.IndexWordRoot" UserTypeID="stibo.IndexWord" Selected="false">
        <Name>Index Words</Name>
        <Classification ID="IND_13076" UserTypeID="stibo.IndexWord" Selected="false">
          <Name>Industrial Catalog</Name>
          <Classification ID="IND_11389" UserTypeID="stibo.IndexWord" Selected="false" Referenced="true">
            <Name>A/C and Fuel Line Spring Lock Coupling Tool</Name>
          </Classification>
          <Classification ID="IND_11392" UserTypeID="stibo.IndexWord" Selected="false">
            <Name>Adapters</Name>
            <Classification ID="IND_12144" UserTypeID="stibo.IndexWord" Selected="false">
              <Name>Hand</Name>
              <Classification ID="IND_12529" UserTypeID="stibo.IndexWord" Selected="false" Referenced="true">
                <Name>x03_1/2&quot; Drive</Name>
                <MetaData>
                  <Value AttributeID="stibo.IndexSortWord">3</Value>
                </MetaData>
              </Classification>
              <Classification ID="IND_12530" UserTypeID="stibo.IndexWord" Selected="false" Referenced="true">
                <Name>x01_1/4&quot; Drive</Name>
                <MetaData>
                  <Value AttributeID="stibo.IndexSortWord">1</Value>
                </MetaData>
              </Classification>
              <Classification ID="IND_12532" UserTypeID="stibo.IndexWord" Selected="false" Referenced="true">
                <Name>x02_3/8&quot; Drive</Name>
                <MetaData>
                  <Value AttributeID="stibo.IndexSortWord">2</Value>
                </MetaData>
              </Classification>
            </Classification>
            <Classification ID="IND_12177" UserTypeID="stibo.IndexWord" Selected="false">
              <Name>Impact</Name>
              <Classification ID="IND_12534" UserTypeID="stibo.IndexWord" Selected="false" Referenced="true">
                <Name>x03_1/2&quot; Drive</Name>
                <MetaData>
                  <Value AttributeID="stibo.IndexSortWord">3</Value>
                </MetaData>
              </Classification>
              <Classification ID="IND_12536" UserTypeID="stibo.IndexWord" Selected="false" Referenced="true">
                <Name>x04_3/4&quot; Drive</Name>
                <MetaData>
                  <Value AttributeID="stibo.IndexSortWord">4</Value>
                </MetaData>
              </Classification>
              <Classification ID="IND_12537" UserTypeID="stibo.IndexWord" Selected="false" Referenced="true">
                <Name>x02_3/8&quot; Drive</Name>
                <MetaData>
                  <Value AttributeID="stibo.IndexSortWord">2</Value>
                </MetaData>
              </Classification>
              <Classification ID="IND_12884" UserTypeID="stibo.IndexWord" Selected="false" Referenced="true">
                <Name>x01_1/4&quot; Drive</Name>
                <MetaData>
                  <Value AttributeID="stibo.IndexSortWord">1</Value>
                </MetaData>
              </Classification>
            </Classification>
          </Classification>
          <Classification ID="IND_11395" UserTypeID="stibo.IndexWord" Selected="false" Referenced="true">
            <Name>Air Hold Extension Hose</Name>
          </Classification>
          <Classification ID="IND_11398" UserTypeID="stibo.IndexWord" Selected="false" Referenced="true">
            <Name>Angle Finder</Name>
          </Classification>
          <Classification ID="IND_11400" UserTypeID="stibo.IndexWord" Selected="false" Referenced="true">
            <Name>Angled Hose Clamp Pliers</Name>
          </Classification>
          <Classification ID="IND_11405" UserTypeID="stibo.IndexWord" Selected="false" Referenced="true">
            <Name>Axle Nut Socket</Name>
            <Classification ID="IND_12362" UserTypeID="stibo.IndexWord" Selected="false" Referenced="true">
              <Name>Set</Name>
            </Classification>
          </Classification>
          <Classification ID="IND_11407" UserTypeID="stibo.IndexWord" Selected="false">
            <Name>Ball Joint</Name>
            <Classification ID="IND_12354" UserTypeID="stibo.IndexWord" Selected="false" Referenced="true">
              <Name>Separator</Name>
            </Classification>
            <Classification ID="IND_12355" UserTypeID="stibo.IndexWord" Selected="false" Referenced="true">
              <Name>Separator Universal</Name>
            </Classification>
          </Classification>
          <Classification ID="IND_11409" UserTypeID="stibo.IndexWord" Selected="false">
            <Name>Battery</Name>
            <Classification ID="IND_12023" UserTypeID="stibo.IndexWord" Selected="false" Referenced="true">
              <Name>Brush</Name>
            </Classification>
            <Classification ID="IND_12036" UserTypeID="stibo.IndexWord" Selected="false" Referenced="true">
              <Name>Carrying Strap</Name>
            </Classification>
            <Classification ID="IND_12251" UserTypeID="stibo.IndexWord" Selected="false" Referenced="true">
              <Name>Nut Pliers</Name>
            </Classification>
            <Classification ID="IND_12453" UserTypeID="stibo.IndexWord" Selected="false" Referenced="true">
              <Name>Terminal Puller</Name>
            </Classification>
            <Classification ID="IND_12454" UserTypeID="stibo.IndexWord" Selected="false" Referenced="true">
              <Name>Terminal Spreader and Cleaner</Name>
            </Classification>
            <Classification ID="IND_12464" UserTypeID="stibo.IndexWord" Selected="false" Referenced="true">
              <Name>Tool Three-Way</Name>
            </Classification>
          </Classification>
          <Classification ID="IND_11411" UserTypeID="stibo.IndexWord" Selected="false" Referenced="true">
            <Name>Bearing Race and Seal Set</Name>
          </Classification>
          <Classification ID="IND_11415" UserTypeID="stibo.IndexWord" Selected="false">
            <Name>Bit Sockets</Name>
            <Classification ID="IND_12115" UserTypeID="stibo.IndexWord" Selected="false">
              <Name>External Torx®</Name>
              <Classification ID="IND_666169" UserTypeID="stibo.IndexWord" Selected="false" Referenced="true">
                <Name>Universal</Name>
              </Classification>
            </Classification>
            <Classification ID="IND_12160" UserTypeID="stibo.IndexWord" Selected="false" Referenced="true">
              <Name>Hex</Name>
              <Classification ID="IND_666158" UserTypeID="stibo.IndexWord" Selected="false" Referenced="true">
                <Name>Stubby</Name>
              </Classification>
            </Classification>
            <Classification ID="IND_12336" UserTypeID="stibo.IndexWord" Selected="false" Referenced="true">
              <Name>Screwdriver</Name>
            </Classification>
            <Classification ID="IND_12467" UserTypeID="stibo.IndexWord" Selected="false" Referenced="true">
              <Name>Torx®</Name>
              <Classification ID="IND_666162" UserTypeID="stibo.IndexWord" Selected="false" Referenced="true">
                <Name>Stubby</Name>
              </Classification>
            </Classification>
            <Classification ID="IND_12478" UserTypeID="stibo.IndexWord" Selected="false" Referenced="true">
              <Name>Triple Square</Name>
              <Classification ID="IND_666159" UserTypeID="stibo.IndexWord" Selected="false" Referenced="true">
                <Name>Stubby</Name>
              </Classification>
              <Classification ID="IND_666161" UserTypeID="stibo.IndexWord" Selected="false" Referenced="true">
                <Name>Long</Name>
              </Classification>
            </Classification>
            <Classification ID="IND_666156" UserTypeID="stibo.IndexWord" Selected="false" Referenced="true">
              <Name>Stubby</Name>
            </Classification>
            <Classification ID="IND_666164" UserTypeID="stibo.IndexWord" Selected="false" Referenced="true">
              <Name>Universal</Name>
            </Classification>
            <Classification ID="IND_666170" UserTypeID="stibo.IndexWord" Selected="false">
              <Name>Tamper Proof Torx®</Name>
              <Classification ID="IND_666171" UserTypeID="stibo.IndexWord" Selected="false">
                <Name>Stubby</Name>
                <Classification ID="IND_666172" UserTypeID="stibo.IndexWord" Selected="false" Referenced="true">
                  <Name>Universal</Name>
                </Classification>
              </Classification>
            </Classification>
          </Classification>
          <Classification ID="IND_11417" UserTypeID="stibo.IndexWord" Selected="false" Referenced="true">
            <Name>Body Tools, Vehicle</Name>
            <Classification ID="IND_12056" UserTypeID="stibo.IndexWord" Selected="false" Referenced="true">
              <Name>Clip Set</Name>
            </Classification>
            <Classification ID="IND_12083" UserTypeID="stibo.IndexWord" Selected="false" Referenced="true">
              <Name>Dent Remover</Name>
            </Classification>
            <Classification ID="IND_12476" UserTypeID="stibo.IndexWord" Selected="false" Referenced="true">
              <Name>Trim Tools</Name>
            </Classification>
          </Classification>
          <Classification ID="IND_11421" UserTypeID="stibo.IndexWord" Selected="false">
            <Name>Brake</Name>
            <Classification ID="IND_11987" UserTypeID="stibo.IndexWord" Selected="false" Referenced="true">
              <Name>Adjusting Tool Drum</Name>
            </Classification>
            <Classification ID="IND_12015" UserTypeID="stibo.IndexWord" Selected="false" Referenced="true">
              <Name>Bleeder Adapter</Name>
            </Classification>
            <Classification ID="IND_12016" UserTypeID="stibo.IndexWord" Selected="false" Referenced="true">
              <Name>Bleeder Tank</Name>
            </Classification>
            <Classification ID="IND_12075" UserTypeID="stibo.IndexWord" Selected="false" Referenced="true">
              <Name>Cylinder Hone</Name>
            </Classification>
            <Classification ID="IND_12100" UserTypeID="stibo.IndexWord" Selected="false" Referenced="true">
              <Name>Drum Gauge Digital</Name>
            </Classification>
            <Classification ID="IND_12201" UserTypeID="stibo.IndexWord" Selected="false" Referenced="true">
              <Name>Lining Gauge</Name>
            </Classification>
            <Classification ID="IND_12315" UserTypeID="stibo.IndexWord" Selected="false" Referenced="true">
              <Name>Resetting Gauge</Name>
            </Classification>
            <Classification ID="IND_12360" UserTypeID="stibo.IndexWord" Selected="false" Referenced="true">
              <Name>Service Set</Name>
            </Classification>
            <Classification ID="IND_12393" UserTypeID="stibo.IndexWord" Selected="false" Referenced="true">
              <Name>Shoe Retaining Spring Tool</Name>
            </Classification>
            <Classification ID="IND_12423" UserTypeID="stibo.IndexWord" Selected="false" Referenced="true">
              <Name>Spring Pliers</Name>
            </Classification>
            <Classification ID="IND_12455" UserTypeID="stibo.IndexWord" Selected="false" Referenced="true">
              <Name>Thickness Gauge</Name>
            </Classification>
            <Classification ID="IND_12850" UserTypeID="stibo.IndexWord" Selected="false" Referenced="true">
              <Name>Piston Tool, Disc</Name>
            </Classification>
            <Classification ID="IND_12851" UserTypeID="stibo.IndexWord" Selected="false" Referenced="true">
              <Name>Pad Spreader, Disc</Name>
            </Classification>
          </Classification>
          <Classification ID="IND_11423" UserTypeID="stibo.IndexWord" Selected="false">
            <Name>Breaker Bars</Name>
            <Classification ID="IND_11901" UserTypeID="stibo.IndexWord" Selected="false" Referenced="true">
              <Name>x03_1/2&quot; Drive</Name>
              <MetaData>
                <Value AttributeID="stibo.IndexSortWord">3</Value>
              </MetaData>
            </Classification>
            <Classification ID="IND_11919" UserTypeID="stibo.IndexWord" Selected="false" Referenced="true">
              <Name>x01_1/4&quot; Drive</Name>
              <MetaData>
                <Value AttributeID="stibo.IndexSortWord">1</Value>
              </MetaData>
            </Classification>
            <Classification ID="IND_11941" UserTypeID="stibo.IndexWord" Selected="false" Referenced="true">
              <Name>x04_3/4&quot; Drive</Name>
              <MetaData>
                <Value AttributeID="stibo.IndexSortWord">4</Value>
              </MetaData>
            </Classification>
            <Classification ID="IND_11954" UserTypeID="stibo.IndexWord" Selected="false" Referenced="true">
              <Name>x02_3/8&quot; Drive</Name>
              <MetaData>
                <Value AttributeID="stibo.IndexSortWord">2</Value>
              </MetaData>
            </Classification>
          </Classification>
          <Classification ID="IND_11425" UserTypeID="stibo.IndexWord" Selected="false">
            <Name>Brushes</Name>
            <Classification ID="IND_12428" UserTypeID="stibo.IndexWord" Selected="false" Referenced="true">
              <Name>Stainless Steel</Name>
            </Classification>
            <Classification ID="IND_12507" UserTypeID="stibo.IndexWord" Selected="false" Referenced="true">
              <Name>Wire Scratch, Shoe Handle</Name>
            </Classification>
            <Classification ID="IND_12509" UserTypeID="stibo.IndexWord" Selected="false" Referenced="true">
              <Name>Wire-End, Knot-type</Name>
            </Classification>
          </Classification>
          <Classification ID="IND_11427" UserTypeID="stibo.IndexWord" Selected="false" Referenced="true">
            <Name>Bubble Flaring Tool Kit</Name>
          </Classification>
          <Classification ID="IND_11428" UserTypeID="stibo.IndexWord" Selected="false" Referenced="true">
            <Name>Bushing Remover and Inserter Set</Name>
          </Classification>
          <Classification ID="IND_11434" UserTypeID="stibo.IndexWord" Selected="false" Referenced="true">
            <Name>Caliper Digital</Name>
          </Classification>
          <Classification ID="IND_11443" UserTypeID="stibo.IndexWord" Selected="false" Referenced="true">
            <Name>Chain Wrench</Name>
          </Classification>
          <Classification ID="IND_11451" UserTypeID="stibo.IndexWord" Selected="false" Referenced="true">
            <Name>Circuit Tester</Name>
          </Classification>
          <Classification ID="IND_11457" UserTypeID="stibo.IndexWord" Selected="false" Referenced="true">
            <Name>Clutch Alignment Set</Name>
          </Classification>
          <Classification ID="IND_11465" UserTypeID="stibo.IndexWord" Selected="false" Referenced="true">
            <Name>Combined Double / Bubble Flaring Tool Kit</Name>
          </Classification>
          <Classification ID="IND_11466" UserTypeID="stibo.IndexWord" Selected="false" Referenced="true">
            <Name>Compression Tester</Name>
          </Classification>
          <Classification ID="IND_11468" UserTypeID="stibo.IndexWord" Selected="false" Referenced="true">
            <Name>Corbin Style Hose Clamp Pliers</Name>
          </Classification>
          <Classification ID="IND_11469" UserTypeID="stibo.IndexWord" Selected="false" Referenced="true">
            <Name>Crankshaft Holding Tool, Honda Acura</Name>
          </Classification>
          <Classification ID="IND_11472" UserTypeID="stibo.IndexWord" Selected="false">
            <Name>Crowfoot Wrenches</Name>
            <Classification ID="IND_11955" UserTypeID="stibo.IndexWord" Selected="false" Referenced="true">
              <Name>x02_3/8&quot; Drive</Name>
            </Classification>
            <Classification ID="IND_15317" UserTypeID="stibo.IndexWord" Selected="false" Referenced="true">
              <Name>Ratcheting</Name>
            </Classification>
          </Classification>
          <Classification ID="IND_11476" UserTypeID="stibo.IndexWord" Selected="false">
            <Name>CV Boot</Name>
            <Classification ID="IND_12051" UserTypeID="stibo.IndexWord" Selected="false" Referenced="true">
              <Name>Clamp Tightening Wrench</Name>
            </Classification>
            <Classification ID="IND_12052" UserTypeID="stibo.IndexWord" Selected="false" Referenced="true">
              <Name>Clamp Tool</Name>
            </Classification>
          </Classification>
          <Classification ID="IND_11479" UserTypeID="stibo.IndexWord" Selected="false" Referenced="true">
            <Name>Cylinder Hone Replacement Stones</Name>
          </Classification>
          <Classification ID="IND_11481" UserTypeID="stibo.IndexWord" Selected="false" Referenced="true">
            <Name>Deburring Tool</Name>
          </Classification>
          <Classification ID="IND_11485" UserTypeID="stibo.IndexWord" Selected="false" Referenced="true">
            <Name>Dent Puller</Name>
          </Classification>
          <Classification ID="IND_11488" UserTypeID="stibo.IndexWord" Selected="false" Referenced="true">
            <Name>Dial Indicator</Name>
          </Classification>
          <Classification ID="IND_11494" UserTypeID="stibo.IndexWord" Selected="false">
            <Name>Disc Brake</Name>
            <Classification ID="IND_12260" UserTypeID="stibo.IndexWord" Selected="false" Referenced="true">
              <Name>Pad Separator - Heavy Duty</Name>
            </Classification>
            <Classification ID="IND_12261" UserTypeID="stibo.IndexWord" Selected="false" Referenced="true">
              <Name>Pad Spreader</Name>
            </Classification>
            <Classification ID="IND_12268" UserTypeID="stibo.IndexWord" Selected="false" Referenced="true">
              <Name>Piston Tool</Name>
            </Classification>
            <Classification ID="IND_12323" UserTypeID="stibo.IndexWord" Selected="false" Referenced="true">
              <Name>Rotor/Ball Joint Gauge</Name>
            </Classification>
          </Classification>
          <Classification ID="IND_11495" UserTypeID="stibo.IndexWord" Selected="false" Referenced="true">
            <Name>Distributor Clamp Wrench</Name>
          </Classification>
          <Classification ID="IND_11501" UserTypeID="stibo.IndexWord" Selected="false" Referenced="true">
            <Name>Double Flaring Tool Kit</Name>
          </Classification>
          <Classification ID="IND_11502" UserTypeID="stibo.IndexWord" Selected="false" Referenced="true">
            <Name>Double-X™ Pliers</Name>
          </Classification>
          <Classification ID="IND_11506" UserTypeID="stibo.IndexWord" Selected="false">
            <Name>Drive Tools and Accessories</Name>
            <Classification ID="IND_12145" UserTypeID="stibo.IndexWord" Selected="false">
              <Name>Hand</Name>
              <Classification ID="IND_12554" UserTypeID="stibo.IndexWord" Selected="false" Referenced="true">
                <Name>x03_1/2&quot; Drive</Name>
              </Classification>
              <Classification ID="IND_12555" UserTypeID="stibo.IndexWord" Selected="false" Referenced="true">
                <Name>x01_1/4&quot; Drive</Name>
              </Classification>
              <Classification ID="IND_12558" UserTypeID="stibo.IndexWord" Selected="false" Referenced="true">
                <Name>x02_3/8&quot; Drive</Name>
              </Classification>
            </Classification>
          </Classification>
          <Classification ID="IND_11511" UserTypeID="stibo.IndexWord" Selected="false" Referenced="true">
            <Name>EFI Pressure Tester (Multiport Fuel Injection)</Name>
          </Classification>
          <Classification ID="IND_11516" UserTypeID="stibo.IndexWord" Selected="false">
            <Name>Engine</Name>
            <Classification ID="IND_12074" UserTypeID="stibo.IndexWord" Selected="false" Referenced="true">
              <Name>Cylinder Flex-Hone</Name>
            </Classification>
            <Classification ID="IND_12076" UserTypeID="stibo.IndexWord" Selected="false" Referenced="true">
              <Name>Cylinder Hone</Name>
            </Classification>
          </Classification>
          <Classification ID="IND_11517" UserTypeID="stibo.IndexWord" Selected="false" Referenced="true">
            <Name>Engine/Automatic Trans. Oil Pressure Check Kit</Name>
          </Classification>
          <Classification ID="IND_11520" UserTypeID="stibo.IndexWord" Selected="false">
            <Name>Exhaust and Tailpipe</Name>
            <Classification ID="IND_12071" UserTypeID="stibo.IndexWord" Selected="false" Referenced="true">
              <Name>Cutter</Name>
            </Classification>
            <Classification ID="IND_12111" UserTypeID="stibo.IndexWord" Selected="false" Referenced="true">
              <Name>Expander</Name>
            </Classification>
          </Classification>
          <Classification ID="IND_11525" UserTypeID="stibo.IndexWord" Selected="false">
            <Name>Extensions</Name>
            <Classification ID="IND_12146" UserTypeID="stibo.IndexWord" Selected="false">
              <Name>Hand</Name>
              <Classification ID="IND_12569" UserTypeID="stibo.IndexWord" Selected="false" Referenced="true">
                <Name>x03_1/2&quot; Drive</Name>
                <MetaData>
                  <Value AttributeID="stibo.IndexSortWord">3</Value>
                </MetaData>
              </Classification>
              <Classification ID="IND_12570" UserTypeID="stibo.IndexWord" Selected="false" Referenced="true">
                <Name>x01_1/4&quot; Drive</Name>
                <MetaData>
                  <Value AttributeID="stibo.IndexSortWord">1</Value>
                </MetaData>
              </Classification>
              <Classification ID="IND_12571" UserTypeID="stibo.IndexWord" Selected="false" Referenced="true">
                <Name>x04_3/4&quot; Drive</Name>
                <MetaData>
                  <Value AttributeID="stibo.IndexSortWord">4</Value>
                </MetaData>
              </Classification>
              <Classification ID="IND_12572" UserTypeID="stibo.IndexWord" Selected="false" Referenced="true">
                <Name>x02_3/8&quot; Drive</Name>
                <MetaData>
                  <Value AttributeID="stibo.IndexSortWord">2</Value>
                </MetaData>
              </Classification>
            </Classification>
            <Classification ID="IND_12179" UserTypeID="stibo.IndexWord" Selected="false">
              <Name>Impact</Name>
              <Classification ID="IND_12574" UserTypeID="stibo.IndexWord" Selected="false" Referenced="true">
                <Name>x03_1/2&quot; Drive</Name>
                <MetaData>
                  <Value AttributeID="stibo.IndexSortWord">3</Value>
                </MetaData>
              </Classification>
              <Classification ID="IND_12575" UserTypeID="stibo.IndexWord" Selected="false" Referenced="true">
                <Name>x01_1/4&quot; Drive</Name>
                <MetaData>
                  <Value AttributeID="stibo.IndexSortWord">1</Value>
                </MetaData>
              </Classification>
              <Classification ID="IND_12577" UserTypeID="stibo.IndexWord" Selected="false" Referenced="true">
                <Name>x04_3/4&quot; Drive</Name>
                <MetaData>
                  <Value AttributeID="stibo.IndexSortWord">4</Value>
                </MetaData>
              </Classification>
              <Classification ID="IND_12578" UserTypeID="stibo.IndexWord" Selected="false" Referenced="true">
                <Name>x02_3/8&quot; Drive</Name>
                <MetaData>
                  <Value AttributeID="stibo.IndexSortWord">2</Value>
                </MetaData>
              </Classification>
            </Classification>
          </Classification>
          <Classification ID="IND_11527" UserTypeID="stibo.IndexWord" Selected="false">
            <Name>External Thread Restorer File</Name>
            <Classification ID="IND_12230" UserTypeID="stibo.IndexWord" Selected="false" Referenced="true">
              <Name>Metric</Name>
            </Classification>
            <Classification ID="IND_12329" UserTypeID="stibo.IndexWord" Selected="false" Referenced="true">
              <Name>SAE</Name>
            </Classification>
          </Classification>
          <Classification ID="IND_11533" UserTypeID="stibo.IndexWord" Selected="false">
            <Name>Fan Clutch Pulley Holder</Name>
            <Classification ID="IND_12365" UserTypeID="stibo.IndexWord" Selected="false" Referenced="true">
              <Name>Set</Name>
            </Classification>
          </Classification>
          <Classification ID="IND_11534" UserTypeID="stibo.IndexWord" Selected="false">
            <Name>Fan Clutch Service</Name>
            <Classification ID="IND_12366" UserTypeID="stibo.IndexWord" Selected="false" Referenced="true">
              <Name>Set</Name>
            </Classification>
          </Classification>
          <Classification ID="IND_11535" UserTypeID="stibo.IndexWord" Selected="false" Referenced="true">
            <Name>Fan Clutch Wrench</Name>
          </Classification>
          <Classification ID="IND_11542" UserTypeID="stibo.IndexWord" Selected="false" Referenced="true">
            <Name>Fender Cover</Name>
          </Classification>
          <Classification ID="IND_11549" UserTypeID="stibo.IndexWord" Selected="false">
            <Name>Flare Nut Wrenches</Name>
            <Classification ID="IND_12123" UserTypeID="stibo.IndexWord" Selected="false" Referenced="true">
              <Name>Flex</Name>
            </Classification>
            <Classification ID="IND_12307" UserTypeID="stibo.IndexWord" Selected="false" Referenced="true">
              <Name>Ratcheting</Name>
            </Classification>
          </Classification>
          <Classification ID="IND_11553" UserTypeID="stibo.IndexWord" Selected="false">
            <Name>Flex Head Ratchets</Name>
            <Classification ID="IND_11904" UserTypeID="stibo.IndexWord" Selected="false">
              <Name>x03_1/2&quot; Drive</Name>
              <Classification ID="IND_21852" UserTypeID="stibo.IndexWord" Selected="false" Referenced="true">
                <Name>120XP™ Ratchets</Name>
              </Classification>
            </Classification>
            <Classification ID="IND_11922" UserTypeID="stibo.IndexWord" Selected="false" Referenced="true">
              <Name>x01_1/4&quot; Drive</Name>
              <Classification ID="IND_21850" UserTypeID="stibo.IndexWord" Selected="false" Referenced="true">
                <Name>120XP™ Ratchets</Name>
              </Classification>
            </Classification>
            <Classification ID="IND_11959" UserTypeID="stibo.IndexWord" Selected="false" Referenced="true">
              <Name>x02_3/8&quot; Drive</Name>
              <Classification ID="IND_21851" UserTypeID="stibo.IndexWord" Selected="false" Referenced="true">
                <Name>120XP™ Ratchets</Name>
              </Classification>
            </Classification>
          </Classification>
          <Classification ID="IND_11556" UserTypeID="stibo.IndexWord" Selected="false" Referenced="true">
            <Name>Flywheel Turner</Name>
          </Classification>
          <Classification ID="IND_11558" UserTypeID="stibo.IndexWord" Selected="false" Referenced="true">
            <Name>Front End Service Set</Name>
          </Classification>
          <Classification ID="IND_11562" UserTypeID="stibo.IndexWord" Selected="false" Referenced="true">
            <Name>Fuel Injection System Tool Kit</Name>
          </Classification>
          <Classification ID="IND_11563" UserTypeID="stibo.IndexWord" Selected="false">
            <Name>Fuel Line</Name>
            <Classification ID="IND_12065" UserTypeID="stibo.IndexWord" Selected="false" Referenced="true">
              <Name>Coupling Tool Ford</Name>
            </Classification>
            <Classification ID="IND_12304" UserTypeID="stibo.IndexWord" Selected="false" Referenced="true">
              <Name>Quick Disconnect Tool</Name>
            </Classification>
          </Classification>
          <Classification ID="IND_11570" UserTypeID="stibo.IndexWord" Selected="false" Referenced="true">
            <Name>General Purpose Bushing Set</Name>
          </Classification>
          <Classification ID="IND_11574" UserTypeID="stibo.IndexWord" Selected="false" Referenced="true">
            <Name>Half Moon Wrenches</Name>
          </Classification>
          <Classification ID="IND_11577" UserTypeID="stibo.IndexWord" Selected="false" Referenced="true">
            <Name>Hand Bearing Packer</Name>
          </Classification>
          <Classification ID="IND_11580" UserTypeID="stibo.IndexWord" Selected="false" Referenced="true">
            <Name>Harmonic Balancer Installer</Name>
          </Classification>
          <Classification ID="IND_11581" UserTypeID="stibo.IndexWord" Selected="false" Referenced="true">
            <Name>Harmonic Balancer Puller Set</Name>
          </Classification>
          <Classification ID="IND_11582" UserTypeID="stibo.IndexWord" Selected="false">
            <Name>Hex Bit / Driver Sockets</Name>
            <Classification ID="IND_12889" UserTypeID="stibo.IndexWord" Selected="false">
              <Name>Hand</Name>
              <Classification ID="IND_11906" UserTypeID="stibo.IndexWord" Selected="false" Referenced="true">
                <Name>x03_1/2&quot; Drive</Name>
                <MetaData>
                  <Value AttributeID="stibo.IndexSortWord">3</Value>
                </MetaData>
              </Classification>
              <Classification ID="IND_11923" UserTypeID="stibo.IndexWord" Selected="false" Referenced="true">
                <Name>x01_1/4&quot; Drive</Name>
                <MetaData>
                  <Value AttributeID="stibo.IndexSortWord">1</Value>
                </MetaData>
              </Classification>
              <Classification ID="IND_11961" UserTypeID="stibo.IndexWord" Selected="false" Referenced="true">
                <Name>x02_3/8&quot; Drive</Name>
                <MetaData>
                  <Value AttributeID="stibo.IndexSortWord">2</Value>
                </MetaData>
              </Classification>
            </Classification>
            <Classification ID="IND_12890" UserTypeID="stibo.IndexWord" Selected="false">
              <Name>Impact</Name>
              <Classification ID="IND_12888" UserTypeID="stibo.IndexWord" Selected="false" Referenced="true">
                <Name>x03_1/2&quot; Drive</Name>
                <MetaData>
                  <Value AttributeID="stibo.IndexSortWord">3</Value>
                </MetaData>
              </Classification>
              <Classification ID="IND_12891" UserTypeID="stibo.IndexWord" Selected="false" Referenced="true">
                <Name>x02_3/8&quot; Drive</Name>
                <MetaData>
                  <Value AttributeID="stibo.IndexSortWord">2</Value>
                </MetaData>
              </Classification>
            </Classification>
          </Classification>
          <Classification ID="IND_11590" UserTypeID="stibo.IndexWord" Selected="false" Referenced="true">
            <Name>Hog Ring Pliers</Name>
          </Classification>
          <Classification ID="IND_11593" UserTypeID="stibo.IndexWord" Selected="false" Referenced="true">
            <Name>Hooks &amp; Picks</Name>
            <Classification ID="IND_12380" UserTypeID="stibo.IndexWord" Selected="false" Referenced="true">
              <Name>Sets</Name>
            </Classification>
          </Classification>
          <Classification ID="IND_11594" UserTypeID="stibo.IndexWord" Selected="false" Referenced="true">
            <Name>Hose Clamp Pliers Large</Name>
          </Classification>
          <Classification ID="IND_11596" UserTypeID="stibo.IndexWord" Selected="false" Referenced="true">
            <Name>Hose Pinch-Off Pliers</Name>
          </Classification>
          <Classification ID="IND_11599" UserTypeID="stibo.IndexWord" Selected="false" Referenced="true">
            <Name>Hydraulic Clutch Ln Disc</Name>
          </Classification>
          <Classification ID="IND_11603" UserTypeID="stibo.IndexWord" Selected="false" Referenced="true">
            <Name>Impact Driver Set, Hand</Name>
          </Classification>
          <Classification ID="IND_11622" UserTypeID="stibo.IndexWord" Selected="false" Referenced="true">
            <Name>Lock Nut Tool</Name>
          </Classification>
          <Classification ID="IND_11624" UserTypeID="stibo.IndexWord" Selected="false" Referenced="true">
            <Name>Locking Extensions</Name>
          </Classification>
          <Classification ID="IND_11628" UserTypeID="stibo.IndexWord" Selected="false" Referenced="true">
            <Name>Low-Voltage Circuit Tester</Name>
          </Classification>
          <Classification ID="IND_11629" UserTypeID="stibo.IndexWord" Selected="false" Referenced="true">
            <Name>Macpherson Strut Spring Compressor</Name>
          </Classification>
          <Classification ID="IND_11631" UserTypeID="stibo.IndexWord" Selected="false" Referenced="true">
            <Name>Magnetic Parts Tray</Name>
          </Classification>
          <Classification ID="IND_11632" UserTypeID="stibo.IndexWord" Selected="false" Referenced="true">
            <Name>Magnetic Pickup Tool</Name>
          </Classification>
          <Classification ID="IND_11639" UserTypeID="stibo.IndexWord" Selected="false" Referenced="true">
            <Name>Mini Screwdrivers</Name>
          </Classification>
          <Classification ID="IND_11651" UserTypeID="stibo.IndexWord" Selected="false">
            <Name>Nut Cracker</Name>
            <Classification ID="IND_12486" UserTypeID="stibo.IndexWord" Selected="false" Referenced="true">
              <Name>Universal</Name>
            </Classification>
          </Classification>
          <Classification ID="IND_11652" UserTypeID="stibo.IndexWord" Selected="false">
            <Name>Nutdrivers</Name>
            <Classification ID="IND_12308" UserTypeID="stibo.IndexWord" Selected="false" Referenced="true">
              <Name>Ratcheting</Name>
            </Classification>
            <Classification ID="IND_12391" UserTypeID="stibo.IndexWord" Selected="false" Referenced="true">
              <Name>Shafts</Name>
            </Classification>
            <Classification ID="IND_13293" UserTypeID="stibo.IndexWord" Selected="false" Referenced="true">
              <Name>Hollow Shaft</Name>
              <Classification ID="IND_13663" UserTypeID="stibo.IndexWord" Selected="false" Referenced="true">
                <Name>Set</Name>
              </Classification>
            </Classification>
          </Classification>
          <Classification ID="IND_11655" UserTypeID="stibo.IndexWord" Selected="false">
            <Name>Oil Canister Socket</Name>
            <Classification ID="IND_12367" UserTypeID="stibo.IndexWord" Selected="false" Referenced="true">
              <Name>Set</Name>
            </Classification>
          </Classification>
          <Classification ID="IND_11656" UserTypeID="stibo.IndexWord" Selected="false" Referenced="true">
            <Name>Oil Cooler Line Disconnect</Name>
          </Classification>
          <Classification ID="IND_11659" UserTypeID="stibo.IndexWord" Selected="false">
            <Name>Oil Filter</Name>
            <Classification ID="IND_12033" UserTypeID="stibo.IndexWord" Selected="false" Referenced="true">
              <Name>Cap Wrench</Name>
            </Classification>
            <Classification ID="IND_12437" UserTypeID="stibo.IndexWord" Selected="false" Referenced="true">
              <Name>Strap Wrench Heavy Duty</Name>
            </Classification>
            <Classification ID="IND_12512" UserTypeID="stibo.IndexWord" Selected="false" Referenced="true">
              <Name>Wrench 3-Jaw Universal</Name>
            </Classification>
            <Classification ID="IND_12514" UserTypeID="stibo.IndexWord" Selected="false" Referenced="true">
              <Name>Wrench End Cap</Name>
            </Classification>
            <Classification ID="IND_12515" UserTypeID="stibo.IndexWord" Selected="false" Referenced="true">
              <Name>Wrench Heavy Duty Wide Band</Name>
            </Classification>
            <Classification ID="IND_12516" UserTypeID="stibo.IndexWord" Selected="false" Referenced="true">
              <Name>Wrench Nylon Strap</Name>
            </Classification>
            <Classification ID="IND_12517" UserTypeID="stibo.IndexWord" Selected="false" Referenced="true">
              <Name>Wrench Pliers</Name>
            </Classification>
            <Classification ID="IND_12518" UserTypeID="stibo.IndexWord" Selected="false" Referenced="true">
              <Name>Wrench Universal</Name>
            </Classification>
            <Classification ID="IND_12856" UserTypeID="stibo.IndexWord" Selected="false" Referenced="true">
              <Name>Sockets</Name>
            </Classification>
          </Classification>
          <Classification ID="IND_11660" UserTypeID="stibo.IndexWord" Selected="false">
            <Name>Oil Pressure</Name>
            <Classification ID="IND_12044" UserTypeID="stibo.IndexWord" Selected="false" Referenced="true">
              <Name>Check Kit</Name>
            </Classification>
            <Classification ID="IND_12350" UserTypeID="stibo.IndexWord" Selected="false" Referenced="true">
              <Name>Sending Socket Deep</Name>
            </Classification>
          </Classification>
          <Classification ID="IND_11662" UserTypeID="stibo.IndexWord" Selected="false" Referenced="true">
            <Name>Oil Sender Socket</Name>
          </Classification>
          <Classification ID="IND_11664" UserTypeID="stibo.IndexWord" Selected="false" Referenced="true">
            <Name>One-Man Brake Bleeder</Name>
          </Classification>
          <Classification ID="IND_11671" UserTypeID="stibo.IndexWord" Selected="false" Referenced="true">
            <Name>Panel Clip Pliers</Name>
          </Classification>
          <Classification ID="IND_11672" UserTypeID="stibo.IndexWord" Selected="false" Referenced="true">
            <Name>Parts Cleaning Brush</Name>
          </Classification>
          <Classification ID="IND_11673" UserTypeID="stibo.IndexWord" Selected="false" Referenced="true">
            <Name>Parts Tray</Name>
          </Classification>
          <Classification ID="IND_11674" UserTypeID="stibo.IndexWord" Selected="false" Referenced="true">
            <Name>Pass-Thru™ Rachet &amp; Socket Sets (XL)</Name>
          </Classification>
          <Classification ID="IND_11676" UserTypeID="stibo.IndexWord" Selected="false" Referenced="true">
            <Name>Pickup Tool</Name>
          </Classification>
          <Classification ID="IND_11683" UserTypeID="stibo.IndexWord" Selected="false">
            <Name>Piston Ring Compressor</Name>
            <Classification ID="IND_11998" UserTypeID="stibo.IndexWord" Selected="false" Referenced="true">
              <Name>Band</Name>
            </Classification>
            <Classification ID="IND_12157" UserTypeID="stibo.IndexWord" Selected="false" Referenced="true">
              <Name>Heavy Duty</Name>
            </Classification>
            <Classification ID="IND_12274" UserTypeID="stibo.IndexWord" Selected="false" Referenced="true">
              <Name>Pliers</Name>
            </Classification>
            <Classification ID="IND_12369" UserTypeID="stibo.IndexWord" Selected="false" Referenced="true">
              <Name>Set</Name>
            </Classification>
          </Classification>
          <Classification ID="IND_11686" UserTypeID="stibo.IndexWord" Selected="false" Referenced="true">
            <Name>Pitman Arm Puller</Name>
          </Classification>
          <Classification ID="IND_11691" UserTypeID="stibo.IndexWord" Selected="false">
            <Name>Pliers</Name>
            <Classification ID="IND_12001" UserTypeID="stibo.IndexWord" Selected="false" Referenced="true">
              <Name>Battery</Name>
            </Classification>
            <Classification ID="IND_12072" UserTypeID="stibo.IndexWord" Selected="false" Referenced="true">
              <Name>Diagonal Cutting</Name>
              <Classification ID="IND_21827" UserTypeID="stibo.IndexWord" Selected="false" Referenced="true">
                <Name>Heavy Duty</Name>
              </Classification>
            </Classification>
            <Classification ID="IND_12095" UserTypeID="stibo.IndexWord" Selected="false" Referenced="true">
              <Name>Double-X™</Name>
            </Classification>
            <Classification ID="IND_12122" UserTypeID="stibo.IndexWord" Selected="false" Referenced="true">
              <Name>Flat Nose</Name>
            </Classification>
            <Classification ID="IND_12175" UserTypeID="stibo.IndexWord" Selected="false" Referenced="true">
              <Name>Hose Clamp</Name>
            </Classification>
            <Classification ID="IND_12200" UserTypeID="stibo.IndexWord" Selected="false" Referenced="true">
              <Name>Lineman's</Name>
            </Classification>
            <Classification ID="IND_12204" UserTypeID="stibo.IndexWord" Selected="false" Referenced="true">
              <Name>Lock Ring</Name>
            </Classification>
            <Classification ID="IND_12233" UserTypeID="stibo.IndexWord" Selected="false" Referenced="true">
              <Name>Mini</Name>
            </Classification>
            <Classification ID="IND_12244" UserTypeID="stibo.IndexWord" Selected="false" Referenced="true">
              <Name>Needle Nose</Name>
            </Classification>
            <Classification ID="IND_12316" UserTypeID="stibo.IndexWord" Selected="false" Referenced="true">
              <Name>Retaining Ring</Name>
            </Classification>
            <Classification ID="IND_12382" UserTypeID="stibo.IndexWord" Selected="false" Referenced="true">
              <Name>Sets</Name>
            </Classification>
            <Classification ID="IND_12404" UserTypeID="stibo.IndexWord" Selected="false" Referenced="true">
              <Name>Slip Joint</Name>
            </Classification>
            <Classification ID="IND_12460" UserTypeID="stibo.IndexWord" Selected="false" Referenced="true">
              <Name>Tongue and Groove</Name>
              <Classification ID="IND_21826" UserTypeID="stibo.IndexWord" Selected="false" Referenced="true">
                <Name>V-Jaw</Name>
              </Classification>
            </Classification>
            <Classification ID="IND_12508" UserTypeID="stibo.IndexWord" Selected="false" Referenced="true">
              <Name>Wire Stripper</Name>
            </Classification>
            <Classification ID="IND_13282" UserTypeID="stibo.IndexWord" Selected="false" Referenced="true">
              <Name>End Cutting Nippers</Name>
            </Classification>
            <Classification ID="IND_15270" UserTypeID="stibo.IndexWord" Selected="false" Referenced="true">
              <Name>Push Pin</Name>
            </Classification>
            <Classification ID="IND_15271" UserTypeID="stibo.IndexWord" Selected="false" Referenced="true">
              <Name>Panel Clip</Name>
            </Classification>
            <Classification ID="IND_15272" UserTypeID="stibo.IndexWord" Selected="false" Referenced="true">
              <Name>Hog Ring</Name>
            </Classification>
            <Classification ID="IND_15273" UserTypeID="stibo.IndexWord" Selected="false" Referenced="true">
              <Name>Piston Ring, Compressing</Name>
            </Classification>
            <Classification ID="IND_15274" UserTypeID="stibo.IndexWord" Selected="false" Referenced="true">
              <Name>Brake Spring</Name>
            </Classification>
            <Classification ID="IND_15277" UserTypeID="stibo.IndexWord" Selected="false" Referenced="true">
              <Name>Hose Pinch-Off</Name>
            </Classification>
            <Classification ID="IND_21828" UserTypeID="stibo.IndexWord" Selected="false">
              <Name>Compound Action</Name>
              <Classification ID="IND_21829" UserTypeID="stibo.IndexWord" Selected="false" Referenced="true">
                <Name>Diagonal Cutting</Name>
              </Classification>
              <Classification ID="IND_21830" UserTypeID="stibo.IndexWord" Selected="false" Referenced="true">
                <Name>Long Nose</Name>
              </Classification>
              <Classification ID="IND_21831" UserTypeID="stibo.IndexWord" Selected="false" Referenced="true">
                <Name>Set</Name>
              </Classification>
            </Classification>
            <Classification ID="IND_21832" UserTypeID="stibo.IndexWord" Selected="false">
              <Name>Pivot Force</Name>
              <Classification ID="IND_21833" UserTypeID="stibo.IndexWord" Selected="false" Referenced="true">
                <Name>Diagonal Cutting</Name>
              </Classification>
              <Classification ID="IND_21834" UserTypeID="stibo.IndexWord" Selected="false" Referenced="true">
                <Name>Long Nose</Name>
              </Classification>
              <Classification ID="IND_21835" UserTypeID="stibo.IndexWord" Selected="false" Referenced="true">
                <Name>Set</Name>
              </Classification>
            </Classification>
            <Classification ID="IND_21893" UserTypeID="stibo.IndexWord" Selected="false" Referenced="true">
              <Name>Long Nose</Name>
            </Classification>
          </Classification>
          <Classification ID="IND_11692" UserTypeID="stibo.IndexWord" Selected="false" Referenced="true">
            <Name>Pneumatic Tie Rod / Ball Joint Separator Kit</Name>
          </Classification>
          <Classification ID="IND_11695" UserTypeID="stibo.IndexWord" Selected="false" Referenced="true">
            <Name>Power Steering Pump Puller Set</Name>
          </Classification>
          <Classification ID="IND_11696" UserTypeID="stibo.IndexWord" Selected="false" Referenced="true">
            <Name>Pro Swivoil Filter Wrench</Name>
          </Classification>
          <Classification ID="IND_11697" UserTypeID="stibo.IndexWord" Selected="false">
            <Name>Pry Bars</Name>
            <Classification ID="IND_15334" UserTypeID="stibo.IndexWord" Selected="false" Referenced="true">
              <Name>Indexing</Name>
            </Classification>
          </Classification>
          <Classification ID="IND_11700" UserTypeID="stibo.IndexWord" Selected="false" Referenced="true">
            <Name>Pulley Holder / Fan Clutch Tool Kit</Name>
          </Classification>
          <Classification ID="IND_11703" UserTypeID="stibo.IndexWord" Selected="false" Referenced="true">
            <Name>Pulley Holder Universal</Name>
          </Classification>
          <Classification ID="IND_11704" UserTypeID="stibo.IndexWord" Selected="false" Referenced="true">
            <Name>Pulley Puller and Installer Set</Name>
          </Classification>
          <Classification ID="IND_11708" UserTypeID="stibo.IndexWord" Selected="false" Referenced="true">
            <Name>Push Pin Pliers</Name>
            <Classification ID="IND_11977" UserTypeID="stibo.IndexWord" Selected="false" Referenced="true">
              <Name>80 Degree</Name>
            </Classification>
            <Classification ID="IND_12370" UserTypeID="stibo.IndexWord" Selected="false" Referenced="true">
              <Name>Set</Name>
            </Classification>
          </Classification>
          <Classification ID="IND_11710" UserTypeID="stibo.IndexWord" Selected="false" Referenced="true">
            <Name>PVS, TVS and O2 socket</Name>
          </Classification>
          <Classification ID="IND_11712" UserTypeID="stibo.IndexWord" Selected="false" Referenced="true">
            <Name>Quick Disconnect Chrysler</Name>
          </Classification>
          <Classification ID="IND_11715" UserTypeID="stibo.IndexWord" Selected="false">
            <Name>Ratcheting</Name>
            <Classification ID="IND_12344" UserTypeID="stibo.IndexWord" Selected="false" Referenced="true">
              <Name>Screwdrivers</Name>
            </Classification>
          </Classification>
          <Classification ID="IND_11716" UserTypeID="stibo.IndexWord" Selected="false">
            <Name>Ratchets</Name>
            <Classification ID="IND_11912" UserTypeID="stibo.IndexWord" Selected="false" Referenced="true">
              <Name>x03_1/2&quot; Drive</Name>
              <MetaData>
                <Value AttributeID="stibo.IndexSortWord">3</Value>
              </MetaData>
            </Classification>
            <Classification ID="IND_11929" UserTypeID="stibo.IndexWord" Selected="false" Referenced="true">
              <Name>x01_1/4&quot; Drive</Name>
              <MetaData>
                <Value AttributeID="stibo.IndexSortWord">1</Value>
              </MetaData>
            </Classification>
            <Classification ID="IND_11948" UserTypeID="stibo.IndexWord" Selected="false" Referenced="true">
              <Name>x04_3/4&quot; Drive</Name>
              <MetaData>
                <Value AttributeID="stibo.IndexSortWord">4</Value>
              </MetaData>
            </Classification>
            <Classification ID="IND_11969" UserTypeID="stibo.IndexWord" Selected="false" Referenced="true">
              <Name>x02_3/8&quot; Drive</Name>
              <MetaData>
                <Value AttributeID="stibo.IndexSortWord">2</Value>
              </MetaData>
            </Classification>
            <Classification ID="IND_12126" UserTypeID="stibo.IndexWord" Selected="false">
              <Name>Flex Head</Name>
              <Classification ID="IND_12591" UserTypeID="stibo.IndexWord" Selected="false" Referenced="true">
                <Name>x03_1/2&quot; Drive</Name>
                <MetaData>
                  <Value AttributeID="stibo.IndexSortWord">3</Value>
                </MetaData>
                <Classification ID="IND_21845" UserTypeID="stibo.IndexWord" Selected="false" Referenced="true">
                  <Name>120XP</Name>
                </Classification>
              </Classification>
              <Classification ID="IND_12592" UserTypeID="stibo.IndexWord" Selected="false" Referenced="true">
                <Name>x01_1/4&quot; Drive</Name>
                <MetaData>
                  <Value AttributeID="stibo.IndexSortWord">1</Value>
                </MetaData>
                <Classification ID="IND_21843" UserTypeID="stibo.IndexWord" Selected="false" Referenced="true">
                  <Name>120XP</Name>
                </Classification>
              </Classification>
              <Classification ID="IND_12593" UserTypeID="stibo.IndexWord" Selected="false" Referenced="true">
                <Name>x02_3/8&quot; Drive</Name>
                <MetaData>
                  <Value AttributeID="stibo.IndexSortWord">2</Value>
                </MetaData>
                <Classification ID="IND_21844" UserTypeID="stibo.IndexWord" Selected="false" Referenced="true">
                  <Name>120XP</Name>
                </Classification>
              </Classification>
            </Classification>
            <Classification ID="IND_12313" UserTypeID="stibo.IndexWord" Selected="false">
              <Name>Repair Kits</Name>
              <Classification ID="IND_12596" UserTypeID="stibo.IndexWord" Selected="false" Referenced="true">
                <Name>x03_1/2&quot; Drive</Name>
                <MetaData>
                  <Value AttributeID="stibo.IndexSortWord">3</Value>
                </MetaData>
              </Classification>
              <Classification ID="IND_12597" UserTypeID="stibo.IndexWord" Selected="false" Referenced="true">
                <Name>x01_1/4&quot; Drive</Name>
                <MetaData>
                  <Value AttributeID="stibo.IndexSortWord">1</Value>
                </MetaData>
              </Classification>
              <Classification ID="IND_12600" UserTypeID="stibo.IndexWord" Selected="false" Referenced="true">
                <Name>x02_3/8&quot; Drive</Name>
                <MetaData>
                  <Value AttributeID="stibo.IndexSortWord">2</Value>
                </MetaData>
              </Classification>
            </Classification>
            <Classification ID="IND_12451" UserTypeID="stibo.IndexWord" Selected="false">
              <Name>Tear Drop</Name>
              <Classification ID="IND_12610" UserTypeID="stibo.IndexWord" Selected="false" Referenced="true">
                <Name>x03_1/2&quot; Drive</Name>
                <MetaData>
                  <Value AttributeID="stibo.IndexSortWord">3</Value>
                </MetaData>
              </Classification>
              <Classification ID="IND_12611" UserTypeID="stibo.IndexWord" Selected="false" Referenced="true">
                <Name>x01_1/4&quot; Drive</Name>
                <MetaData>
                  <Value AttributeID="stibo.IndexSortWord">1</Value>
                </MetaData>
              </Classification>
              <Classification ID="IND_12614" UserTypeID="stibo.IndexWord" Selected="false" Referenced="true">
                <Name>x02_3/8&quot; Drive</Name>
                <MetaData>
                  <Value AttributeID="stibo.IndexSortWord">2</Value>
                </MetaData>
              </Classification>
              <Classification ID="IND_21846" UserTypeID="stibo.IndexWord" Selected="false">
                <Name>Long Handle</Name>
                <Classification ID="IND_21847" UserTypeID="stibo.IndexWord" Selected="false" Referenced="true">
                  <Name>x01_1/4&quot; Drive</Name>
                </Classification>
                <Classification ID="IND_21848" UserTypeID="stibo.IndexWord" Selected="false" Referenced="true">
                  <Name>x02_3/8&quot; Drive</Name>
                </Classification>
                <Classification ID="IND_21849" UserTypeID="stibo.IndexWord" Selected="false" Referenced="true">
                  <Name>x03_1/2&quot; Drive</Name>
                </Classification>
              </Classification>
            </Classification>
            <Classification ID="IND_21840" UserTypeID="stibo.IndexWord" Selected="false">
              <Name>Gimbal</Name>
              <Classification ID="IND_21841" UserTypeID="stibo.IndexWord" Selected="false" Referenced="true">
                <Name>x01_1/4&quot; Drive</Name>
              </Classification>
              <Classification ID="IND_21842" UserTypeID="stibo.IndexWord" Selected="false" Referenced="true">
                <Name>x02_3/8&quot; Drive</Name>
              </Classification>
            </Classification>
          </Classification>
          <Classification ID="IND_11718" UserTypeID="stibo.IndexWord" Selected="false" Referenced="true">
            <Name>Rear Axle Bearing Puller Set</Name>
          </Classification>
          <Classification ID="IND_11721" UserTypeID="stibo.IndexWord" Selected="false" Referenced="true">
            <Name>Remote Control Starter Switch</Name>
          </Classification>
          <Classification ID="IND_11744" UserTypeID="stibo.IndexWord" Selected="false" Referenced="true">
            <Name>Scraper and Sticker Remover</Name>
          </Classification>
          <Classification ID="IND_11745" UserTypeID="stibo.IndexWord" Selected="false" Referenced="true">
            <Name>Scraper Long Reach</Name>
          </Classification>
          <Classification ID="IND_11746" UserTypeID="stibo.IndexWord" Selected="false" Referenced="true">
            <Name>Scraper Mini</Name>
          </Classification>
          <Classification ID="IND_11747" UserTypeID="stibo.IndexWord" Selected="false" Referenced="true">
            <Name>Scraper Set</Name>
          </Classification>
          <Classification ID="IND_11749" UserTypeID="stibo.IndexWord" Selected="false" Referenced="true">
            <Name>Screw Extractors</Name>
            <Classification ID="IND_12196" UserTypeID="stibo.IndexWord" Selected="false" Referenced="true">
              <Name>Set</Name>
            </Classification>
          </Classification>
          <Classification ID="IND_11750" UserTypeID="stibo.IndexWord" Selected="false" Referenced="true">
            <Name>Screw Starters</Name>
          </Classification>
          <Classification ID="IND_11752" UserTypeID="stibo.IndexWord" Selected="false">
            <Name>Screwdrivers</Name>
            <Classification ID="IND_12026" UserTypeID="stibo.IndexWord" Selected="false" Referenced="true">
              <Name>Cabinet Tip</Name>
            </Classification>
            <Classification ID="IND_12102" UserTypeID="stibo.IndexWord" Selected="false" Referenced="true">
              <Name>Dual Material</Name>
            </Classification>
            <Classification ID="IND_12234" UserTypeID="stibo.IndexWord" Selected="false" Referenced="true">
              <Name>Mini</Name>
            </Classification>
            <Classification ID="IND_12264" UserTypeID="stibo.IndexWord" Selected="false" Referenced="true">
              <Name>Phillips</Name>
            </Classification>
            <Classification ID="IND_12310" UserTypeID="stibo.IndexWord" Selected="false" Referenced="true">
              <Name>Ratcheting Screwdriver</Name>
              <Classification ID="IND_21839" UserTypeID="stibo.IndexWord" Selected="false" Referenced="true">
                <Name>LED lighted/Multi Bits</Name>
              </Classification>
            </Classification>
            <Classification ID="IND_12405" UserTypeID="stibo.IndexWord" Selected="false" Referenced="true">
              <Name>Slotted</Name>
            </Classification>
            <Classification ID="IND_12418" UserTypeID="stibo.IndexWord" Selected="false" Referenced="true">
              <Name>Solid Handle</Name>
            </Classification>
            <Classification ID="IND_12469" UserTypeID="stibo.IndexWord" Selected="false" Referenced="true">
              <Name>Torx®</Name>
            </Classification>
          </Classification>
          <Classification ID="IND_11753" UserTypeID="stibo.IndexWord" Selected="false" Referenced="true">
            <Name>Scriber</Name>
          </Classification>
          <Classification ID="IND_11755" UserTypeID="stibo.IndexWord" Selected="false" Referenced="true">
            <Name>Seal Puller</Name>
          </Classification>
          <Classification ID="IND_11756" UserTypeID="stibo.IndexWord" Selected="false" Referenced="true">
            <Name>Sensor &amp; Sending Socket Set</Name>
          </Classification>
          <Classification ID="IND_11757" UserTypeID="stibo.IndexWord" Selected="false" Referenced="true">
            <Name>Serpentine Belt Tool</Name>
            <Classification ID="IND_12371" UserTypeID="stibo.IndexWord" Selected="false" Referenced="true">
              <Name>Removal Set</Name>
            </Classification>
            <Classification ID="IND_12853" UserTypeID="stibo.IndexWord" Selected="false" Referenced="true">
              <Name>Grabber</Name>
            </Classification>
          </Classification>
          <Classification ID="IND_11759" UserTypeID="stibo.IndexWord" Selected="false">
            <Name>Sets</Name>
            <Classification ID="IND_12165" UserTypeID="stibo.IndexWord" Selected="false">
              <Name>Hex Bit / Driver Sockets</Name>
              <Classification ID="IND_12628" UserTypeID="stibo.IndexWord" Selected="false" Referenced="true">
                <Name>x03_1/2&quot; Drive</Name>
                <MetaData>
                  <Value AttributeID="stibo.IndexSortWord">3</Value>
                </MetaData>
              </Classification>
            </Classification>
            <Classification ID="IND_12180" UserTypeID="stibo.IndexWord" Selected="false">
              <Name>Impact</Name>
              <Classification ID="IND_12631" UserTypeID="stibo.IndexWord" Selected="false" Referenced="true">
                <Name>Hex Bit / Driver Sockets</Name>
              </Classification>
            </Classification>
            <Classification ID="IND_12410" UserTypeID="stibo.IndexWord" Selected="false">
              <Name>Socket Chrome</Name>
              <Classification ID="IND_12634" UserTypeID="stibo.IndexWord" Selected="false" Referenced="true">
                <Name>x03_1/2&quot; Drive</Name>
                <MetaData>
                  <Value AttributeID="stibo.IndexSortWord">3</Value>
                </MetaData>
              </Classification>
              <Classification ID="IND_12635" UserTypeID="stibo.IndexWord" Selected="false" Referenced="true">
                <Name>x01_1/4&quot; Drive</Name>
                <MetaData>
                  <Value AttributeID="stibo.IndexSortWord">1</Value>
                </MetaData>
              </Classification>
              <Classification ID="IND_12637" UserTypeID="stibo.IndexWord" Selected="false" Referenced="true">
                <Name>x02_3/8&quot; Drive</Name>
                <MetaData>
                  <Value AttributeID="stibo.IndexSortWord">2</Value>
                </MetaData>
              </Classification>
              <Classification ID="IND_12640" UserTypeID="stibo.IndexWord" Selected="false" Referenced="true">
                <Name>Flex</Name>
              </Classification>
            </Classification>
            <Classification ID="IND_12411" UserTypeID="stibo.IndexWord" Selected="false">
              <Name>Socket Impact</Name>
              <Classification ID="IND_12643" UserTypeID="stibo.IndexWord" Selected="false" Referenced="true">
                <Name>x01_1/4&quot; Drive</Name>
                <MetaData>
                  <Value AttributeID="stibo.IndexSortWord">1</Value>
                </MetaData>
              </Classification>
            </Classification>
          </Classification>
          <Classification ID="IND_11766" UserTypeID="stibo.IndexWord" Selected="false" Referenced="true">
            <Name>Side Terminal Battery Wrench</Name>
          </Classification>
          <Classification ID="IND_11768" UserTypeID="stibo.IndexWord" Selected="false" Referenced="true">
            <Name>Slide Hammer</Name>
          </Classification>
          <Classification ID="IND_11769" UserTypeID="stibo.IndexWord" Selected="false" Referenced="true">
            <Name>Slide Hammer Puller Set</Name>
          </Classification>
          <Classification ID="IND_11779" UserTypeID="stibo.IndexWord" Selected="false" Referenced="true">
            <Name>Socket Clips</Name>
          </Classification>
          <Classification ID="IND_11782" UserTypeID="stibo.IndexWord" Selected="false" Referenced="true">
            <Name>Socket Rails</Name>
          </Classification>
          <Classification ID="IND_11783" UserTypeID="stibo.IndexWord" Selected="false">
            <Name>Sockets</Name>
            <Classification ID="IND_12127" UserTypeID="stibo.IndexWord" Selected="false">
              <Name>Flex, Chrome</Name>
              <Classification ID="IND_12682" UserTypeID="stibo.IndexWord" Selected="false" Referenced="true">
                <Name>x02_3/8&quot; Drive</Name>
                <MetaData>
                  <Value AttributeID="stibo.IndexSortWord">2</Value>
                </MetaData>
              </Classification>
              <Classification ID="IND_15325" UserTypeID="stibo.IndexWord" Selected="false" Referenced="true">
                <Name>x01_1/4&quot; Drive</Name>
                <MetaData>
                  <Value AttributeID="stibo.IndexSortWord">1</Value>
                </MetaData>
              </Classification>
            </Classification>
            <Classification ID="IND_12151" UserTypeID="stibo.IndexWord" Selected="false">
              <Name>Hand, Chrome</Name>
              <Classification ID="IND_12688" UserTypeID="stibo.IndexWord" Selected="false" Referenced="true">
                <Name>x03_1/2&quot; Drive</Name>
                <MetaData>
                  <Value AttributeID="stibo.IndexSortWord">3</Value>
                </MetaData>
              </Classification>
              <Classification ID="IND_12691" UserTypeID="stibo.IndexWord" Selected="false" Referenced="true">
                <Name>x02_3/8&quot; Drive</Name>
                <MetaData>
                  <Value AttributeID="stibo.IndexSortWord">2</Value>
                </MetaData>
              </Classification>
            </Classification>
            <Classification ID="IND_12181" UserTypeID="stibo.IndexWord" Selected="false">
              <Name>Impact</Name>
              <Classification ID="IND_12697" UserTypeID="stibo.IndexWord" Selected="false" Referenced="true">
                <Name>x03_1/2&quot; Drive</Name>
                <MetaData>
                  <Value AttributeID="stibo.IndexSortWord">3</Value>
                </MetaData>
              </Classification>
              <Classification ID="IND_12699" UserTypeID="stibo.IndexWord" Selected="false" Referenced="true">
                <Name>x04_3/4&quot; Drive</Name>
                <MetaData>
                  <Value AttributeID="stibo.IndexSortWord">4</Value>
                </MetaData>
              </Classification>
              <Classification ID="IND_12700" UserTypeID="stibo.IndexWord" Selected="false" Referenced="true">
                <Name>x02_3/8&quot; Drive</Name>
                <MetaData>
                  <Value AttributeID="stibo.IndexSortWord">2</Value>
                </MetaData>
              </Classification>
              <Classification ID="IND_12877" UserTypeID="stibo.IndexWord" Selected="false" Referenced="true">
                <Name>x01_1/4&quot; Drive</Name>
                <MetaData>
                  <Value AttributeID="stibo.IndexSortWord">1</Value>
                </MetaData>
              </Classification>
              <Classification ID="IND_21836" UserTypeID="stibo.IndexWord" Selected="false" Referenced="true">
                <Name>Thin Wall, Wheel Protector</Name>
              </Classification>
            </Classification>
            <Classification ID="IND_12420" UserTypeID="stibo.IndexWord" Selected="false">
              <Name>Spark Plug</Name>
              <Classification ID="IND_12714" UserTypeID="stibo.IndexWord" Selected="false" Referenced="true">
                <Name>x02_3/8&quot; Drive</Name>
              </Classification>
            </Classification>
            <Classification ID="IND_12472" UserTypeID="stibo.IndexWord" Selected="false" Referenced="true">
              <Name>Torx® Tamper-Proof</Name>
            </Classification>
          </Classification>
          <Classification ID="IND_11787" UserTypeID="stibo.IndexWord" Selected="false">
            <Name>Spark Plug</Name>
            <Classification ID="IND_12135" UserTypeID="stibo.IndexWord" Selected="false" Referenced="true">
              <Name>Gap Gauge</Name>
            </Classification>
            <Classification ID="IND_12136" UserTypeID="stibo.IndexWord" Selected="false" Referenced="true">
              <Name>Gap Wire Gauge</Name>
            </Classification>
            <Classification ID="IND_12219" UserTypeID="stibo.IndexWord" Selected="false" Referenced="true">
              <Name>Magnetic</Name>
            </Classification>
            <Classification ID="IND_12361" UserTypeID="stibo.IndexWord" Selected="false" Referenced="true">
              <Name>Service Set</Name>
            </Classification>
            <Classification ID="IND_12452" UserTypeID="stibo.IndexWord" Selected="false" Referenced="true">
              <Name>Terminal Pliers</Name>
            </Classification>
            <Classification ID="IND_12456" UserTypeID="stibo.IndexWord" Selected="false" Referenced="true">
              <Name>Thread Chaser</Name>
            </Classification>
          </Classification>
          <Classification ID="IND_11788" UserTypeID="stibo.IndexWord" Selected="false">
            <Name>Speeder Handles</Name>
            <Classification ID="IND_11915" UserTypeID="stibo.IndexWord" Selected="false" Referenced="true">
              <Name>x03_1/2&quot; Drive</Name>
            </Classification>
            <Classification ID="IND_11972" UserTypeID="stibo.IndexWord" Selected="false" Referenced="true">
              <Name>x02_3/8&quot; Drive</Name>
            </Classification>
          </Classification>
          <Classification ID="IND_11789" UserTypeID="stibo.IndexWord" Selected="false">
            <Name>Spindle Nut</Name>
            <Classification ID="IND_12372" UserTypeID="stibo.IndexWord" Selected="false" Referenced="true">
              <Name>Set</Name>
            </Classification>
            <Classification ID="IND_12409" UserTypeID="stibo.IndexWord" Selected="false" Referenced="true">
              <Name>Socket</Name>
            </Classification>
            <Classification ID="IND_12511" UserTypeID="stibo.IndexWord" Selected="false" Referenced="true">
              <Name>Wrench</Name>
            </Classification>
          </Classification>
          <Classification ID="IND_11797" UserTypeID="stibo.IndexWord" Selected="false" Referenced="true">
            <Name>Square Drive Oil Filter Wrench</Name>
          </Classification>
          <Classification ID="IND_11803" UserTypeID="stibo.IndexWord" Selected="false" Referenced="true">
            <Name>Steering Service Set</Name>
          </Classification>
          <Classification ID="IND_11804" UserTypeID="stibo.IndexWord" Selected="false">
            <Name>Steering Wheel</Name>
            <Classification ID="IND_12203" UserTypeID="stibo.IndexWord" Selected="false" Referenced="true">
              <Name>Lock Plate Remover</Name>
            </Classification>
            <Classification ID="IND_12296" UserTypeID="stibo.IndexWord" Selected="false" Referenced="true">
              <Name>Puller Legs</Name>
            </Classification>
          </Classification>
          <Classification ID="IND_11805" UserTypeID="stibo.IndexWord" Selected="false" Referenced="true">
            <Name>Stethoscope</Name>
          </Classification>
          <Classification ID="IND_11807" UserTypeID="stibo.IndexWord" Selected="false" Referenced="true">
            <Name>Straight Hose Clamp Pliers</Name>
          </Classification>
          <Classification ID="IND_11811" UserTypeID="stibo.IndexWord" Selected="false" Referenced="true">
            <Name>Stud Extractor</Name>
          </Classification>
          <Classification ID="IND_11812" UserTypeID="stibo.IndexWord" Selected="false">
            <Name>Stud Removal</Name>
            <Classification ID="IND_12373" UserTypeID="stibo.IndexWord" Selected="false" Referenced="true">
              <Name>Set</Name>
            </Classification>
            <Classification ID="IND_12858" UserTypeID="stibo.IndexWord" Selected="false" Referenced="true">
              <Name>Sockets</Name>
            </Classification>
          </Classification>
          <Classification ID="IND_11819" UserTypeID="stibo.IndexWord" Selected="false" Referenced="true">
            <Name>Swivoil Filter Wrench</Name>
          </Classification>
          <Classification ID="IND_11820" UserTypeID="stibo.IndexWord" Selected="false">
            <Name>Tap and Die</Name>
            <Classification ID="IND_12311" UserTypeID="stibo.IndexWord" Selected="false" Referenced="true">
              <Name>Ratcheting Wrench</Name>
            </Classification>
            <Classification ID="IND_12387" UserTypeID="stibo.IndexWord" Selected="false" Referenced="true">
              <Name>Sets</Name>
            </Classification>
          </Classification>
          <Classification ID="IND_11827" UserTypeID="stibo.IndexWord" Selected="false">
            <Name>T-Handles, Chrome</Name>
            <Classification ID="IND_11918" UserTypeID="stibo.IndexWord" Selected="false" Referenced="true">
              <Name>x03_1/2&quot; Drive</Name>
              <MetaData>
                <Value AttributeID="stibo.IndexSortWord">3</Value>
              </MetaData>
            </Classification>
            <Classification ID="IND_11952" UserTypeID="stibo.IndexWord" Selected="false" Referenced="true">
              <Name>x04_3/4&quot; Drive</Name>
              <MetaData>
                <Value AttributeID="stibo.IndexSortWord">4</Value>
              </MetaData>
            </Classification>
          </Classification>
          <Classification ID="IND_11828" UserTypeID="stibo.IndexWord" Selected="false" Referenced="true">
            <Name>Thermal Sensor</Name>
          </Classification>
          <Classification ID="IND_11831" UserTypeID="stibo.IndexWord" Selected="false" Referenced="true">
            <Name>Tie Rod End Puller and Pitman Arm Puller</Name>
          </Classification>
          <Classification ID="IND_11832" UserTypeID="stibo.IndexWord" Selected="false" Referenced="true">
            <Name>Tie Rod Separator</Name>
          </Classification>
          <Classification ID="IND_11843" UserTypeID="stibo.IndexWord" Selected="false">
            <Name>Tool Storage</Name>
            <Classification ID="IND_12148" UserTypeID="stibo.IndexWord" Selected="false" Referenced="true">
              <Name>Hand Boxes &amp; Bags</Name>
            </Classification>
          </Classification>
          <Classification ID="IND_11855" UserTypeID="stibo.IndexWord" Selected="false" Referenced="true">
            <Name>Truck and Tractor Oil Filter Wrench</Name>
          </Classification>
          <Classification ID="IND_11857" UserTypeID="stibo.IndexWord" Selected="false" Referenced="true">
            <Name>Tubing Bender</Name>
          </Classification>
          <Classification ID="IND_11858" UserTypeID="stibo.IndexWord" Selected="false" Referenced="true">
            <Name>Tubing Cutter</Name>
          </Classification>
          <Classification ID="IND_11860" UserTypeID="stibo.IndexWord" Selected="false" Referenced="true">
            <Name>Tubing Service Set</Name>
          </Classification>
          <Classification ID="IND_11864" UserTypeID="stibo.IndexWord" Selected="false">
            <Name>Universal Joints</Name>
            <Classification ID="IND_12152" UserTypeID="stibo.IndexWord" Selected="false">
              <Name>Hand, Chrome</Name>
              <Classification ID="IND_12734" UserTypeID="stibo.IndexWord" Selected="false" Referenced="true">
                <Name>x03_1/2&quot; Drive</Name>
                <MetaData>
                  <Value AttributeID="stibo.IndexSortWord">3</Value>
                </MetaData>
              </Classification>
              <Classification ID="IND_12735" UserTypeID="stibo.IndexWord" Selected="false" Referenced="true">
                <Name>x01_1/4&quot; Drive</Name>
                <MetaData>
                  <Value AttributeID="stibo.IndexSortWord">1</Value>
                </MetaData>
              </Classification>
              <Classification ID="IND_12737" UserTypeID="stibo.IndexWord" Selected="false" Referenced="true">
                <Name>x02_3/8&quot; Drive</Name>
                <MetaData>
                  <Value AttributeID="stibo.IndexSortWord">2</Value>
                </MetaData>
              </Classification>
            </Classification>
            <Classification ID="IND_12182" UserTypeID="stibo.IndexWord" Selected="false">
              <Name>Impact</Name>
              <Classification ID="IND_12885" UserTypeID="stibo.IndexWord" Selected="false" Referenced="true">
                <Name>x01_1/4&quot; Drive</Name>
                <MetaData>
                  <Value AttributeID="stibo.IndexSortWord">1</Value>
                </MetaData>
              </Classification>
            </Classification>
          </Classification>
          <Classification ID="IND_11865" UserTypeID="stibo.IndexWord" Selected="false">
            <Name>Universal Sockets / Flex Sockets</Name>
            <Classification ID="IND_12183" UserTypeID="stibo.IndexWord" Selected="false">
              <Name>Impact</Name>
              <Classification ID="IND_12882" UserTypeID="stibo.IndexWord" Selected="false" Referenced="true">
                <Name>x01_1/4&quot; Drive</Name>
                <MetaData>
                  <Value AttributeID="stibo.IndexSortWord">1</Value>
                </MetaData>
              </Classification>
            </Classification>
          </Classification>
          <Classification ID="IND_11868" UserTypeID="stibo.IndexWord" Selected="false" Referenced="true">
            <Name>Valve Spring Compressor</Name>
          </Classification>
          <Classification ID="IND_11879" UserTypeID="stibo.IndexWord" Selected="false" Referenced="true">
            <Name>Wheel Weight Tool</Name>
          </Classification>
          <Classification ID="IND_11880" UserTypeID="stibo.IndexWord" Selected="false" Referenced="true">
            <Name>Window Molding Remover</Name>
          </Classification>
          <Classification ID="IND_11884" UserTypeID="stibo.IndexWord" Selected="false">
            <Name>Wrenches</Name>
            <Classification ID="IND_12092" UserTypeID="stibo.IndexWord" Selected="false" Referenced="true">
              <Name>Double Box Ratcheting</Name>
            </Classification>
            <Classification ID="IND_12110" UserTypeID="stibo.IndexWord" Selected="false" Referenced="true">
              <Name>E-Torx® Ratcheting</Name>
            </Classification>
            <Classification ID="IND_12124" UserTypeID="stibo.IndexWord" Selected="false" Referenced="true">
              <Name>Flex Combination Ratcheting</Name>
            </Classification>
            <Classification ID="IND_12142" UserTypeID="stibo.IndexWord" Selected="false" Referenced="true">
              <Name>Half-Moon Double Box Ratcheting</Name>
            </Classification>
            <Classification ID="IND_12185" UserTypeID="stibo.IndexWord" Selected="false" Referenced="true">
              <Name>Indexing Ratcheting</Name>
            </Classification>
            <Classification ID="IND_12258" UserTypeID="stibo.IndexWord" Selected="false" Referenced="true">
              <Name>Open End Ratcheting</Name>
            </Classification>
            <Classification ID="IND_12309" UserTypeID="stibo.IndexWord" Selected="false">
              <Name>Ratcheting</Name>
              <Classification ID="IND_12778" UserTypeID="stibo.IndexWord" Selected="false" Referenced="true">
                <Name>QuadBox™ Double Box</Name>
              </Classification>
              <Classification ID="IND_12779" UserTypeID="stibo.IndexWord" Selected="false" Referenced="true">
                <Name>Flare Nut</Name>
              </Classification>
              <Classification ID="IND_12780" UserTypeID="stibo.IndexWord" Selected="false" Referenced="true">
                <Name>Box</Name>
              </Classification>
              <Classification ID="IND_12781" UserTypeID="stibo.IndexWord" Selected="false" Referenced="true">
                <Name>Combination</Name>
              </Classification>
              <Classification ID="IND_12782" UserTypeID="stibo.IndexWord" Selected="false" Referenced="true">
                <Name>Combination, Reversible</Name>
              </Classification>
              <Classification ID="IND_12798" UserTypeID="stibo.IndexWord" Selected="false" Referenced="true">
                <Name>S-Shape Double Box</Name>
              </Classification>
              <Classification ID="IND_12799" UserTypeID="stibo.IndexWord" Selected="false" Referenced="true">
                <Name>Stubby Combination</Name>
              </Classification>
              <Classification ID="IND_13098" UserTypeID="stibo.IndexWord" Selected="false" Referenced="true">
                <Name>GearBox™ Double Box</Name>
              </Classification>
            </Classification>
            <Classification ID="IND_12443" UserTypeID="stibo.IndexWord" Selected="false" Referenced="true">
              <Name>Stubby Flex Combination Ratcheting</Name>
            </Classification>
            <Classification ID="IND_12520" UserTypeID="stibo.IndexWord" Selected="false" Referenced="true">
              <Name>XL Combination Ratcheting</Name>
            </Classification>
            <Classification ID="IND_12521" UserTypeID="stibo.IndexWord" Selected="false" Referenced="true">
              <Name>XL GearBox™ Double Box Ratcheting</Name>
            </Classification>
            <Classification ID="IND_12522" UserTypeID="stibo.IndexWord" Selected="false" Referenced="true">
              <Name>XL Locking Flex Combination Ratcheting</Name>
            </Classification>
            <Classification ID="IND_12526" UserTypeID="stibo.IndexWord" Selected="false" Referenced="true">
              <Name>XL X-Beam™ Ratcheting</Name>
            </Classification>
          </Classification>
          <Classification ID="IND_12836" UserTypeID="stibo.IndexWord" Selected="false">
            <Name>120XP™ Ratchets</Name>
            <Classification ID="IND_12837" UserTypeID="stibo.IndexWord" Selected="false" Referenced="true">
              <Name>x01_1/4&quot; Drive</Name>
              <MetaData>
                <Value AttributeID="stibo.IndexSortWord">1</Value>
              </MetaData>
              <Classification ID="IND_21586" UserTypeID="stibo.IndexWord" Selected="false" Referenced="true">
                <Name>Flex</Name>
              </Classification>
            </Classification>
            <Classification ID="IND_12838" UserTypeID="stibo.IndexWord" Selected="false" Referenced="true">
              <Name>x02_3/8&quot; Drive</Name>
              <MetaData>
                <Value AttributeID="stibo.IndexSortWord">2</Value>
              </MetaData>
              <Classification ID="IND_21585" UserTypeID="stibo.IndexWord" Selected="false" Referenced="true">
                <Name>Flex</Name>
              </Classification>
            </Classification>
            <Classification ID="IND_12839" UserTypeID="stibo.IndexWord" Selected="false" Referenced="true">
              <Name>x03_1/2&quot; Drive</Name>
              <MetaData>
                <Value AttributeID="stibo.IndexSortWord">3</Value>
              </MetaData>
              <Classification ID="IND_21584" UserTypeID="stibo.IndexWord" Selected="false" Referenced="true">
                <Name>Flex</Name>
              </Classification>
            </Classification>
            <Classification ID="IND_21853" UserTypeID="stibo.IndexWord" Selected="false">
              <Name>Flex Head</Name>
              <Classification ID="IND_21854" UserTypeID="stibo.IndexWord" Selected="false" Referenced="true">
                <Name>x01_1/4&quot; Drive</Name>
              </Classification>
              <Classification ID="IND_21855" UserTypeID="stibo.IndexWord" Selected="false" Referenced="true">
                <Name>x02_3/8&quot; Drive</Name>
              </Classification>
              <Classification ID="IND_21856" UserTypeID="stibo.IndexWord" Selected="false" Referenced="true">
                <Name>x03_1/2&quot; Drive</Name>
              </Classification>
            </Classification>
          </Classification>
          <Classification ID="IND_12848" UserTypeID="stibo.IndexWord" Selected="false">
            <Name>Bearing</Name>
            <Classification ID="IND_12849" UserTypeID="stibo.IndexWord" Selected="false" Referenced="true">
              <Name>Bearing Packer, Hand</Name>
            </Classification>
            <Classification ID="IND_12852" UserTypeID="stibo.IndexWord" Selected="false" Referenced="true">
              <Name>Puller Set, Rear Axle</Name>
            </Classification>
          </Classification>
          <Classification ID="IND_12854" UserTypeID="stibo.IndexWord" Selected="false" Referenced="true">
            <Name>Oxygen Sensor Socket</Name>
            <Classification ID="IND_12855" UserTypeID="stibo.IndexWord" Selected="false" Referenced="true">
              <Name>Low Profile</Name>
            </Classification>
          </Classification>
          <Classification ID="IND_12857" UserTypeID="stibo.IndexWord" Selected="false" Referenced="true">
            <Name>Zerk Fitting Tool</Name>
          </Classification>
          <Classification ID="IND_12860" UserTypeID="stibo.IndexWord" Selected="false">
            <Name>Ignition Tester</Name>
            <Classification ID="IND_12862" UserTypeID="stibo.IndexWord" Selected="false" Referenced="true">
              <Name>HEI</Name>
            </Classification>
          </Classification>
          <Classification ID="IND_12864" UserTypeID="stibo.IndexWord" Selected="false">
            <Name>Thread Chaser</Name>
            <Classification ID="IND_12865" UserTypeID="stibo.IndexWord" Selected="false" Referenced="true">
              <Name>Spark Plug</Name>
            </Classification>
          </Classification>
          <Classification ID="IND_12873" UserTypeID="stibo.IndexWord" Selected="false" Referenced="true">
            <Name>Pullers, Gear</Name>
          </Classification>
          <Classification ID="IND_12874" UserTypeID="stibo.IndexWord" Selected="false" Referenced="true">
            <Name>Gear Pullers</Name>
            <Classification ID="IND_12875" UserTypeID="stibo.IndexWord" Selected="false" Referenced="true">
              <Name>Ratcheting Pullers</Name>
            </Classification>
          </Classification>
          <Classification ID="IND_12876" UserTypeID="stibo.IndexWord" Selected="false" Referenced="true">
            <Name>Thread Restorer Files</Name>
          </Classification>
          <Classification ID="IND_12967" UserTypeID="stibo.IndexWord" Selected="false">
            <Name>Technical Education Sets</Name>
            <Classification ID="IND_12995" UserTypeID="stibo.IndexWord" Selected="false" Referenced="true">
              <Name>Aviation</Name>
            </Classification>
            <Classification ID="IND_12997" UserTypeID="stibo.IndexWord" Selected="false" Referenced="true">
              <Name>Auto</Name>
            </Classification>
            <Classification ID="IND_12998" UserTypeID="stibo.IndexWord" Selected="false" Referenced="true">
              <Name>Diesel</Name>
            </Classification>
            <Classification ID="IND_13000" UserTypeID="stibo.IndexWord" Selected="false" Referenced="true">
              <Name>Starter Set</Name>
            </Classification>
          </Classification>
          <Classification ID="IND_13074" UserTypeID="stibo.IndexWord" Selected="false" Referenced="true">
            <Name>Rails, Socket</Name>
          </Classification>
          <Classification ID="IND_13099" UserTypeID="stibo.IndexWord" Selected="false" Referenced="true">
            <Name>Bits, Screwdriving</Name>
          </Classification>
          <Classification ID="IND_13129" UserTypeID="stibo.IndexWord" Selected="false">
            <Name>Files</Name>
            <Classification ID="IND_13389" UserTypeID="stibo.IndexWord" Selected="false">
              <Name>American Pattern</Name>
              <Classification ID="IND_13735" UserTypeID="stibo.IndexWord" Selected="false" Referenced="true">
                <Name>Flat Bastard</Name>
              </Classification>
            </Classification>
          </Classification>
          <Classification ID="IND_14241" UserTypeID="stibo.IndexWord" Selected="false">
            <Name>Impact Tool Sockets and Accessories, Power</Name>
            <Classification ID="IND_11602" UserTypeID="stibo.IndexWord" Selected="false">
              <Name>Impact Drive Tools</Name>
              <Classification ID="IND_11980" UserTypeID="stibo.IndexWord" Selected="false" Referenced="true">
                <Name>Adapters</Name>
              </Classification>
            </Classification>
            <Classification ID="IND_11604" UserTypeID="stibo.IndexWord" Selected="false">
              <Name>Impact Extensions</Name>
              <Classification ID="IND_11908" UserTypeID="stibo.IndexWord" Selected="false" Referenced="true">
                <Name>x03_1/2&quot; Drive</Name>
                <MetaData>
                  <Value AttributeID="stibo.IndexSortWord">3</Value>
                </MetaData>
              </Classification>
              <Classification ID="IND_11944" UserTypeID="stibo.IndexWord" Selected="false" Referenced="true">
                <Name>x04_3/4&quot; Drive</Name>
                <MetaData>
                  <Value AttributeID="stibo.IndexSortWord">4</Value>
                </MetaData>
              </Classification>
              <Classification ID="IND_11963" UserTypeID="stibo.IndexWord" Selected="false" Referenced="true">
                <Name>x02_3/8&quot; Drive</Name>
                <MetaData>
                  <Value AttributeID="stibo.IndexSortWord">2</Value>
                </MetaData>
              </Classification>
            </Classification>
            <Classification ID="IND_11605" UserTypeID="stibo.IndexWord" Selected="false">
              <Name>Impact Sets</Name>
              <Classification ID="IND_12880" UserTypeID="stibo.IndexWord" Selected="false" Referenced="true">
                <Name>x01_1/4&quot; Drive</Name>
                <MetaData>
                  <Value AttributeID="stibo.IndexSortWord">1</Value>
                </MetaData>
              </Classification>
            </Classification>
            <Classification ID="IND_11606" UserTypeID="stibo.IndexWord" Selected="false">
              <Name>Impact Sockets</Name>
              <Classification ID="IND_11910" UserTypeID="stibo.IndexWord" Selected="false" Referenced="true">
                <Name>x03_1/2&quot; Drive</Name>
                <MetaData>
                  <Value AttributeID="stibo.IndexSortWord">3</Value>
                </MetaData>
              </Classification>
              <Classification ID="IND_11925" UserTypeID="stibo.IndexWord" Selected="false" Referenced="true">
                <Name>x01_1/4&quot; Drive</Name>
                <MetaData>
                  <Value AttributeID="stibo.IndexSortWord">1</Value>
                </MetaData>
              </Classification>
              <Classification ID="IND_11946" UserTypeID="stibo.IndexWord" Selected="false" Referenced="true">
                <Name>x04_3/4&quot; Drive</Name>
                <MetaData>
                  <Value AttributeID="stibo.IndexSortWord">4</Value>
                </MetaData>
              </Classification>
              <Classification ID="IND_11965" UserTypeID="stibo.IndexWord" Selected="false" Referenced="true">
                <Name>x02_3/8&quot; Drive</Name>
                <MetaData>
                  <Value AttributeID="stibo.IndexSortWord">2</Value>
                </MetaData>
              </Classification>
              <Classification ID="IND_12166" UserTypeID="stibo.IndexWord" Selected="false" Referenced="true">
                <Name>Hex Bit / Driver Sockets</Name>
              </Classification>
              <Classification ID="IND_12490" UserTypeID="stibo.IndexWord" Selected="false" Referenced="true">
                <Name>Universal Sockets</Name>
              </Classification>
              <Classification ID="IND_21837" UserTypeID="stibo.IndexWord" Selected="false" Referenced="true">
                <Name>Thin Wall, Wheel Protector</Name>
              </Classification>
              <Classification ID="IND_21838" UserTypeID="stibo.IndexWord" Selected="false" Referenced="true">
                <Name>High Strength</Name>
              </Classification>
            </Classification>
            <Classification ID="IND_12886" UserTypeID="stibo.IndexWord" Selected="false">
              <Name>Impact Hex Bits / Drivers</Name>
              <Classification ID="IND_12887" UserTypeID="stibo.IndexWord" Selected="false" Referenced="true">
                <Name>x02_3/8&quot; Drive</Name>
                <MetaData>
                  <Value AttributeID="stibo.IndexSortWord">2</Value>
                </MetaData>
              </Classification>
              <Classification ID="IND_12892" UserTypeID="stibo.IndexWord" Selected="false" Referenced="true">
                <Name>x03_1/2&quot; Drive</Name>
                <MetaData>
                  <Value AttributeID="stibo.IndexSortWord">3</Value>
                </MetaData>
              </Classification>
            </Classification>
          </Classification>
          <Classification ID="IND_15204" UserTypeID="stibo.IndexWord" Selected="false" Referenced="true">
            <Name>Master Bolt Grip Set</Name>
          </Classification>
          <Classification ID="IND_15210" UserTypeID="stibo.IndexWord" Selected="false" Referenced="true">
            <Name>Magnetic Drive Tools</Name>
            <Classification ID="IND_21883" UserTypeID="stibo.IndexWord" Selected="false">
              <Name>Swivel Spark Plug Sockets</Name>
              <Classification ID="IND_21884" UserTypeID="stibo.IndexWord" Selected="false" Referenced="true">
                <Name>x02_3/8&quot; Drive</Name>
              </Classification>
            </Classification>
          </Classification>
          <Classification ID="IND_15292" UserTypeID="stibo.IndexWord" Selected="false" Referenced="true">
            <Name>Pivot Pin Remover</Name>
          </Classification>
          <Classification ID="IND_15318" UserTypeID="stibo.IndexWord" Selected="false">
            <Name>Roto Ratchet</Name>
            <Classification ID="IND_15319" UserTypeID="stibo.IndexWord" Selected="false" Referenced="true">
              <Name>x01_1/4&quot; Drive</Name>
              <MetaData>
                <Value AttributeID="stibo.IndexSortWord">1</Value>
              </MetaData>
            </Classification>
            <Classification ID="IND_15320" UserTypeID="stibo.IndexWord" Selected="false" Referenced="true">
              <Name>x02_3/8&quot; Drive</Name>
              <MetaData>
                <Value AttributeID="stibo.IndexSortWord">2</Value>
              </MetaData>
            </Classification>
          </Classification>
          <Classification ID="IND_15321" UserTypeID="stibo.IndexWord" Selected="false">
            <Name>Wobble Extensions</Name>
            <Classification ID="IND_15322" UserTypeID="stibo.IndexWord" Selected="false" Referenced="true">
              <Name>x01_1/4&quot; Drive</Name>
              <MetaData>
                <Value AttributeID="stibo.IndexSortWord">1</Value>
              </MetaData>
            </Classification>
            <Classification ID="IND_15323" UserTypeID="stibo.IndexWord" Selected="false" Referenced="true">
              <Name>x02_3/8&quot; Drive</Name>
              <MetaData>
                <Value AttributeID="stibo.IndexSortWord">2</Value>
              </MetaData>
            </Classification>
            <Classification ID="IND_15324" UserTypeID="stibo.IndexWord" Selected="false" Referenced="true">
              <Name>x03_1/2&quot; Drive</Name>
              <MetaData>
                <Value AttributeID="stibo.IndexSortWord">3</Value>
              </MetaData>
            </Classification>
          </Classification>
          <Classification ID="IND_21867" UserTypeID="stibo.IndexWord" Selected="false">
            <Name>Magnetic Oil Drain Plug Sockets</Name>
            <Classification ID="IND_21868" UserTypeID="stibo.IndexWord" Selected="false" Referenced="true">
              <Name>Sets</Name>
            </Classification>
            <Classification ID="IND_21869" UserTypeID="stibo.IndexWord" Selected="false" Referenced="true">
              <Name>Individual Sockets</Name>
            </Classification>
          </Classification>
          <Classification ID="IND_21870" UserTypeID="stibo.IndexWord" Selected="false">
            <Name>Oil Drain Plug Sockets</Name>
            <Classification ID="IND_21871" UserTypeID="stibo.IndexWord" Selected="false">
              <Name>Magnetic</Name>
              <Classification ID="IND_21872" UserTypeID="stibo.IndexWord" Selected="false" Referenced="true">
                <Name>Individual Sockets</Name>
              </Classification>
              <Classification ID="IND_21873" UserTypeID="stibo.IndexWord" Selected="false" Referenced="true">
                <Name>Sets</Name>
              </Classification>
            </Classification>
          </Classification>
        </Classification>
      </Classification>
      <Classification ID="Web Hierarchy" UserTypeID="Web Root" Selected="false">
        <Name>Web Root</Name>
        <Classification ID="Website_15786" UserTypeID="Website">
          <Name>GEARWRENCH</Name>
          <Classification ID="W1_15788" UserTypeID="Web Level 1">
            <Name>Auto Specialty</Name>
            <MetaData>
              <Value AttributeID="ATT15738">1</Value>
            </MetaData>
            <Classification ID="W2_15837" UserTypeID="Web Level 2" Referenced="true">
              <Name>Engine Tools</Name>
              <MetaData>
                <Value AttributeID="ATT15738">1</Value>
              </MetaData>
            </Classification>
            <Classification ID="W2_15840" UserTypeID="Web Level 2" Referenced="true">
              <Name>Brake &amp; Wheel</Name>
              <MetaData>
                <Value AttributeID="ATT15738">2</Value>
              </MetaData>
            </Classification>
            <Classification ID="W2_15841" UserTypeID="Web Level 2" Referenced="true">
              <Name>Oil Filter Wrenches</Name>
              <MetaData>
                <Value AttributeID="ATT15738">3</Value>
              </MetaData>
            </Classification>
            <Classification ID="W2_15839" UserTypeID="Web Level 2" Referenced="true">
              <Name>Body Tools</Name>
              <MetaData>
                <Value AttributeID="ATT15738">4</Value>
              </MetaData>
            </Classification>
            <Classification ID="W2_15836" UserTypeID="Web Level 2" Referenced="true">
              <Name>Service Kits</Name>
              <MetaData>
                <Value AttributeID="ATT15738">5</Value>
              </MetaData>
            </Classification>
            <Classification ID="W2_15838" UserTypeID="Web Level 2" Referenced="true">
              <Name>Battery, Ignition &amp; Electrical</Name>
              <MetaData>
                <Value AttributeID="ATT15738">6</Value>
              </MetaData>
            </Classification>
            <Classification ID="W2_15842" UserTypeID="Web Level 2" Referenced="true">
              <Name>Steering, Suspension &amp; Drive Train</Name>
              <MetaData>
                <Value AttributeID="ATT15738">7</Value>
              </MetaData>
            </Classification>
          </Classification>
          <Classification ID="W1_15789" UserTypeID="Web Level 1">
            <Name>Cutting Tools</Name>
            <MetaData>
              <Value AttributeID="ATT15738">2</Value>
            </MetaData>
            <Classification ID="W2_15829" UserTypeID="Web Level 2" Referenced="true">
              <Name>Ratcheting Tap and Die</Name>
              <MetaData>
                <Value AttributeID="ATT15738">1</Value>
              </MetaData>
            </Classification>
            <Classification ID="W2_15828" UserTypeID="Web Level 2" Referenced="true">
              <Name>Files</Name>
              <MetaData>
                <Value AttributeID="ATT15738">2</Value>
              </MetaData>
            </Classification>
            <Classification ID="W2_729587" UserTypeID="Web Level 2" Referenced="true">
              <Name>Other Cutting</Name>
              <MetaData>
                <Value AttributeID="ATT15738">3</Value>
              </MetaData>
            </Classification>
          </Classification>
          <Classification ID="W1_15791" UserTypeID="Web Level 1">
            <Name>Tool Storage</Name>
            <MetaData>
              <Value AttributeID="ATT15738">17</Value>
            </MetaData>
            <Classification ID="W2_787570" UserTypeID="Web Level 2" Referenced="true">
              <Name>GSX Series</Name>
              <MetaData>
                <Value AttributeID="ATT15738">1</Value>
              </MetaData>
            </Classification>
            <Classification ID="W2_728280" UserTypeID="Web Level 2" Referenced="true">
              <Name>Mobile</Name>
              <MetaData>
                <Value AttributeID="ATT15738">2</Value>
              </MetaData>
            </Classification>
            <Classification ID="W2_16111" UserTypeID="Web Level 2" Referenced="true">
              <Name>Portable</Name>
              <MetaData>
                <Value AttributeID="ATT15738">3</Value>
              </MetaData>
            </Classification>
            <Classification ID="W2_15804" UserTypeID="Web Level 2" Referenced="true">
              <Name>Accessories</Name>
              <MetaData>
                <Value AttributeID="ATT15738">4</Value>
              </MetaData>
            </Classification>
          </Classification>
          <Classification ID="W1_15792" UserTypeID="Web Level 1">
            <Name>Impact Products</Name>
            <MetaData>
              <Value AttributeID="ATT15738">4</Value>
            </MetaData>
            <Classification ID="W2_15834" UserTypeID="Web Level 2">
              <Name>Sockets</Name>
              <MetaData>
                <Value AttributeID="ATT15738">1</Value>
              </MetaData>
              <Classification ID="W3_735405" UserTypeID="Web Level 3" Referenced="true">
                <Name>Standard</Name>
                <MetaData>
                  <Value AttributeID="ATT15738">1</Value>
                </MetaData>
              </Classification>
              <Classification ID="W3_735403" UserTypeID="Web Level 3" Referenced="true">
                <Name>Deep</Name>
                <MetaData>
                  <Value AttributeID="ATT15738">2</Value>
                </MetaData>
              </Classification>
              <Classification ID="W3_735402" UserTypeID="Web Level 3" Referenced="true">
                <Name>Bit</Name>
                <MetaData>
                  <Value AttributeID="ATT15738">3</Value>
                </MetaData>
              </Classification>
              <Classification ID="W3_735407" UserTypeID="Web Level 3" Referenced="true">
                <Name>Flex</Name>
                <MetaData>
                  <Value AttributeID="ATT15738">4</Value>
                </MetaData>
              </Classification>
              <Classification ID="W3_735404" UserTypeID="Web Level 3" Referenced="true">
                <Name>Mixed Sets</Name>
                <MetaData>
                  <Value AttributeID="ATT15738">5</Value>
                </MetaData>
              </Classification>
            </Classification>
            <Classification ID="W2_15833" UserTypeID="Web Level 2">
              <Name>Drive Tools</Name>
              <MetaData>
                <Value AttributeID="ATT15738">2</Value>
              </MetaData>
              <Classification ID="W3_735408" UserTypeID="Web Level 3" Referenced="true">
                <Name>Extensions</Name>
                <MetaData>
                  <Value AttributeID="ATT15738">1</Value>
                </MetaData>
              </Classification>
              <Classification ID="W3_735409" UserTypeID="Web Level 3" Referenced="true">
                <Name>Adapters</Name>
                <MetaData>
                  <Value AttributeID="ATT15738">2</Value>
                </MetaData>
              </Classification>
              <Classification ID="W3_735410" UserTypeID="Web Level 3" Referenced="true">
                <Name>Universal Joints</Name>
                <MetaData>
                  <Value AttributeID="ATT15738">3</Value>
                </MetaData>
              </Classification>
              <Classification ID="W3_735411" UserTypeID="Web Level 3" Referenced="true">
                <Name>Accessories</Name>
                <MetaData>
                  <Value AttributeID="ATT15738">4</Value>
                </MetaData>
              </Classification>
            </Classification>
          </Classification>
          <Classification ID="W1_15793" UserTypeID="Web Level 1">
            <Name>Ratchets and Drive Tools</Name>
            <MetaData>
              <Value AttributeID="ATT15738">10</Value>
            </MetaData>
            <Classification ID="W2_714193" UserTypeID="Web Level 2">
              <Name>Ratchets</Name>
              <MetaData>
                <Value AttributeID="ATT15738">1</Value>
              </MetaData>
              <Classification ID="W3_714195" UserTypeID="Web Level 3" Referenced="true">
                <Name>1/4&quot; Drive</Name>
                <MetaData>
                  <Value AttributeID="ATT15738">1</Value>
                </MetaData>
              </Classification>
              <Classification ID="W3_714196" UserTypeID="Web Level 3" Referenced="true">
                <Name>3/8&quot; Drive</Name>
                <MetaData>
                  <Value AttributeID="ATT15738">2</Value>
                </MetaData>
              </Classification>
              <Classification ID="W3_714197" UserTypeID="Web Level 3" Referenced="true">
                <Name>1/2&quot; Drive</Name>
                <MetaData>
                  <Value AttributeID="ATT15738">3</Value>
                </MetaData>
              </Classification>
              <Classification ID="W3_714199" UserTypeID="Web Level 3" Referenced="true">
                <Name>3/4&quot; Drive</Name>
                <MetaData>
                  <Value AttributeID="ATT15738">4</Value>
                </MetaData>
              </Classification>
              <Classification ID="W3_714200" UserTypeID="Web Level 3" Referenced="true">
                <Name>1&quot; Drive</Name>
                <MetaData>
                  <Value AttributeID="ATT15738">5</Value>
                </MetaData>
              </Classification>
              <Classification ID="W3_714201" UserTypeID="Web Level 3" Referenced="true">
                <Name>Multi-Drive</Name>
                <MetaData>
                  <Value AttributeID="ATT15738">6</Value>
                </MetaData>
              </Classification>
            </Classification>
            <Classification ID="W2_22076" UserTypeID="Web Level 2" Referenced="true">
              <Name>Pass-Thru™</Name>
              <MetaData>
                <Value AttributeID="ATT15738">2</Value>
              </MetaData>
            </Classification>
            <Classification ID="W2_16070" UserTypeID="Web Level 2" Referenced="true">
              <Name>Drive Handles</Name>
              <MetaData>
                <Value AttributeID="ATT15738">3</Value>
              </MetaData>
            </Classification>
            <Classification ID="W2_15818" UserTypeID="Web Level 2" Referenced="true">
              <Name>Extensions</Name>
              <MetaData>
                <Value AttributeID="ATT15738">4</Value>
              </MetaData>
            </Classification>
            <Classification ID="W2_16115" UserTypeID="Web Level 2" Referenced="true">
              <Name>Adapters</Name>
              <MetaData>
                <Value AttributeID="ATT15738">5</Value>
              </MetaData>
            </Classification>
            <Classification ID="W2_16116" UserTypeID="Web Level 2" Referenced="true">
              <Name>Universal Joints</Name>
              <MetaData>
                <Value AttributeID="ATT15738">6</Value>
              </MetaData>
            </Classification>
          </Classification>
          <Classification ID="W1_15794" UserTypeID="Web Level 1">
            <Name>Torque Products</Name>
            <MetaData>
              <Value AttributeID="ATT15738">18</Value>
            </MetaData>
            <Classification ID="W2_16148" UserTypeID="Web Level 2" Referenced="true">
              <Name>Micrometer</Name>
              <MetaData>
                <Value AttributeID="ATT15738">1</Value>
              </MetaData>
            </Classification>
            <Classification ID="W2_16149" UserTypeID="Web Level 2" Referenced="true">
              <Name>Electronic</Name>
              <MetaData>
                <Value AttributeID="ATT15738">2</Value>
              </MetaData>
            </Classification>
            <Classification ID="W2_714256" UserTypeID="Web Level 2" Referenced="true">
              <Name>Beam</Name>
              <MetaData>
                <Value AttributeID="ATT15738">3</Value>
              </MetaData>
            </Classification>
            <Classification ID="W2_787586" UserTypeID="Web Level 2" Referenced="true">
              <Name>Interchangeable Head</Name>
              <MetaData>
                <Value AttributeID="ATT15738">4</Value>
              </MetaData>
            </Classification>
            <Classification ID="W2_787587" UserTypeID="Web Level 2" Referenced="true">
              <Name>Screwdriver</Name>
              <MetaData>
                <Value AttributeID="ATT15738">5</Value>
              </MetaData>
            </Classification>
            <Classification ID="W2_714257" UserTypeID="Web Level 2" Referenced="true">
              <Name>Multipliers</Name>
              <MetaData>
                <Value AttributeID="ATT15738">6</Value>
              </MetaData>
            </Classification>
            <Classification ID="W2_789977" UserTypeID="Web Level 2" Referenced="true">
              <Name>Testers</Name>
              <MetaData>
                <Value AttributeID="ATT15738">7</Value>
              </MetaData>
            </Classification>
          </Classification>
          <Classification ID="W1_15795" UserTypeID="Web Level 1">
            <Name>Screwdrivers and Nutdrivers</Name>
            <MetaData>
              <Value AttributeID="ATT15738">11</Value>
            </MetaData>
            <Classification ID="W2_15820" UserTypeID="Web Level 2">
              <Name>Screwdrivers</Name>
              <MetaData>
                <Value AttributeID="ATT15738">1</Value>
              </MetaData>
              <Classification ID="W3_16160" UserTypeID="Web Level 3" Referenced="true">
                <Name>Dual Material</Name>
                <MetaData>
                  <Value AttributeID="ATT15738">1</Value>
                </MetaData>
              </Classification>
              <Classification ID="W3_16161" UserTypeID="Web Level 3" Referenced="true">
                <Name>Acetate</Name>
                <MetaData>
                  <Value AttributeID="ATT15738">2</Value>
                </MetaData>
              </Classification>
              <Classification ID="W3_16163" UserTypeID="Web Level 3" Referenced="true">
                <Name>Bits</Name>
              </Classification>
            </Classification>
            <Classification ID="W2_16071" UserTypeID="Web Level 2" Referenced="true">
              <Name>Nutdrivers</Name>
              <MetaData>
                <Value AttributeID="ATT15738">2</Value>
              </MetaData>
            </Classification>
            <Classification ID="W2_15819" UserTypeID="Web Level 2" Referenced="true">
              <Name>Ratcheting</Name>
              <MetaData>
                <Value AttributeID="ATT15738">3</Value>
              </MetaData>
            </Classification>
            <Classification ID="W2_736537" UserTypeID="Web Level 2" Referenced="true">
              <Name>Screw Starters</Name>
              <MetaData>
                <Value AttributeID="ATT15738">4</Value>
              </MetaData>
            </Classification>
          </Classification>
          <Classification ID="W1_15796" UserTypeID="Web Level 1">
            <Name>Wrenches</Name>
            <MetaData>
              <Value AttributeID="ATT15738">19</Value>
            </MetaData>
            <Classification ID="W2_15806" UserTypeID="Web Level 2">
              <Name>Ratcheting</Name>
              <MetaData>
                <Value AttributeID="ATT15738">1</Value>
              </MetaData>
              <Classification ID="W3_16128" UserTypeID="Web Level 3" Referenced="true">
                <Name>Combination</Name>
                <MetaData>
                  <Value AttributeID="ATT15738">1</Value>
                </MetaData>
              </Classification>
              <Classification ID="W3_16138" UserTypeID="Web Level 3" Referenced="true">
                <Name>QuadBox™</Name>
                <MetaData>
                  <Value AttributeID="ATT15738">2</Value>
                </MetaData>
              </Classification>
              <Classification ID="W3_736552" UserTypeID="Web Level 3" Referenced="true">
                <Name>Double Box</Name>
                <MetaData>
                  <Value AttributeID="ATT15738">3</Value>
                </MetaData>
              </Classification>
              <Classification ID="W3_16141" UserTypeID="Web Level 3" Referenced="true">
                <Name>Crowfoot &amp; Flare Nut</Name>
                <MetaData>
                  <Value AttributeID="ATT15738">4</Value>
                </MetaData>
              </Classification>
              <Classification ID="W3_736555" UserTypeID="Web Level 3" Referenced="true">
                <Name>Accessories</Name>
                <MetaData>
                  <Value AttributeID="ATT15738">5</Value>
                </MetaData>
              </Classification>
            </Classification>
            <Classification ID="W2_15807" UserTypeID="Web Level 2">
              <Name>Non-Ratcheting</Name>
              <MetaData>
                <Value AttributeID="ATT15738">2</Value>
              </MetaData>
              <Classification ID="W3_16146" UserTypeID="Web Level 3" Referenced="true">
                <Name>Adjustable</Name>
                <MetaData>
                  <Value AttributeID="ATT15738">1</Value>
                </MetaData>
              </Classification>
              <Classification ID="W3_16145" UserTypeID="Web Level 3" Referenced="true">
                <Name>Combination</Name>
                <MetaData>
                  <Value AttributeID="ATT15738">2</Value>
                </MetaData>
              </Classification>
              <Classification ID="W3_736554" UserTypeID="Web Level 3" Referenced="true">
                <Name>Crowfoot &amp; Flare Nut</Name>
                <MetaData>
                  <Value AttributeID="ATT15738">3</Value>
                </MetaData>
              </Classification>
            </Classification>
            <Classification ID="W2_15808" UserTypeID="Web Level 2" Referenced="true">
              <Name>Industrial</Name>
              <MetaData>
                <Value AttributeID="ATT15738">3</Value>
              </MetaData>
            </Classification>
          </Classification>
          <Classification ID="W1_15797" UserTypeID="Web Level 1">
            <Name>Pliers</Name>
            <MetaData>
              <Value AttributeID="ATT15738">7</Value>
            </MetaData>
            <Classification ID="W2_792626" UserTypeID="Web Level 2" Referenced="true">
              <Name>Pitbull</Name>
              <MetaData>
                <Value AttributeID="ATT15738">1</Value>
              </MetaData>
            </Classification>
            <Classification ID="W2_671050" UserTypeID="Web Level 2" Referenced="true">
              <Name>Tongue and Groove</Name>
              <MetaData>
                <Value AttributeID="ATT15738">2</Value>
              </MetaData>
            </Classification>
            <Classification ID="W2_710190" UserTypeID="Web Level 2" Referenced="true">
              <Name>Slip Joint</Name>
              <MetaData>
                <Value AttributeID="ATT15738">3</Value>
              </MetaData>
            </Classification>
            <Classification ID="W2_710189" UserTypeID="Web Level 2" Referenced="true">
              <Name>Solid Joint</Name>
              <MetaData>
                <Value AttributeID="ATT15738">4</Value>
              </MetaData>
            </Classification>
            <Classification ID="W2_16061" UserTypeID="Web Level 2" Referenced="true">
              <Name>Double-X®</Name>
              <MetaData>
                <Value AttributeID="ATT15738">5</Value>
              </MetaData>
            </Classification>
            <Classification ID="W2_16152" UserTypeID="Web Level 2" Referenced="true">
              <Name>PivotForce™</Name>
              <MetaData>
                <Value AttributeID="ATT15738">6</Value>
              </MetaData>
            </Classification>
            <Classification ID="W2_16063" UserTypeID="Web Level 2" Referenced="true">
              <Name>Snap Ring</Name>
              <MetaData>
                <Value AttributeID="ATT15738">7</Value>
              </MetaData>
            </Classification>
            <Classification ID="W2_16154" UserTypeID="Web Level 2" Referenced="true">
              <Name>Specialty</Name>
              <MetaData>
                <Value AttributeID="ATT15738">8</Value>
              </MetaData>
            </Classification>
            <Classification ID="W2_16062" UserTypeID="Web Level 2" Referenced="true">
              <Name>Mini</Name>
              <MetaData>
                <Value AttributeID="ATT15738">9</Value>
              </MetaData>
            </Classification>
            <Classification ID="W2_710191" UserTypeID="Web Level 2" Referenced="true">
              <Name>Mixed Sets</Name>
              <MetaData>
                <Value AttributeID="ATT15738">10</Value>
              </MetaData>
            </Classification>
          </Classification>
          <Classification ID="W1_15798" UserTypeID="Web Level 1">
            <Name>Pry Bars</Name>
            <MetaData>
              <Value AttributeID="ATT15738">8</Value>
            </MetaData>
            <Classification ID="W2_660041" UserTypeID="Web Level 2" Referenced="true">
              <Name>Indexing</Name>
              <MetaData>
                <Value AttributeID="ATT15738">1</Value>
              </MetaData>
            </Classification>
            <Classification ID="W2_660042" UserTypeID="Web Level 2" Referenced="true">
              <Name>Standard</Name>
              <MetaData>
                <Value AttributeID="ATT15738">2</Value>
              </MetaData>
            </Classification>
          </Classification>
          <Classification ID="W1_15799" UserTypeID="Web Level 1">
            <Name>Striking and Struck</Name>
            <MetaData>
              <Value AttributeID="ATT15738">14</Value>
            </MetaData>
            <Classification ID="W2_15809" UserTypeID="Web Level 2" Referenced="true">
              <Name>Hammers</Name>
              <MetaData>
                <Value AttributeID="ATT15738">1</Value>
              </MetaData>
            </Classification>
            <Classification ID="W2_15810" UserTypeID="Web Level 2" Referenced="true">
              <Name>Punches and Chisels</Name>
              <MetaData>
                <Value AttributeID="ATT15738">2</Value>
              </MetaData>
            </Classification>
          </Classification>
          <Classification ID="W1_15847" UserTypeID="Web Level 1">
            <Name>Measuring and Inspection</Name>
            <MetaData>
              <Value AttributeID="ATT15738">6</Value>
            </MetaData>
            <Classification ID="W2_16065" UserTypeID="Web Level 2" Referenced="true">
              <Name>Feeler Gauges</Name>
              <MetaData>
                <Value AttributeID="ATT15738">1</Value>
              </MetaData>
            </Classification>
            <Classification ID="W2_16066" UserTypeID="Web Level 2" Referenced="true">
              <Name>Calipers</Name>
              <MetaData>
                <Value AttributeID="ATT15738">2</Value>
              </MetaData>
            </Classification>
            <Classification ID="W2_16067" UserTypeID="Web Level 2" Referenced="true">
              <Name>Inspection Tools</Name>
              <MetaData>
                <Value AttributeID="ATT15738">3</Value>
              </MetaData>
            </Classification>
          </Classification>
          <Classification ID="W1_15848" UserTypeID="Web Level 1">
            <Name>Pullers</Name>
            <MetaData>
              <Value AttributeID="ATT15738">9</Value>
            </MetaData>
            <Classification ID="W2_753942" UserTypeID="Web Level 2" Referenced="true">
              <Name>Ratcheting Pullers</Name>
              <MetaData>
                <Value AttributeID="ATT15738">1</Value>
              </MetaData>
            </Classification>
            <Classification ID="W2_753943" UserTypeID="Web Level 2" Referenced="true">
              <Name>Non Ratcheting Pullers</Name>
              <MetaData>
                <Value AttributeID="ATT15738">2</Value>
              </MetaData>
            </Classification>
            <Classification ID="W2_753944" UserTypeID="Web Level 2" Referenced="true">
              <Name>Repair Parts</Name>
              <MetaData>
                <Value AttributeID="ATT15738">3</Value>
              </MetaData>
            </Classification>
          </Classification>
          <Classification ID="W1_16113" UserTypeID="Web Level 1">
            <Name>Sockets</Name>
            <MetaData>
              <Value AttributeID="ATT15738">13</Value>
            </MetaData>
            <Classification ID="W2_16117" UserTypeID="Web Level 2" Referenced="true">
              <Name>Standard</Name>
              <MetaData>
                <Value AttributeID="ATT15738">1</Value>
              </MetaData>
            </Classification>
            <Classification ID="W2_16118" UserTypeID="Web Level 2" Referenced="true">
              <Name>Mid Length</Name>
              <MetaData>
                <Value AttributeID="ATT15738">2</Value>
              </MetaData>
            </Classification>
            <Classification ID="W2_16119" UserTypeID="Web Level 2" Referenced="true">
              <Name>Deep</Name>
              <MetaData>
                <Value AttributeID="ATT15738">3</Value>
              </MetaData>
            </Classification>
            <Classification ID="W2_16120" UserTypeID="Web Level 2" Referenced="true">
              <Name>Bit</Name>
              <MetaData>
                <Value AttributeID="ATT15738">4</Value>
              </MetaData>
            </Classification>
            <Classification ID="W2_16121" UserTypeID="Web Level 2" Referenced="true">
              <Name>Flex</Name>
              <MetaData>
                <Value AttributeID="ATT15738">5</Value>
              </MetaData>
            </Classification>
            <Classification ID="W2_683639" UserTypeID="Web Level 2" Referenced="true">
              <Name>Mixed Sets</Name>
              <MetaData>
                <Value AttributeID="ATT15738">6</Value>
              </MetaData>
            </Classification>
            <Classification ID="W2_16123" UserTypeID="Web Level 2" Referenced="true">
              <Name>Pass-Thru™</Name>
              <MetaData>
                <Value AttributeID="ATT15738">7</Value>
              </MetaData>
            </Classification>
          </Classification>
          <Classification ID="W1_727497" UserTypeID="Web Level 1" Referenced="true">
            <Name>Lighting</Name>
            <MetaData>
              <Value AttributeID="ATT15738">5</Value>
            </MetaData>
          </Classification>
          <Classification ID="W1_728251" UserTypeID="Web Level 1" Referenced="true">
            <Name>Shop Assist Equipment</Name>
            <MetaData>
              <Value AttributeID="ATT15738">12</Value>
            </MetaData>
          </Classification>
          <Classification ID="W1_736539" UserTypeID="Web Level 1">
            <Name>Tool Sets</Name>
            <MetaData>
              <Value AttributeID="ATT15738">16</Value>
            </MetaData>
            <Classification ID="W2_736540" UserTypeID="Web Level 2" Referenced="true">
              <Name>1/4&quot; Drive</Name>
              <MetaData>
                <Value AttributeID="ATT15738">1</Value>
              </MetaData>
            </Classification>
            <Classification ID="W2_736541" UserTypeID="Web Level 2" Referenced="true">
              <Name>3/8&quot; Drive</Name>
              <MetaData>
                <Value AttributeID="ATT15738">2</Value>
              </MetaData>
            </Classification>
            <Classification ID="W2_736542" UserTypeID="Web Level 2" Referenced="true">
              <Name>1/2&quot; Drive</Name>
              <MetaData>
                <Value AttributeID="ATT15738">3</Value>
              </MetaData>
            </Classification>
            <Classification ID="W2_736543" UserTypeID="Web Level 2" Referenced="true">
              <Name>3/4&quot; Drive</Name>
              <MetaData>
                <Value AttributeID="ATT15738">4</Value>
              </MetaData>
            </Classification>
            <Classification ID="W2_736544" UserTypeID="Web Level 2" Referenced="true">
              <Name>Multi Drive</Name>
              <MetaData>
                <Value AttributeID="ATT15738">5</Value>
              </MetaData>
            </Classification>
            <Classification ID="W2_736547" UserTypeID="Web Level 2" Referenced="true">
              <Name>Pass-Thru™</Name>
              <MetaData>
                <Value AttributeID="ATT15738">6</Value>
              </MetaData>
            </Classification>
            <Classification ID="W2_736546" UserTypeID="Web Level 2" Referenced="true">
              <Name>Tech Ed Sets</Name>
              <MetaData>
                <Value AttributeID="ATT15738">7</Value>
              </MetaData>
            </Classification>
          </Classification>
          <Classification ID="W1_781017" UserTypeID="Web Level 1">
            <Name>Tethered Products</Name>
            <MetaData>
              <Value AttributeID="ATT15738">15</Value>
            </MetaData>
            <Classification ID="W2_783461" UserTypeID="Web Level 2" Referenced="true">
              <Name>Lanyards and Wristbands</Name>
            </Classification>
            <Classification ID="W2_783462" UserTypeID="Web Level 2" Referenced="true">
              <Name>Attachment Points</Name>
            </Classification>
            <Classification ID="W2_783463" UserTypeID="Web Level 2" Referenced="true">
              <Name>Sets</Name>
            </Classification>
            <Classification ID="W2_787049" UserTypeID="Web Level 2" Referenced="true">
              <Name>Tether Ready Tools</Name>
              <MetaData>
                <Value AttributeID="ATT15738">4</Value>
              </MetaData>
            </Classification>
          </Classification>
          <Classification ID="W1_785249" UserTypeID="Web Level 1" Referenced="true">
            <Name>Extraction Tools</Name>
            <MetaData>
              <Value AttributeID="ATT15738">3</Value>
            </MetaData>
          </Classification>
        </Classification>
        <Classification ID="Website_15986" UserTypeID="Website" Selected="false">
          <Name>ATG</Name>
          <Classification ID="W1_15987" UserTypeID="Web Level 1" Selected="false">
            <Name>Hand Tools</Name>
            <MetaData>
              <Value AttributeID="ATT15738">1</Value>
            </MetaData>
            <Classification ID="W2_16008" UserTypeID="Web Level 2" Selected="false">
              <Name>Cutting &amp; Threading</Name>
              <AssetCrossReference AssetID="HT-nav_file_MenuIconSmall" Type="WebMenuImageSmall"/>
              <AssetCrossReference AssetID="HT-nav_file_MenuIcon" Type="WebCategoryImage"/>

              <MetaData>
                <Value AttributeID="ATT15738">1</Value>
              </MetaData>
              <Classification ID="W3_722038" UserTypeID="Web Level 3" Selected="false">
                <Name>Files</Name>
                <MetaData>
                  <Value AttributeID="ATT15738">1</Value>
                </MetaData>
                <Classification ID="W4_722041" UserTypeID="Web Level 4" Selected="false" Referenced="true">
                  <Name>Rasp</Name>
                  <MetaData>
                    <Value AttributeID="ATT15738">3</Value>
                  </MetaData>
                </Classification>
                <Classification ID="W4_722043" UserTypeID="Web Level 4" Selected="false" Referenced="true">
                  <Name>Sets</Name>
                  <MetaData>
                    <Value AttributeID="ATT15738">5</Value>
                  </MetaData>
                </Classification>
              </Classification>
              <Classification ID="W3_722235" UserTypeID="Web Level 3" Selected="false">
                <Name>Knives</Name>
                <MetaData>
                  <Value AttributeID="ATT15738">5</Value>
                </MetaData>
                <Classification ID="W4_722658" UserTypeID="Web Level 4" Selected="false" Referenced="true">
                  <Name>Folding</Name>
                  <MetaData>
                    <Value AttributeID="ATT15738">3</Value>
                  </MetaData>
                </Classification>
              </Classification>
              <Classification ID="W3_722049" UserTypeID="Web Level 3" Selected="false">
                <Name>Heavy-Duty Cutters</Name>
                <MetaData>
                  <Value AttributeID="ATT15738">6</Value>
                </MetaData>
                <Classification ID="W4_722051" UserTypeID="Web Level 4" Selected="false" Referenced="true">
                  <Name>Manual Cable</Name>
                  <MetaData>
                    <Value AttributeID="ATT15738">2</Value>
                  </MetaData>
                </Classification>
              </Classification>
              <Classification ID="W3_722238" UserTypeID="Web Level 3" Selected="false">
                <Name>Ratcheting Tap &amp; Dies</Name>
                <MetaData>
                  <Value AttributeID="ATT15738">7</Value>
                </MetaData>
                <Classification ID="W4_722240" UserTypeID="Web Level 4" Selected="false" Referenced="true">
                  <Name>Taps</Name>
                  <MetaData>
                    <Value AttributeID="ATT15738">1</Value>
                  </MetaData>
                </Classification>
                <Classification ID="W4_722239" UserTypeID="Web Level 4" Selected="false" Referenced="true">
                  <Name>Dies</Name>
                  <MetaData>
                    <Value AttributeID="ATT15738">2</Value>
                  </MetaData>
                </Classification>
                <Classification ID="W4_722241" UserTypeID="Web Level 4" Selected="false" Referenced="true">
                  <Name>Adapters</Name>
                  <MetaData>
                    <Value AttributeID="ATT15738">3</Value>
                  </MetaData>
                </Classification>
                <Classification ID="W4_722987" UserTypeID="Web Level 4" Selected="false" Referenced="true">
                  <Name>T Wrenches</Name>
                  <MetaData>
                    <Value AttributeID="ATT15738">4</Value>
                  </MetaData>
                </Classification>
                <Classification ID="W4_722242" UserTypeID="Web Level 4" Selected="false" Referenced="true">
                  <Name>Sets</Name>
                  <MetaData>
                    <Value AttributeID="ATT15738">5</Value>
                  </MetaData>
                </Classification>
              </Classification>
              <Classification ID="W3_722454" UserTypeID="Web Level 3" Selected="false" Referenced="true">
                <Name>Screw Extractors</Name>
                <MetaData>
                  <Value AttributeID="ATT15738">8</Value>
                </MetaData>
              </Classification>
              <Classification ID="W3_722453" UserTypeID="Web Level 3" Selected="false" Referenced="true">
                <Name>Thread Restorers</Name>
                <MetaData>
                  <Value AttributeID="ATT15738">9</Value>
                </MetaData>
              </Classification>
            </Classification>
            <Classification ID="W2_785253" UserTypeID="Web Level 2" Selected="false" Referenced="true">
              <Name>Extraction Tools</Name>
              <MetaData>
                <Value AttributeID="ATT15738">3</Value>
              </MetaData>
            </Classification>
            <Classification ID="W2_16002" UserTypeID="Web Level 2" Selected="false">
              <Name>Impact Products</Name>
              <AssetCrossReference AssetID="HT-nav_impact_MenuIconSmall" Type="WebMenuImageSmall"/>
              <AssetCrossReference AssetID="HT-nav_imp_MenuIcon_1" Type="WebCategoryImage"/>

              <MetaData>
                <Value AttributeID="ATT15738">4</Value>
              </MetaData>
              <Classification ID="W3_722304" UserTypeID="Web Level 3" Selected="false">
                <Name>Sockets</Name>
                <MetaData>
                  <Value AttributeID="ATT15738">1</Value>
                </MetaData>
                <Classification ID="W4_722329" UserTypeID="Web Level 4" Selected="false" Referenced="true">
                  <Name>Standard</Name>
                  <MetaData>
                    <Value AttributeID="ATT15738">1</Value>
                  </MetaData>
                </Classification>
                <Classification ID="W4_722330" UserTypeID="Web Level 4" Selected="false" Referenced="true">
                  <Name>Deep</Name>
                  <MetaData>
                    <Value AttributeID="ATT15738">2</Value>
                  </MetaData>
                </Classification>
                <Classification ID="W4_722331" UserTypeID="Web Level 4" Selected="false" Referenced="true">
                  <Name>Bit</Name>
                  <MetaData>
                    <Value AttributeID="ATT15738">3</Value>
                  </MetaData>
                </Classification>
                <Classification ID="W4_722332" UserTypeID="Web Level 4" Selected="false" Referenced="true">
                  <Name>Flex</Name>
                  <MetaData>
                    <Value AttributeID="ATT15738">4</Value>
                  </MetaData>
                </Classification>
                <Classification ID="W4_722988" UserTypeID="Web Level 4" Selected="false" Referenced="true">
                  <Name>Standard and Deep</Name>
                </Classification>
              </Classification>
              <Classification ID="W3_722305" UserTypeID="Web Level 3" Selected="false">
                <Name>Drive Tools</Name>
                <MetaData>
                  <Value AttributeID="ATT15738">2</Value>
                </MetaData>
                <Classification ID="W4_722333" UserTypeID="Web Level 4" Selected="false" Referenced="true">
                  <Name>Extensions</Name>
                  <MetaData>
                    <Value AttributeID="ATT15738">1</Value>
                  </MetaData>
                </Classification>
                <Classification ID="W4_722334" UserTypeID="Web Level 4" Selected="false" Referenced="true">
                  <Name>Adapters</Name>
                  <MetaData>
                    <Value AttributeID="ATT15738">2</Value>
                  </MetaData>
                </Classification>
                <Classification ID="W4_722335" UserTypeID="Web Level 4" Selected="false" Referenced="true">
                  <Name>Universal Joints</Name>
                  <MetaData>
                    <Value AttributeID="ATT15738">3</Value>
                  </MetaData>
                </Classification>
                <Classification ID="W4_722990" UserTypeID="Web Level 4" Selected="false" Referenced="true">
                  <Name>Accessories</Name>
                  <MetaData>
                    <Value AttributeID="ATT15738">4</Value>
                  </MetaData>
                </Classification>
              </Classification>
            </Classification>
            <Classification ID="W2_16010" UserTypeID="Web Level 2" Selected="false">
              <Name>Measuring &amp; Inspection</Name>
              <AssetCrossReference AssetID="HT-nav_meas_MenuIconSmall" Type="WebMenuImageSmall"/>
              <AssetCrossReference AssetID="HT-nav_meas_MenuIcon" Type="WebCategoryImage"/>

              <MetaData>
                <Value AttributeID="ATT15738">6</Value>
              </MetaData>
              <Classification ID="W3_722281" UserTypeID="Web Level 3" Selected="false" Referenced="true">
                <Name>Feeler Gauges</Name>
                <MetaData>
                  <Value AttributeID="ATT15738">3</Value>
                </MetaData>
              </Classification>
              <Classification ID="W3_722284" UserTypeID="Web Level 3" Selected="false" Referenced="true">
                <Name>Pick Up Tools</Name>
                <MetaData>
                  <Value AttributeID="ATT15738">7</Value>
                </MetaData>
              </Classification>
              <Classification ID="W3_722282" UserTypeID="Web Level 3" Selected="false" Referenced="true">
                <Name>Inspection Mirrors</Name>
                <MetaData>
                  <Value AttributeID="ATT15738">8</Value>
                </MetaData>
              </Classification>
              <Classification ID="W3_722283" UserTypeID="Web Level 3" Selected="false" Referenced="true">
                <Name>Calipers</Name>
                <MetaData>
                  <Value AttributeID="ATT15738">9</Value>
                </MetaData>
              </Classification>
            </Classification>
            <Classification ID="W2_16007" UserTypeID="Web Level 2" Selected="false">
              <Name>Pliers</Name>
              <AssetCrossReference AssetID="HT-nav_plier_MenuIcon2Small" Type="WebMenuImageSmall"/>
              <AssetCrossReference AssetID="HT-nav_plier_MenuIcon2" Type="WebCategoryImage"/>

              <MetaData>
                <Value AttributeID="ATT15738">7</Value>
              </MetaData>
              <Classification ID="W3_722469" UserTypeID="Web Level 3" Selected="false" Referenced="true">
                <Name>Solid Joint</Name>
                <MetaData>
                  <Value AttributeID="ATT15738">1</Value>
                </MetaData>
              </Classification>
              <Classification ID="W3_722470" UserTypeID="Web Level 3" Selected="false" Referenced="true">
                <Name>Slip Joint</Name>
                <MetaData>
                  <Value AttributeID="ATT15738">2</Value>
                </MetaData>
              </Classification>
              <Classification ID="W3_722471" UserTypeID="Web Level 3" Selected="false" Referenced="true">
                <Name>Tongue &amp; Groove</Name>
                <MetaData>
                  <Value AttributeID="ATT15738">3</Value>
                </MetaData>
              </Classification>
              <Classification ID="W3_722472" UserTypeID="Web Level 3" Selected="false" Referenced="true">
                <Name>Specialty</Name>
                <MetaData>
                  <Value AttributeID="ATT15738">4</Value>
                </MetaData>
              </Classification>
              <Classification ID="W3_722473" UserTypeID="Web Level 3" Selected="false" Referenced="true">
                <Name>Snap Ring</Name>
                <MetaData>
                  <Value AttributeID="ATT15738">5</Value>
                </MetaData>
              </Classification>
              <Classification ID="W3_722475" UserTypeID="Web Level 3" Selected="false" Referenced="true">
                <Name>Compound Action</Name>
                <MetaData>
                  <Value AttributeID="ATT15738">7</Value>
                </MetaData>
              </Classification>
              <Classification ID="W3_722479" UserTypeID="Web Level 3" Selected="false" Referenced="true">
                <Name>Compound Joint</Name>
                <MetaData>
                  <Value AttributeID="ATT15738">8</Value>
                </MetaData>
              </Classification>
              <Classification ID="W3_722476" UserTypeID="Web Level 3" Selected="false" Referenced="true">
                <Name>Mini</Name>
                <MetaData>
                  <Value AttributeID="ATT15738">9</Value>
                </MetaData>
              </Classification>
              <Classification ID="W3_722478" UserTypeID="Web Level 3" Selected="false" Referenced="true">
                <Name>Mixed Sets</Name>
                <MetaData>
                  <Value AttributeID="ATT15738">10</Value>
                </MetaData>
              </Classification>
            </Classification>
            <Classification ID="W2_16013" UserTypeID="Web Level 2" Selected="false">
              <Name>Pulling &amp; Clamping</Name>
              <AssetCrossReference AssetID="HT-nav_clamp_MenuIconSmall" Type="WebMenuImageSmall"/>
              <AssetCrossReference AssetID="HT-nav_clamp_MenuIcon" Type="WebCategoryImage"/>

              <MetaData>
                <Value AttributeID="ATT15738">9</Value>
              </MetaData>
              <Classification ID="W3_722585" UserTypeID="Web Level 3" Selected="false" Referenced="true">
                <Name>Pullers</Name>
                <MetaData>
                  <Value AttributeID="ATT15738">1</Value>
                </MetaData>
              </Classification>
              <Classification ID="W3_722586" UserTypeID="Web Level 3" Selected="false" Referenced="true">
                <Name>Replacement Parts</Name>
                <MetaData>
                  <Value AttributeID="ATT15738">3</Value>
                </MetaData>
              </Classification>
            </Classification>
            <Classification ID="W2_16012" UserTypeID="Web Level 2" Selected="false">
              <Name>Pry Bars &amp; Demolition</Name>
              <AssetCrossReference AssetID="HT-nav_pry_MenuIconSmall" Type="WebMenuImageSmall"/>
              <AssetCrossReference AssetID="HT-nav_pry_MenuIcon" Type="WebCategoryImage"/>

              <MetaData>
                <Value AttributeID="ATT15738">10</Value>
              </MetaData>
              <Classification ID="W3_722286" UserTypeID="Web Level 3" Selected="false" Referenced="true">
                <Name>Indexing</Name>
                <MetaData>
                  <Value AttributeID="ATT15738">1</Value>
                </MetaData>
              </Classification>
              <Classification ID="W3_722287" UserTypeID="Web Level 3" Selected="false" Referenced="true">
                <Name>Standard</Name>
                <MetaData>
                  <Value AttributeID="ATT15738">2</Value>
                </MetaData>
              </Classification>
              <Classification ID="W3_722288" UserTypeID="Web Level 3" Selected="false" Referenced="true">
                <Name>Nail Pullers</Name>
                <MetaData>
                  <Value AttributeID="ATT15738">3</Value>
                </MetaData>
              </Classification>
            </Classification>
            <Classification ID="W2_722357" UserTypeID="Web Level 2" Selected="false">
              <Name>Ratchets &amp; Drive Tools</Name>
              <AssetCrossReference AssetID="HT-nav_ratchet_MenuIconSmall" Type="WebMenuImageSmall"/>
              <AssetCrossReference AssetID="HT-nav_rat_MenuIcon" Type="WebCategoryImage"/>

              <MetaData>
                <Value AttributeID="ATT15738">11</Value>
              </MetaData>
              <Classification ID="W3_722358" UserTypeID="Web Level 3" Selected="false" Referenced="true">
                <Name>Ratchets</Name>
                <MetaData>
                  <Value AttributeID="ATT15738">1</Value>
                </MetaData>
              </Classification>
              <Classification ID="W3_722363" UserTypeID="Web Level 3" Selected="false" Referenced="true">
                <Name>Handles</Name>
                <MetaData>
                  <Value AttributeID="ATT15738">2</Value>
                </MetaData>
              </Classification>
              <Classification ID="W3_722359" UserTypeID="Web Level 3" Selected="false" Referenced="true">
                <Name>Pass-Thru™</Name>
                <MetaData>
                  <Value AttributeID="ATT15738">3</Value>
                </MetaData>
              </Classification>
              <Classification ID="W3_722361" UserTypeID="Web Level 3" Selected="false" Referenced="true">
                <Name>Extensions</Name>
                <MetaData>
                  <Value AttributeID="ATT15738">4</Value>
                </MetaData>
              </Classification>
              <Classification ID="W3_722360" UserTypeID="Web Level 3" Selected="false" Referenced="true">
                <Name>Adapters</Name>
                <MetaData>
                  <Value AttributeID="ATT15738">5</Value>
                </MetaData>
              </Classification>
              <Classification ID="W3_722362" UserTypeID="Web Level 3" Selected="false" Referenced="true">
                <Name>Universal Joints</Name>
                <MetaData>
                  <Value AttributeID="ATT15738">6</Value>
                </MetaData>
              </Classification>
              <Classification ID="W3_722364" UserTypeID="Web Level 3" Selected="false" Referenced="true">
                <Name>Replacement Parts</Name>
                <MetaData>
                  <Value AttributeID="ATT15738">7</Value>
                </MetaData>
              </Classification>
            </Classification>
            <Classification ID="W2_16006" UserTypeID="Web Level 2" Selected="false">
              <Name>Screwdrivers &amp; Nutdrivers</Name>
              <AssetCrossReference AssetID="HT-nav_screw_MenuIconSmall" Type="WebMenuImageSmall"/>
              <AssetCrossReference AssetID="HT-nav_screw_MenuIcon" Type="WebCategoryImage"/>

              <MetaData>
                <Value AttributeID="ATT15738">12</Value>
              </MetaData>
              <Classification ID="W3_722355" UserTypeID="Web Level 3" Selected="false" Referenced="true">
                <Name>Dual Material</Name>
                <MetaData>
                  <Value AttributeID="ATT15738">1</Value>
                </MetaData>
              </Classification>
              <Classification ID="W3_722349" UserTypeID="Web Level 3" Selected="false" Referenced="true">
                <Name>Acetate</Name>
                <MetaData>
                  <Value AttributeID="ATT15738">2</Value>
                </MetaData>
              </Classification>
              <Classification ID="W3_722351" UserTypeID="Web Level 3" Selected="false" Referenced="true">
                <Name>Bits &amp; Holders</Name>
                <MetaData>
                  <Value AttributeID="ATT15738">3</Value>
                </MetaData>
              </Classification>
              <Classification ID="W3_722353" UserTypeID="Web Level 3" Selected="false" Referenced="true">
                <Name>Ratcheting</Name>
                <MetaData>
                  <Value AttributeID="ATT15738">4</Value>
                </MetaData>
              </Classification>
              <Classification ID="W3_722352" UserTypeID="Web Level 3" Selected="false" Referenced="true">
                <Name>Nutdrivers</Name>
                <MetaData>
                  <Value AttributeID="ATT15738">5</Value>
                </MetaData>
              </Classification>
              <Classification ID="W3_722986" UserTypeID="Web Level 3" Selected="false" Referenced="true">
                <Name>Screw Starters</Name>
                <MetaData>
                  <Value AttributeID="ATT15738">6</Value>
                </MetaData>
              </Classification>
            </Classification>
            <Classification ID="W2_722294" UserTypeID="Web Level 2" Selected="false">
              <Name>Sockets</Name>
              <AssetCrossReference AssetID="HT-nav-socket-MenuIconSmall" Type="WebMenuImageSmall"/>
              <AssetCrossReference AssetID="HT-nav_sock_MenuIcon" Type="WebCategoryImage"/>

              <MetaData>
                <Value AttributeID="ATT15738">13</Value>
              </MetaData>
              <Classification ID="W3_722295" UserTypeID="Web Level 3" Selected="false" Referenced="true">
                <Name>Standard</Name>
                <MetaData>
                  <Value AttributeID="ATT15738">1</Value>
                </MetaData>
              </Classification>
              <Classification ID="W3_722297" UserTypeID="Web Level 3" Selected="false" Referenced="true">
                <Name>Mid-Length</Name>
                <MetaData>
                  <Value AttributeID="ATT15738">2</Value>
                </MetaData>
              </Classification>
              <Classification ID="W3_722296" UserTypeID="Web Level 3" Selected="false" Referenced="true">
                <Name>Deep</Name>
                <MetaData>
                  <Value AttributeID="ATT15738">3</Value>
                </MetaData>
              </Classification>
              <Classification ID="W3_722298" UserTypeID="Web Level 3" Selected="false" Referenced="true">
                <Name>Bit</Name>
                <MetaData>
                  <Value AttributeID="ATT15738">4</Value>
                </MetaData>
              </Classification>
              <Classification ID="W3_722299" UserTypeID="Web Level 3" Selected="false" Referenced="true">
                <Name>Pass-Thru™</Name>
                <MetaData>
                  <Value AttributeID="ATT15738">5</Value>
                </MetaData>
              </Classification>
              <Classification ID="W3_722300" UserTypeID="Web Level 3" Selected="false" Referenced="true">
                <Name>Flex</Name>
                <MetaData>
                  <Value AttributeID="ATT15738">6</Value>
                </MetaData>
              </Classification>
              <Classification ID="W3_799759" UserTypeID="Web Level 3" Selected="false" Referenced="true">
                <Name>Mixed Sets</Name>
              </Classification>
              <Classification ID="W3_722301" UserTypeID="Web Level 3" Selected="false" Referenced="true">
                <Name>Crowfoot &amp; Flare Nut</Name>
                <MetaData>
                  <Value AttributeID="ATT15738">7</Value>
                </MetaData>
              </Classification>
              <Classification ID="W3_722302" UserTypeID="Web Level 3" Selected="false" Referenced="true">
                <Name>Auto Specialty</Name>
                <MetaData>
                  <Value AttributeID="ATT15738">8</Value>
                </MetaData>
              </Classification>
            </Classification>
            <Classification ID="W2_16011" UserTypeID="Web Level 2" Selected="false">
              <Name>Striking &amp; Struck</Name>
              <AssetCrossReference AssetID="HT-nav_strike_MenuIcon2Small" Type="WebMenuImageSmall"/>
              <AssetCrossReference AssetID="HT-nav_strike_MenuIcon2" Type="WebCategoryImage"/>

              <MetaData>
                <Value AttributeID="ATT15738">14</Value>
              </MetaData>
              <Classification ID="W3_722317" UserTypeID="Web Level 3" Selected="false" Referenced="true">
                <Name>Hammers</Name>
                <MetaData>
                  <Value AttributeID="ATT15738">1</Value>
                </MetaData>
                <Classification ID="W4_722322" UserTypeID="Web Level 4" Selected="false" Referenced="true">
                  <Name>Ball Pein</Name>
                  <MetaData>
                    <Value AttributeID="ATT15738">1</Value>
                  </MetaData>
                </Classification>
                <Classification ID="W4_722323" UserTypeID="Web Level 4" Selected="false" Referenced="true">
                  <Name>Brass &amp; Copper</Name>
                  <MetaData>
                    <Value AttributeID="ATT15738">2</Value>
                  </MetaData>
                </Classification>
                <Classification ID="W4_722324" UserTypeID="Web Level 4" Selected="false" Referenced="true">
                  <Name>Claw</Name>
                  <MetaData>
                    <Value AttributeID="ATT15738">3</Value>
                  </MetaData>
                </Classification>
                <Classification ID="W4_722325" UserTypeID="Web Level 4" Selected="false" Referenced="true">
                  <Name>Dead Blow</Name>
                  <MetaData>
                    <Value AttributeID="ATT15738">4</Value>
                  </MetaData>
                </Classification>
                <Classification ID="W4_722326" UserTypeID="Web Level 4" Selected="false" Referenced="true">
                  <Name>Mallet</Name>
                  <MetaData>
                    <Value AttributeID="ATT15738">5</Value>
                  </MetaData>
                </Classification>
                <Classification ID="W4_722327" UserTypeID="Web Level 4" Selected="false" Referenced="true">
                  <Name>Sledge</Name>
                  <MetaData>
                    <Value AttributeID="ATT15738">6</Value>
                  </MetaData>
                </Classification>
                <Classification ID="W4_722328" UserTypeID="Web Level 4" Selected="false" Referenced="true">
                  <Name>Soft Face</Name>
                  <MetaData>
                    <Value AttributeID="ATT15738">7</Value>
                  </MetaData>
                </Classification>
                <Classification ID="W4_722953" UserTypeID="Web Level 4" Selected="false" Referenced="true">
                  <Name>Specialty</Name>
                  <MetaData>
                    <Value AttributeID="ATT15738">8</Value>
                  </MetaData>
                </Classification>
                <Classification ID="W4_722956" UserTypeID="Web Level 4" Selected="false" Referenced="true">
                  <Name>Sets</Name>
                  <MetaData>
                    <Value AttributeID="ATT15738">9</Value>
                  </MetaData>
                </Classification>
              </Classification>
              <Classification ID="W3_722318" UserTypeID="Web Level 3" Selected="false">
                <Name>Punches &amp; Chisels</Name>
                <MetaData>
                  <Value AttributeID="ATT15738">3</Value>
                </MetaData>
                <Classification ID="W4_722319" UserTypeID="Web Level 4" Selected="false" Referenced="true">
                  <Name>Punches</Name>
                  <MetaData>
                    <Value AttributeID="ATT15738">1</Value>
                  </MetaData>
                </Classification>
                <Classification ID="W4_722320" UserTypeID="Web Level 4" Selected="false" Referenced="true">
                  <Name>Chisels</Name>
                  <MetaData>
                    <Value AttributeID="ATT15738">2</Value>
                  </MetaData>
                </Classification>
                <Classification ID="W4_722321" UserTypeID="Web Level 4" Selected="false" Referenced="true">
                  <Name>Mixed Sets</Name>
                  <MetaData>
                    <Value AttributeID="ATT15738">3</Value>
                  </MetaData>
                </Classification>
              </Classification>
            </Classification>
            <Classification ID="W2_783464" UserTypeID="Web Level 2" Selected="false">
              <Name>Tethered Products</Name>
              <MetaData>
                <Value AttributeID="ATT15738">15</Value>
              </MetaData>
              <Classification ID="W3_783466" UserTypeID="Web Level 3" Selected="false" Referenced="true">
                <Name>Lanyards &amp; Wristbands</Name>
                <MetaData>
                  <Value AttributeID="ATT15738">1</Value>
                </MetaData>
              </Classification>
              <Classification ID="W3_783465" UserTypeID="Web Level 3" Selected="false" Referenced="true">
                <Name>Attachment Points</Name>
                <MetaData>
                  <Value AttributeID="ATT15738">2</Value>
                </MetaData>
              </Classification>
              <Classification ID="W3_783467" UserTypeID="Web Level 3" Selected="false" Referenced="true">
                <Name>Sets</Name>
                <MetaData>
                  <Value AttributeID="ATT15738">3</Value>
                </MetaData>
              </Classification>
              <Classification ID="W3_787050" UserTypeID="Web Level 3" Selected="false" Referenced="true">
                <Name>Tether Ready Tools</Name>
                <MetaData>
                  <Value AttributeID="ATT15738">4</Value>
                </MetaData>
              </Classification>
            </Classification>
            <Classification ID="W2_16016" UserTypeID="Web Level 2" Selected="false">
              <Name>Tool Sets</Name>
              <AssetCrossReference AssetID="HT-nav-master-MenuIconSmall" Type="WebMenuImageSmall"/>
              <AssetCrossReference AssetID="HT-nav_set_MenuIcon" Type="WebCategoryImage"/>

              <MetaData>
                <Value AttributeID="ATT15738">16</Value>
              </MetaData>
              <Classification ID="W3_722309" UserTypeID="Web Level 3" Selected="false" Referenced="true">
                <Name>1/4&quot; Drive</Name>
                <MetaData>
                  <Value AttributeID="ATT15738">1</Value>
                </MetaData>
              </Classification>
              <Classification ID="W3_722311" UserTypeID="Web Level 3" Selected="false" Referenced="true">
                <Name>3/8&quot; Drive</Name>
                <MetaData>
                  <Value AttributeID="ATT15738">2</Value>
                </MetaData>
              </Classification>
              <Classification ID="W3_722312" UserTypeID="Web Level 3" Selected="false" Referenced="true">
                <Name>1/2&quot; Drive</Name>
                <MetaData>
                  <Value AttributeID="ATT15738">3</Value>
                </MetaData>
              </Classification>
              <Classification ID="W3_722310" UserTypeID="Web Level 3" Selected="false" Referenced="true">
                <Name>3/4&quot; Drive</Name>
                <MetaData>
                  <Value AttributeID="ATT15738">4</Value>
                </MetaData>
              </Classification>
              <Classification ID="W3_722314" UserTypeID="Web Level 3" Selected="false" Referenced="true">
                <Name>Multi-Drive</Name>
                <MetaData>
                  <Value AttributeID="ATT15738">5</Value>
                </MetaData>
              </Classification>
              <Classification ID="W3_722315" UserTypeID="Web Level 3" Selected="false" Referenced="true">
                <Name>Pass-Thru™</Name>
                <MetaData>
                  <Value AttributeID="ATT15738">6</Value>
                </MetaData>
              </Classification>
              <Classification ID="W3_722316" UserTypeID="Web Level 3" Selected="false" Referenced="true">
                <Name>Mixed Single Size</Name>
                <MetaData>
                  <Value AttributeID="ATT15738">7</Value>
                </MetaData>
              </Classification>
            </Classification>
            <Classification ID="W2_16005" UserTypeID="Web Level 2" Selected="false">
              <Name>Torque Products</Name>
              <AssetCrossReference AssetID="HT-nav_torq_MenuIconSmall" Type="WebMenuImageSmall"/>
              <AssetCrossReference AssetID="HT-nav_torq_MenuIcon" Type="WebCategoryImage"/>

              <MetaData>
                <Value AttributeID="ATT15738">17</Value>
              </MetaData>
              <Classification ID="W3_722346" UserTypeID="Web Level 3" Selected="false" Referenced="true">
                <Name>Micrometer</Name>
                <MetaData>
                  <Value AttributeID="ATT15738">1</Value>
                </MetaData>
              </Classification>
              <Classification ID="W3_722344" UserTypeID="Web Level 3" Selected="false" Referenced="true">
                <Name>Electronic</Name>
                <MetaData>
                  <Value AttributeID="ATT15738">2</Value>
                </MetaData>
              </Classification>
              <Classification ID="W3_722343" UserTypeID="Web Level 3" Selected="false" Referenced="true">
                <Name>Beam</Name>
                <MetaData>
                  <Value AttributeID="ATT15738">3</Value>
                </MetaData>
              </Classification>
              <Classification ID="W3_787584" UserTypeID="Web Level 3" Selected="false" Referenced="true">
                <Name>Interchangeable Head</Name>
                <MetaData>
                  <Value AttributeID="ATT15738">4</Value>
                </MetaData>
              </Classification>
              <Classification ID="W3_787585" UserTypeID="Web Level 3" Selected="false" Referenced="true">
                <Name>Screwdrivers</Name>
                <MetaData>
                  <Value AttributeID="ATT15738">5</Value>
                </MetaData>
              </Classification>
              <Classification ID="W3_722347" UserTypeID="Web Level 3" Selected="false" Referenced="true">
                <Name>Multipliers</Name>
                <MetaData>
                  <Value AttributeID="ATT15738">6</Value>
                </MetaData>
              </Classification>
              <Classification ID="W3_789976" UserTypeID="Web Level 3" Selected="false" Referenced="true">
                <Name>Testers</Name>
                <MetaData>
                  <Value AttributeID="ATT15738">7</Value>
                </MetaData>
              </Classification>
            </Classification>
            <Classification ID="W2_722455" UserTypeID="Web Level 2" Selected="false">
              <Name>Trade Tools</Name>
              <AssetCrossReference AssetID="HT-nav_auto_MenuIconSmall" Type="WebMenuImageSmall"/>
              <AssetCrossReference AssetID="HT-nav_auto_MenuIcon" Type="WebCategoryImage"/>

              <MetaData>
                <Value AttributeID="ATT15738">18</Value>
              </MetaData>
              <Classification ID="W3_722456" UserTypeID="Web Level 3" Selected="false">
                <Name>Automotive</Name>
                <MetaData>
                  <Value AttributeID="ATT15738">1</Value>
                </MetaData>
                <Classification ID="W4_722461" UserTypeID="Web Level 4" Selected="false" Referenced="true">
                  <Name>Engine Tools</Name>
                  <MetaData>
                    <Value AttributeID="ATT15738">1</Value>
                  </MetaData>
                </Classification>
                <Classification ID="W4_722462" UserTypeID="Web Level 4" Selected="false" Referenced="true">
                  <Name>Brake &amp; Wheel</Name>
                  <MetaData>
                    <Value AttributeID="ATT15738">2</Value>
                  </MetaData>
                </Classification>
                <Classification ID="W4_722463" UserTypeID="Web Level 4" Selected="false" Referenced="true">
                  <Name>Oil Filter Wrenches</Name>
                  <MetaData>
                    <Value AttributeID="ATT15738">3</Value>
                  </MetaData>
                </Classification>
                <Classification ID="W4_722464" UserTypeID="Web Level 4" Selected="false" Referenced="true">
                  <Name>Service Kits</Name>
                  <MetaData>
                    <Value AttributeID="ATT15738">4</Value>
                  </MetaData>
                </Classification>
                <Classification ID="W4_722465" UserTypeID="Web Level 4" Selected="false" Referenced="true">
                  <Name>Body Tools</Name>
                  <MetaData>
                    <Value AttributeID="ATT15738">5</Value>
                  </MetaData>
                </Classification>
                <Classification ID="W4_722466" UserTypeID="Web Level 4" Selected="false" Referenced="true">
                  <Name>Battery, Ignition &amp; Electrical</Name>
                  <MetaData>
                    <Value AttributeID="ATT15738">6</Value>
                  </MetaData>
                </Classification>
                <Classification ID="W4_722468" UserTypeID="Web Level 4" Selected="false" Referenced="true">
                  <Name>Steering, Suspension &amp; Drive Train</Name>
                  <MetaData>
                    <Value AttributeID="ATT15738">7</Value>
                  </MetaData>
                </Classification>
              </Classification>
              <Classification ID="W3_722457" UserTypeID="Web Level 3" Selected="false" Referenced="true">
                <Name>Electrical</Name>
                <MetaData>
                  <Value AttributeID="ATT15738">2</Value>
                </MetaData>
              </Classification>
            </Classification>
            <Classification ID="W2_16004" UserTypeID="Web Level 2" Selected="false">
              <Name>Wrenches</Name>
              <AssetCrossReference AssetID="HT-nav_wrench_MenuIconSmall" Type="WebMenuImageSmall"/>
              <AssetCrossReference AssetID="HT-nav_wrench_MenuIcon" Type="WebCategoryImage"/>

              <MetaData>
                <Value AttributeID="ATT15738">19</Value>
              </MetaData>
              <Classification ID="W3_722365" UserTypeID="Web Level 3" Selected="false" Referenced="true">
                <Name>Adjustable</Name>
                <MetaData>
                  <Value AttributeID="ATT15738">1</Value>
                </MetaData>
              </Classification>
              <Classification ID="W3_722368" UserTypeID="Web Level 3" Selected="false">
                <Name>Ratcheting</Name>
                <MetaData>
                  <Value AttributeID="ATT15738">2</Value>
                </MetaData>
                <Classification ID="W4_722483" UserTypeID="Web Level 4" Selected="false" Referenced="true">
                  <Name>Combination</Name>
                  <MetaData>
                    <Value AttributeID="ATT15738">1</Value>
                  </MetaData>
                </Classification>
                <Classification ID="W4_722485" UserTypeID="Web Level 4" Selected="false" Referenced="true">
                  <Name>Double Box</Name>
                  <MetaData>
                    <Value AttributeID="ATT15738">2</Value>
                  </MetaData>
                </Classification>
                <Classification ID="W4_722484" UserTypeID="Web Level 4" Selected="false" Referenced="true">
                  <Name>QuadBox™</Name>
                  <MetaData>
                    <Value AttributeID="ATT15738">3</Value>
                  </MetaData>
                </Classification>
                <Classification ID="W4_722486" UserTypeID="Web Level 4" Selected="false" Referenced="true">
                  <Name>Laminated</Name>
                  <MetaData>
                    <Value AttributeID="ATT15738">4</Value>
                  </MetaData>
                </Classification>
                <Classification ID="W4_722488" UserTypeID="Web Level 4" Selected="false" Referenced="true">
                  <Name>Crowfoot &amp; Flare Nut</Name>
                  <MetaData>
                    <Value AttributeID="ATT15738">5</Value>
                  </MetaData>
                </Classification>
                <Classification ID="W4_722487" UserTypeID="Web Level 4" Selected="false" Referenced="true">
                  <Name>Accessories</Name>
                  <MetaData>
                    <Value AttributeID="ATT15738">6</Value>
                  </MetaData>
                </Classification>
              </Classification>
              <Classification ID="W3_722369" UserTypeID="Web Level 3" Selected="false">
                <Name>Non-Ratcheting</Name>
                <MetaData>
                  <Value AttributeID="ATT15738">3</Value>
                </MetaData>
                <Classification ID="W4_722480" UserTypeID="Web Level 4" Selected="false" Referenced="true">
                  <Name>Combination</Name>
                  <MetaData>
                    <Value AttributeID="ATT15738">1</Value>
                  </MetaData>
                </Classification>
                <Classification ID="W4_722481" UserTypeID="Web Level 4" Selected="false" Referenced="true">
                  <Name>Industrial</Name>
                  <MetaData>
                    <Value AttributeID="ATT15738">2</Value>
                  </MetaData>
                </Classification>
                <Classification ID="W4_722489" UserTypeID="Web Level 4" Selected="false" Referenced="true">
                  <Name>Crowfoot &amp; Flare Nut</Name>
                  <MetaData>
                    <Value AttributeID="ATT15738">4</Value>
                  </MetaData>
                </Classification>
              </Classification>
            </Classification>
          </Classification>
          <Classification ID="W1_15990" UserTypeID="Web Level 1" Selected="false">
            <Name>Storage and Shop Equipment</Name>
            <MetaData>
              <Value AttributeID="ATT15738">2</Value>
            </MetaData>
            <Classification ID="W2_22459" UserTypeID="Web Level 2" Selected="false">
              <Name>Portable Tool Storage</Name>
              <AssetCrossReference AssetID="ST-nav-portable-MenuIconSmall" Type="WebMenuImageSmall"/>
              <AssetCrossReference AssetID="ST-nav_port_MenuIcon" Type="WebCategoryImage"/>

              <MetaData>
                <Value AttributeID="ATT15738">1</Value>
              </MetaData>
              <Classification ID="W3_722639" UserTypeID="Web Level 3" Selected="false" Referenced="true">
                <Name>Hand Boxes</Name>
                <MetaData>
                  <Value AttributeID="ATT15738">1</Value>
                </MetaData>
              </Classification>
              <Classification ID="W3_722637" UserTypeID="Web Level 3" Selected="false" Referenced="true">
                <Name>Bags</Name>
                <MetaData>
                  <Value AttributeID="ATT15738">2</Value>
                </MetaData>
              </Classification>
            </Classification>
            <Classification ID="W2_722651" UserTypeID="Web Level 2" Selected="false" Referenced="true">
              <Name>Shop Equipment</Name>
              <AssetCrossReference AssetID="ST-nav-shop-equip-MenuIconSmall" Type="WebMenuImageSmall"/>
              <AssetCrossReference AssetID="ST-nav_shop_MenuIcon" Type="WebCategoryImage"/>

              <MetaData>
                <Value AttributeID="ATT15738">2</Value>
              </MetaData>
            </Classification>
            <Classification ID="W2_22460" UserTypeID="Web Level 2" Selected="false">
              <Name>Storage Accessories</Name>
              <AssetCrossReference AssetID="ST-nav-access-MenuIconSmall" Type="WebMenuImageSmall"/>
              <AssetCrossReference AssetID="ST-nav_acc_MenuIcon" Type="WebCategoryImage"/>

              <MetaData>
                <Value AttributeID="ATT15738">3</Value>
              </MetaData>
              <Classification ID="W3_722641" UserTypeID="Web Level 3" Selected="false" Referenced="true">
                <Name>Rails &amp; Clips</Name>
                <MetaData>
                  <Value AttributeID="ATT15738">1</Value>
                </MetaData>
              </Classification>
              <Classification ID="W3_722640" UserTypeID="Web Level 3" Selected="false" Referenced="true">
                <Name>Trays &amp; Foam</Name>
                <MetaData>
                  <Value AttributeID="ATT15738">2</Value>
                </MetaData>
              </Classification>
            </Classification>
            <Classification ID="W2_725343" UserTypeID="Web Level 2" Selected="false" Referenced="true">
              <Name>Large Storage Available Soon</Name>
              <AssetCrossReference AssetID="ST-nav-shop-MenuIconSmall" Type="WebMenuImageSmall"/>
              <AssetCrossReference AssetID="ST-nav_cab_MenuIcon2" Type="WebCategoryImage"/>

              <MetaData>
                <Value AttributeID="ATT15738">4</Value>
              </MetaData>
            </Classification>
          </Classification>
        </Classification>
      </Classification>
      <Classification ID="Catalog Root" UserTypeID="Catalog Root" Selected="false">
        <Name>Catalog Root (InDesign)</Name>
        <Classification ID="CBU_5958" UserTypeID="Catalog Business Unit" Selected="false">
          <Name>North America Hand Tools</Name>
          <Classification ID="CG_8127" UserTypeID="Catalog" Selected="false">
            <Name>North America Hand Tools Industrial</Name>
            <Classification ID="CS_8180" UserTypeID="Catalog Section" Selected="false" Referenced="true">
              <Name>Master Sets</Name>
            </Classification>
            <Classification ID="CS_8188" UserTypeID="Catalog Section" Selected="false" Referenced="true">
              <Name>Tool Storage</Name>
            </Classification>
            <Classification ID="CS_8184" UserTypeID="Catalog Section" Selected="false">
              <Name>Ratchets, Sockets, and Drive Tools</Name>
              <Classification ID="CS_8193" UserTypeID="Catalog Section" Selected="false" Referenced="true">
                <Name>Multi-Drive</Name>
              </Classification>
              <Classification ID="CS_8194" UserTypeID="Catalog Section" Selected="false" Referenced="true">
                <Name>1/4&quot; Drive</Name>
              </Classification>
              <Classification ID="CS_8195" UserTypeID="Catalog Section" Selected="false" Referenced="true">
                <Name>3/8&quot; Drive</Name>
              </Classification>
              <Classification ID="CS_8196" UserTypeID="Catalog Section" Selected="false" Referenced="true">
                <Name>1/2&quot; Drive</Name>
              </Classification>
              <Classification ID="CS_8197" UserTypeID="Catalog Section" Selected="false" Referenced="true">
                <Name>3/4&quot; Drive</Name>
              </Classification>
              <Classification ID="CS_8198" UserTypeID="Catalog Section" Selected="false" Referenced="true">
                <Name>1&quot; Drive</Name>
              </Classification>
              <Classification ID="CS_9100" UserTypeID="Catalog Section" Selected="false" Referenced="true">
                <Name>XL Pass-Thru™</Name>
              </Classification>
            </Classification>
            <Classification ID="CS_8178" UserTypeID="Catalog Section" Selected="false">
              <Name>Impact</Name>
              <Classification ID="CS_8452" UserTypeID="Catalog Section" Selected="false" Referenced="true">
                <Name>1/4&quot; Drive</Name>
              </Classification>
              <Classification ID="CS_8567" UserTypeID="Catalog Section" Selected="false" Referenced="true">
                <Name>3/8&quot; Drive</Name>
              </Classification>
              <Classification ID="CS_8568" UserTypeID="Catalog Section" Selected="false" Referenced="true">
                <Name>1/2&quot; Drive</Name>
              </Classification>
              <Classification ID="CS_8569" UserTypeID="Catalog Section" Selected="false" Referenced="true">
                <Name>3/4&quot; Drive</Name>
              </Classification>
              <Classification ID="CS_8570" UserTypeID="Catalog Section" Selected="false" Referenced="true">
                <Name>1&quot; Drive</Name>
              </Classification>
            </Classification>
            <Classification ID="CS_8191" UserTypeID="Catalog Section" Selected="false">
              <Name>Wrenches</Name>
              <Classification ID="CS_8424" UserTypeID="Catalog Section" Selected="false" Referenced="true">
                <Name>Ratcheting</Name>
              </Classification>
              <Classification ID="CS_8427" UserTypeID="Catalog Section" Selected="false" Referenced="true">
                <Name>Non-Ratcheting</Name>
              </Classification>
              <Classification ID="CS_8426" UserTypeID="Catalog Section" Selected="false" Referenced="true">
                <Name>Specialty</Name>
              </Classification>
            </Classification>
            <Classification ID="CS_8189" UserTypeID="Catalog Section" Selected="false" Referenced="true">
              <Name>Torque Products</Name>
            </Classification>
            <Classification ID="CS_8185" UserTypeID="Catalog Section" Selected="false" Referenced="true">
              <Name>Screwdrivers and Nutdrivers</Name>
            </Classification>
            <Classification ID="CS_8182" UserTypeID="Catalog Section" Selected="false" Referenced="true">
              <Name>Pliers</Name>
            </Classification>
            <Classification ID="CS_8175" UserTypeID="Catalog Section" Selected="false">
              <Name>Cutting and Threading</Name>
              <Classification ID="CS_10867" UserTypeID="Catalog Section" Selected="false" Referenced="true">
                <Name>Utility Knives</Name>
              </Classification>
              <Classification ID="CS_10877" UserTypeID="Catalog Section" Selected="false" Referenced="true">
                <Name>Ratcheting Taps and Dies</Name>
              </Classification>
              <Classification ID="CS_10878" UserTypeID="Catalog Section" Selected="false" Referenced="true">
                <Name>Screw Extractors</Name>
              </Classification>
            </Classification>
            <Classification ID="CS_8177" UserTypeID="Catalog Section" Selected="false">
              <Name>Files</Name>
              <Classification ID="CS_8921" UserTypeID="Catalog Section" Selected="false" Referenced="true">
                <Name>File Sets, Packs &amp; Assortments</Name>
              </Classification>
              <Classification ID="CS_8926" UserTypeID="Catalog Section" Selected="false" Referenced="true">
                <Name>GearWrench</Name>
              </Classification>
            </Classification>
            <Classification ID="CS_8186" UserTypeID="Catalog Section" Selected="false">
              <Name>Striking and Struck</Name>
              <Classification ID="CS_8572" UserTypeID="Catalog Section" Selected="false" Referenced="true">
                <Name>Hammers</Name>
              </Classification>
              <Classification ID="CS_8573" UserTypeID="Catalog Section" Selected="false" Referenced="true">
                <Name>Punches and Chisels</Name>
              </Classification>
            </Classification>
            <Classification ID="CS_8183" UserTypeID="Catalog Section" Selected="false" Referenced="true">
              <Name>Pry Bars and Demolition</Name>
            </Classification>
            <Classification ID="CS_8199" UserTypeID="Catalog Section" Selected="false">
              <Name>Clamping and Pulling</Name>
              <Classification ID="CS_11057" UserTypeID="Catalog Section" Selected="false" Referenced="true">
                <Name>Pullers</Name>
              </Classification>
            </Classification>
            <Classification ID="CS_8172" UserTypeID="Catalog Section" Selected="false">
              <Name>Automotive Specialty</Name>
              <Classification ID="CS_10983" UserTypeID="Catalog Section" Selected="false" Referenced="true">
                <Name>Engine Tools</Name>
              </Classification>
              <Classification ID="CS_10982" UserTypeID="Catalog Section" Selected="false" Referenced="true">
                <Name>Battery, Ignition, Electrical</Name>
              </Classification>
              <Classification ID="CS_10981" UserTypeID="Catalog Section" Selected="false" Referenced="true">
                <Name>Body Tools</Name>
              </Classification>
              <Classification ID="CS_10984" UserTypeID="Catalog Section" Selected="false" Referenced="true">
                <Name>Brake and Wheel</Name>
              </Classification>
              <Classification ID="CS_10988" UserTypeID="Catalog Section" Selected="false" Referenced="true">
                <Name>Oil Filter Wrenches</Name>
              </Classification>
              <Classification ID="CS_10985" UserTypeID="Catalog Section" Selected="false" Referenced="true">
                <Name>Steering, Suspension, Drive Train</Name>
              </Classification>
              <Classification ID="CS_10986" UserTypeID="Catalog Section" Selected="false" Referenced="true">
                <Name>Snap Rings</Name>
              </Classification>
              <Classification ID="CS_11141" UserTypeID="Catalog Section" Selected="false" Referenced="true">
                <Name>General Purpose</Name>
              </Classification>
              <Classification ID="CS_742562" UserTypeID="Catalog Section" Selected="false" Referenced="true">
                <Name>Feeler Gauges</Name>
              </Classification>
            </Classification>
            <Classification ID="CS_728254" UserTypeID="Catalog Section" Selected="false" Referenced="true">
              <Name>Shop Equipment</Name>
            </Classification>
            <Classification ID="CS_783468" UserTypeID="Catalog Section" Selected="false">
              <Name>Tethered Products</Name>
              <Classification ID="CS_783469" UserTypeID="Catalog Section" Selected="false" Referenced="true">
                <Name>Lanyards and Wristbands</Name>
              </Classification>
              <Classification ID="CS_783470" UserTypeID="Catalog Section" Selected="false" Referenced="true">
                <Name>Attachment Points</Name>
              </Classification>
              <Classification ID="CS_783471" UserTypeID="Catalog Section" Selected="false" Referenced="true">
                <Name>Sets</Name>
              </Classification>
              <Classification ID="CS_787052" UserTypeID="Catalog Section" Selected="false" Referenced="true">
                <Name>Tether Ready Tools</Name>
              </Classification>
            </Classification>
            <Classification ID="CS_785252" UserTypeID="Catalog Section" Selected="false" Referenced="true">
              <Name>Extraction Tools</Name>
            </Classification>
          </Classification>
          <Classification ID="CG_19847" UserTypeID="Catalog" Selected="false">
            <Name>GEARWRENCH Catalog 2021</Name>
            <Classification ID="CS_19905" UserTypeID="Catalog Section" Selected="false">
              <Name>Ratchets, Sockets, and Drive Tools</Name>
              <Classification ID="CS_19906" UserTypeID="Catalog Section" Selected="false" Referenced="true">
                <Name>Multi-Drive</Name>
              </Classification>
              <Classification ID="CS_19907" UserTypeID="Catalog Section" Selected="false" Referenced="true">
                <Name>1/4&quot; Drive</Name>
              </Classification>
              <Classification ID="CS_19908" UserTypeID="Catalog Section" Selected="false" Referenced="true">
                <Name>3/8&quot; Drive</Name>
              </Classification>
              <Classification ID="CS_19912" UserTypeID="Catalog Section" Selected="false" Referenced="true">
                <Name>1/2&quot; Drive</Name>
              </Classification>
              <Classification ID="CS_661992" UserTypeID="Catalog Section" Selected="false" Referenced="true">
                <Name>3/4&quot; Drive</Name>
              </Classification>
              <Classification ID="CS_712436" UserTypeID="Catalog Section" Selected="false" Referenced="true">
                <Name>1&quot; Drive</Name>
              </Classification>
              <Classification ID="CS_661993" UserTypeID="Catalog Section" Selected="false" Referenced="true">
                <Name>Pass-Thru™</Name>
              </Classification>
            </Classification>
            <Classification ID="CS_659370" UserTypeID="Catalog Section" Selected="false">
              <Name>Wrenches</Name>
              <Classification ID="CS_661994" UserTypeID="Catalog Section" Selected="false" Referenced="true">
                <Name>Ratcheting</Name>
              </Classification>
              <Classification ID="CS_661995" UserTypeID="Catalog Section" Selected="false" Referenced="true">
                <Name>Non-Ratcheting</Name>
              </Classification>
              <Classification ID="CS_661996" UserTypeID="Catalog Section" Selected="false" Referenced="true">
                <Name>Specialty</Name>
              </Classification>
            </Classification>
            <Classification ID="CS_660580" UserTypeID="Catalog Section" Selected="false">
              <Name>Impact</Name>
              <Classification ID="CS_660581" UserTypeID="Catalog Section" Selected="false" Referenced="true">
                <Name>1/4&quot; Drive</Name>
              </Classification>
              <Classification ID="CS_660582" UserTypeID="Catalog Section" Selected="false" Referenced="true">
                <Name>3/8&quot; Drive</Name>
              </Classification>
              <Classification ID="CS_660583" UserTypeID="Catalog Section" Selected="false" Referenced="true">
                <Name>1/2&quot; Drive</Name>
              </Classification>
              <Classification ID="CS_660584" UserTypeID="Catalog Section" Selected="false" Referenced="true">
                <Name>3/4&quot; Drive</Name>
              </Classification>
              <Classification ID="CS_712443" UserTypeID="Catalog Section" Selected="false" Referenced="true">
                <Name>1&quot; Drive</Name>
              </Classification>
              <Classification ID="CS_796185" UserTypeID="Catalog Section" Selected="false" Referenced="true">
                <Name>X-Core™</Name>
              </Classification>
            </Classification>
            <Classification ID="CS_785250" UserTypeID="Catalog Section" Selected="false" Referenced="true">
              <Name>Extraction Tools</Name>
            </Classification>
            <Classification ID="CS_659371" UserTypeID="Catalog Section" Selected="false">
              <Name>Torque Products</Name>
              <Classification ID="CS_741374" UserTypeID="Catalog Section" Selected="false" Referenced="true">
                <Name>Micrometer</Name>
              </Classification>
              <Classification ID="CS_741375" UserTypeID="Catalog Section" Selected="false" Referenced="true">
                <Name>Electronic</Name>
              </Classification>
              <Classification ID="CS_787583" UserTypeID="Catalog Section" Selected="false" Referenced="true">
                <Name>Interchangeable Head</Name>
              </Classification>
              <Classification ID="CS_741376" UserTypeID="Catalog Section" Selected="false" Referenced="true">
                <Name>Beam</Name>
              </Classification>
              <Classification ID="CS_787582" UserTypeID="Catalog Section" Selected="false" Referenced="true">
                <Name>Screwdrivers</Name>
              </Classification>
              <Classification ID="CS_741377" UserTypeID="Catalog Section" Selected="false" Referenced="true">
                <Name>Mulitpliers</Name>
              </Classification>
              <Classification ID="CS_789975" UserTypeID="Catalog Section" Selected="false" Referenced="true">
                <Name>Testers</Name>
              </Classification>
            </Classification>
            <Classification ID="CS_19909" UserTypeID="Catalog Section" Selected="false" Referenced="true">
              <Name>Screwdrivers and Nutdrivers</Name>
            </Classification>
            <Classification ID="CS_19901" UserTypeID="Catalog Section" Selected="false" Referenced="true">
              <Name>Pliers</Name>
            </Classification>
            <Classification ID="CS_659373" UserTypeID="Catalog Section" Selected="false">
              <Name>Cutting and Filing</Name>
              <Classification ID="CS_659705" UserTypeID="Catalog Section" Selected="false" Referenced="true">
                <Name>Ratcheting Taps and Dies</Name>
              </Classification>
              <Classification ID="CS_659707" UserTypeID="Catalog Section" Selected="false" Referenced="true">
                <Name>Files</Name>
              </Classification>
              <Classification ID="CS_659706" UserTypeID="Catalog Section" Selected="false" Referenced="true">
                <Name>Screw Extractors</Name>
              </Classification>
              <Classification ID="CS_736447" UserTypeID="Catalog Section" Selected="false" Referenced="true">
                <Name>Other Cutting</Name>
              </Classification>
            </Classification>
            <Classification ID="CS_659374" UserTypeID="Catalog Section" Selected="false">
              <Name>Striking and Struck</Name>
              <Classification ID="CS_659708" UserTypeID="Catalog Section" Selected="false" Referenced="true">
                <Name>Hammers</Name>
              </Classification>
              <Classification ID="CS_659709" UserTypeID="Catalog Section" Selected="false" Referenced="true">
                <Name>Punches and Chisels</Name>
              </Classification>
            </Classification>
            <Classification ID="CS_659710" UserTypeID="Catalog Section" Selected="false" Referenced="true">
              <Name>Pry Bars</Name>
            </Classification>
            <Classification ID="CS_728252" UserTypeID="Catalog Section" Selected="false" Referenced="true">
              <Name>Lighting</Name>
            </Classification>
            <Classification ID="CS_19899" UserTypeID="Catalog Section" Selected="false">
              <Name>Automotive Specialty</Name>
              <Classification ID="CS_659712" UserTypeID="Catalog Section" Selected="false" Referenced="true">
                <Name>Engine Tools</Name>
              </Classification>
              <Classification ID="CS_659729" UserTypeID="Catalog Section" Selected="false" Referenced="true">
                <Name>Battery, Ignition, Electrical</Name>
              </Classification>
              <Classification ID="CS_659730" UserTypeID="Catalog Section" Selected="false" Referenced="true">
                <Name>Body Tools</Name>
              </Classification>
              <Classification ID="CS_659731" UserTypeID="Catalog Section" Selected="false" Referenced="true">
                <Name>Brake and Wheel</Name>
              </Classification>
              <Classification ID="CS_659732" UserTypeID="Catalog Section" Selected="false" Referenced="true">
                <Name>Oil Filter Wrenches</Name>
              </Classification>
              <Classification ID="CS_659733" UserTypeID="Catalog Section" Selected="false" Referenced="true">
                <Name>Steering, Suspension, Drive Train</Name>
              </Classification>
              <Classification ID="CS_660032" UserTypeID="Catalog Section" Selected="false" Referenced="true">
                <Name>Feeler Gauges</Name>
              </Classification>
              <Classification ID="CS_19904" UserTypeID="Catalog Section" Selected="false" Referenced="true">
                <Name>Inspection Tools</Name>
              </Classification>
              <Classification ID="CS_660036" UserTypeID="Catalog Section" Selected="false" Referenced="true">
                <Name>Pullers</Name>
              </Classification>
              <Classification ID="CS_728253" UserTypeID="Catalog Section" Selected="false" Referenced="true">
                <Name>Shop Assist Equipment</Name>
              </Classification>
            </Classification>
            <Classification ID="CS_781016" UserTypeID="Catalog Section" Selected="false">
              <Name>Tethered Products</Name>
              <Classification ID="CS_783457" UserTypeID="Catalog Section" Selected="false" Referenced="true">
                <Name>Lanyards and Wristbands</Name>
              </Classification>
              <Classification ID="CS_783459" UserTypeID="Catalog Section" Selected="false" Referenced="true">
                <Name>Attachment Points</Name>
              </Classification>
              <Classification ID="CS_783460" UserTypeID="Catalog Section" Selected="false" Referenced="true">
                <Name>Sets</Name>
              </Classification>
              <Classification ID="CS_787051" UserTypeID="Catalog Section" Selected="false" Referenced="true">
                <Name>Tether Ready Tools</Name>
              </Classification>
            </Classification>
            <Classification ID="CS_659369" UserTypeID="Catalog Section" Selected="false">
              <Name>Tool Storage</Name>
              <Classification ID="CS_787569" UserTypeID="Catalog Section" Selected="false" Referenced="true">
                <Name>GSX Series</Name>
              </Classification>
              <Classification ID="CS_659392" UserTypeID="Catalog Section" Selected="false" Referenced="true">
                <Name>Portable</Name>
              </Classification>
              <Classification ID="CS_659393" UserTypeID="Catalog Section" Selected="false" Referenced="true">
                <Name>Accessories</Name>
              </Classification>
            </Classification>
            <Classification ID="CS_659368" UserTypeID="Catalog Section" Selected="false" Referenced="true">
              <Name>Master Sets</Name>
            </Classification>
          </Classification>
          <Classification ID="CG_22756" UserTypeID="Catalog" Selected="false">
            <Name>North America Hand Tools Hardware</Name>
            <Classification ID="CS_22780" UserTypeID="Catalog Section" Selected="false">
              <Name>GearWrench</Name>
              <Classification ID="CS_22781" UserTypeID="Catalog Section" Selected="false" Referenced="true">
                <Name>Ratcheting Wrenches/Sets</Name>
              </Classification>
            </Classification>
          </Classification>
          <Classification ID="CG_23130" UserTypeID="Catalog" Selected="false">
            <Name>Delta Airlines Catalog</Name>
            <Classification ID="CS_23131" UserTypeID="Catalog Section" Selected="false" Referenced="true">
              <Name>Sockets &amp; Drive Tools</Name>
            </Classification>
            <Classification ID="CS_23132" UserTypeID="Catalog Section" Selected="false" Referenced="true">
              <Name>Screwdrivers</Name>
            </Classification>
            <Classification ID="CS_23133" UserTypeID="Catalog Section" Selected="false" Referenced="true">
              <Name>Pliers</Name>
            </Classification>
            <Classification ID="CS_23134" UserTypeID="Catalog Section" Selected="false" Referenced="true">
              <Name>Wrenches</Name>
            </Classification>
          </Classification>
          <Classification ID="CG_670404" UserTypeID="Catalog" Selected="false">
            <Name>Aviation Industry Supplement</Name>
            <Classification ID="CS_670406" UserTypeID="Catalog Section" Selected="false" Referenced="true">
              <Name>Multidrive Sets-Accessories</Name>
            </Classification>
            <Classification ID="CS_670475" UserTypeID="Catalog Section" Selected="false" Referenced="true">
              <Name>Ratchets &amp; Sockets</Name>
            </Classification>
            <Classification ID="CS_670706" UserTypeID="Catalog Section" Selected="false" Referenced="true">
              <Name>Wrenches</Name>
            </Classification>
            <Classification ID="CS_671049" UserTypeID="Catalog Section" Selected="false" Referenced="true">
              <Name>Pliers</Name>
            </Classification>
            <Classification ID="CS_671129" UserTypeID="Catalog Section" Selected="false" Referenced="true">
              <Name>Specialty</Name>
            </Classification>
            <Classification ID="CS_671135" UserTypeID="Catalog Section" Selected="false" Referenced="true">
              <Name>Screwdrivers</Name>
            </Classification>
            <Classification ID="CS_671137" UserTypeID="Catalog Section" Selected="false" Referenced="true">
              <Name>Striking-Struck</Name>
            </Classification>
          </Classification>
          <Classification ID="CG_673199" UserTypeID="Catalog" Selected="false">
            <Name>GearWrench Advance Auto</Name>
            <Classification ID="CS_676648" UserTypeID="Catalog Section" Selected="false" Referenced="true">
              <Name>Joes Additions</Name>
            </Classification>
            <Classification ID="CS_673447" UserTypeID="Catalog Section" Selected="false">
              <Name>GearWrench</Name>
              <Classification ID="CS_675524" UserTypeID="Catalog Section" Selected="false" Referenced="true">
                <Name>Storage</Name>
              </Classification>
              <Classification ID="CS_673448" UserTypeID="Catalog Section" Selected="false" Referenced="true">
                <Name>Accessories</Name>
              </Classification>
              <Classification ID="CS_673450" UserTypeID="Catalog Section" Selected="false" Referenced="true">
                <Name>Chisel</Name>
              </Classification>
              <Classification ID="CS_673451" UserTypeID="Catalog Section" Selected="false" Referenced="true">
                <Name>Drive Tool</Name>
              </Classification>
              <Classification ID="CS_673452" UserTypeID="Catalog Section" Selected="false" Referenced="true">
                <Name>File</Name>
              </Classification>
              <Classification ID="CS_673453" UserTypeID="Catalog Section" Selected="false" Referenced="true">
                <Name>Hammer</Name>
              </Classification>
              <Classification ID="CS_673454" UserTypeID="Catalog Section" Selected="false">
                <Name>Impact Sockets</Name>
                <Classification ID="CS_673455" UserTypeID="Catalog Section" Selected="false" Referenced="true">
                  <Name>1/4&quot; Drive</Name>
                </Classification>
                <Classification ID="CS_673457" UserTypeID="Catalog Section" Selected="false" Referenced="true">
                  <Name>3/8&quot; Drive</Name>
                </Classification>
                <Classification ID="CS_673460" UserTypeID="Catalog Section" Selected="false" Referenced="true">
                  <Name>1/2&quot; Drive</Name>
                </Classification>
                <Classification ID="CS_673461" UserTypeID="Catalog Section" Selected="false" Referenced="true">
                  <Name>3/4&quot; Drive</Name>
                </Classification>
              </Classification>
              <Classification ID="CS_673462" UserTypeID="Catalog Section" Selected="false" Referenced="true">
                <Name>Nut Driver</Name>
              </Classification>
              <Classification ID="CS_673463" UserTypeID="Catalog Section" Selected="false" Referenced="true">
                <Name>Plier</Name>
              </Classification>
              <Classification ID="CS_673464" UserTypeID="Catalog Section" Selected="false" Referenced="true">
                <Name>Pry Bar</Name>
              </Classification>
              <Classification ID="CS_673465" UserTypeID="Catalog Section" Selected="false" Referenced="true">
                <Name>Punch</Name>
              </Classification>
              <Classification ID="CS_673466" UserTypeID="Catalog Section" Selected="false" Referenced="true">
                <Name>Ratchet</Name>
              </Classification>
              <Classification ID="CS_673482" UserTypeID="Catalog Section" Selected="false" Referenced="true">
                <Name>Screwdriver</Name>
              </Classification>
              <Classification ID="CS_673484" UserTypeID="Catalog Section" Selected="false" Referenced="true">
                <Name>Snip</Name>
              </Classification>
              <Classification ID="CS_673485" UserTypeID="Catalog Section" Selected="false">
                <Name>Socket</Name>
                <Classification ID="CS_673486" UserTypeID="Catalog Section" Selected="false" Referenced="true">
                  <Name>Multi-Drive</Name>
                </Classification>
                <Classification ID="CS_673515" UserTypeID="Catalog Section" Selected="false" Referenced="true">
                  <Name>1/4&quot; Drive</Name>
                </Classification>
                <Classification ID="CS_674988" UserTypeID="Catalog Section" Selected="false" Referenced="true">
                  <Name>3/8&quot; Drive</Name>
                </Classification>
                <Classification ID="CS_675027" UserTypeID="Catalog Section" Selected="false" Referenced="true">
                  <Name>1/2&quot; Drive</Name>
                </Classification>
                <Classification ID="CS_675028" UserTypeID="Catalog Section" Selected="false" Referenced="true">
                  <Name>3/4&quot; Drive</Name>
                </Classification>
              </Classification>
              <Classification ID="CS_675029" UserTypeID="Catalog Section" Selected="false" Referenced="true">
                <Name>Specialty</Name>
              </Classification>
              <Classification ID="CS_675030" UserTypeID="Catalog Section" Selected="false" Referenced="true">
                <Name>Wrench</Name>
              </Classification>
            </Classification>
          </Classification>
        </Classification>
      </Classification>
      <Classification ID="Catalog Root Export" UserTypeID="Catalog Root (Export)" Selected="false">
        <Name>Catalog Root (Export)</Name>
        <Classification ID="CBUE_683041" UserTypeID="Catalog Business Unit (Export)" Selected="false">
          <Name>EMEA Hand Tools</Name>
          <Classification ID="CGE_683575" UserTypeID="Catalog Export" Selected="false" Referenced="true">
            <Name>GearWrench</Name>
          </Classification>
        </Classification>
        <Classification ID="CBUE_687332" UserTypeID="Catalog Business Unit (Export)" Selected="false">
          <Name>eCommerce Customer Requests</Name>
          <Classification ID="CGE_687333" UserTypeID="Catalog Export" Selected="false" Referenced="true">
            <Name>HD Supply</Name>
          </Classification>
          <Classification ID="CGE_687728" UserTypeID="Catalog Export" Selected="false">
            <Name>Grainger</Name>
            <Classification ID="CSE_687729" UserTypeID="Catalog Section Export" Selected="false" Referenced="true">
              <Name>Seth Downing Request 4000 Images</Name>
            </Classification>
          </Classification>
        </Classification>
      </Classification>
    </Classification>
  </Classifications>
</STEP-ProductInformation>
